#
# A fatal error has been detected by the Java Runtime Environment:
#
#  EXCEPTION_ACCESS_VIOLATION (0xc0000005) at pc=0x00000000717a6489, pid=28340, tid=0x0000000000002730
#
# JRE version: Java(TM) SE Runtime Environment (8.0_202-b08) (build 1.8.0_202-b08)
# Java VM: Java HotSpot(TM) 64-Bit Server VM (25.202-b08 mixed mode windows-amd64 compressed oops)
# Problematic frame:
# V  [jvm.dll+0x146489]
#
# Failed to write core dump. Minidumps are not enabled by default on client versions of Windows
#
# If you would like to submit a bug report, please visit:
#   http://bugreport.java.com/bugreport/crash.jsp
#

---------------  T H R E A D  ---------------

Current thread (0x000000001ddd6000):  JavaThread "Thread-5" [_thread_in_vm, id=10032, stack(0x0000000023320000,0x0000000023420000)]

siginfo: ExceptionCode=0xc0000005, reading address 0x0000000000000000

Registers:
RAX=0x0000000000000000, RBX=0x000000001ddd6000, RCX=0x0000000000000600, RDX=0x0000000000000000
RSP=0x000000002341efc0, RBP=0x000000002341f158, RSI=0x000000002341f1b0, RDI=0x0000000000000000
R8 =0x000000002341f1b0, R9 =0x0000000001010001, R10=0x0000000071e09eb0, R11=0x000000007188cf20
R12=0x0000000000000000, R13=0x0000000000000000, R14=0x000000002341f1b8, R15=0x000000001ddd6000
RIP=0x00000000717a6489, EFLAGS=0x0000000000010202

Top of Stack: (sp=0x000000002341efc0)
0x000000002341efc0:   000000002341f000 0000000000000000
0x000000002341efd0:   0000000000000000 00007ffb63211fc0
0x000000002341efe0:   0000000000000000 00007ffb6321200a
0x000000002341eff0:   000000001ddd61f8 0000000000000000
0x000000002341f000:   000000001ddd6000 000000001dcb24e0
0x000000002341f010:   0000000022bfbff0 000000002341f1b8
0x000000002341f020:   000000002241d4e0 000000007171c576
0x000000002341f030:   000000002341f7e8 000000001b9b7810
0x000000002341f040:   00000000000003d8 000000001b9b7820
0x000000002341f050:   000001b622bfbff0 000000001ddd6000
0x000000002341f060:   0000000022bfbff0 000000001ddd6000
0x000000002341f070:   000000001ddd6000 000000002341f1b8
0x000000002341f080:   0000000022bfbff0 0000000000000000
0x000000002341f090:   0000000000000000 0000000000200020
0x000000002341f0a0:   0000000022bfbff0 0000000002f38c67
0x000000002341f0b0:   000000002241d4e0 00000000717184ea 

Instructions: (pc=0x00000000717a6489)
0x00000000717a6469:   a9 00 00 00 30 74 08 48 8b cb e8 28 dd 0f 00 c7
0x00000000717a6479:   83 70 02 00 00 06 00 00 00 80 3d b8 04 6d 00 00
0x00000000717a6489:   48 8b 0f b8 10 00 00 00 ba 0c 00 00 00 0f 45 c2
0x00000000717a6499:   48 98 8b 3c 08 c7 83 70 02 00 00 07 00 00 00 83 


Register to memory mapping:

RAX=0x0000000000000000 is an unknown value
RBX=0x000000001ddd6000 is a thread
RCX=0x0000000000000600 is an unknown value
RDX=0x0000000000000000 is an unknown value
RSP=0x000000002341efc0 is pointing into the stack for thread: 0x000000001ddd6000
RBP=0x000000002341f158 is pointing into the stack for thread: 0x000000001ddd6000
RSI=0x000000002341f1b0 is pointing into the stack for thread: 0x000000001ddd6000
RDI=0x0000000000000000 is an unknown value
R8 =0x000000002341f1b0 is pointing into the stack for thread: 0x000000001ddd6000
R9 =0x0000000001010001 is an unknown value
R10=0x0000000071e09eb0 is an unknown value
R11=0x000000007188cf20 is an unknown value
R12=0x0000000000000000 is an unknown value
R13=0x0000000000000000 is an unknown value
R14=0x000000002341f1b8 is pointing into the stack for thread: 0x000000001ddd6000
R15=0x000000001ddd6000 is a thread


Stack: [0x0000000023320000,0x0000000023420000],  sp=0x000000002341efc0,  free space=1019k
Native frames: (J=compiled Java code, j=interpreted, Vv=VM code, C=native code)
V  [jvm.dll+0x146489]
C  [dpuareu_jni.dll+0x200a]
C  0x0000000002f38c67

Java frames: (J=compiled Java code, j=interpreted, Vv=VM code)
j  com.digitalpersona.uareu.jni.Dpfj.DpfjIdentify([BII[[BIILcom/digitalpersona/uareu/jni/Dpfj$IntReference;[Lcom/digitalpersona/uareu/Engine$Candidate;)I+0
j  com.digitalpersona.uareu.jni.Dpfj.identify(Lcom/digitalpersona/uareu/Fmd;I[Lcom/digitalpersona/uareu/Fmd;II)[Lcom/digitalpersona/uareu/Engine$Candidate;+148
j  com.digitalpersona.uareu.dpfj.EngineImpl.Identify(Lcom/digitalpersona/uareu/Fmd;I[Lcom/digitalpersona/uareu/Fmd;II)[Lcom/digitalpersona/uareu/Engine$Candidate;+11
j  Fingerprint.IdentificationThread.compareFmdToDatabaseFmds(Lcom/digitalpersona/uareu/Fmd;[Lcom/digitalpersona/uareu/Fmd;Ljava/util/ArrayList;)Z+162
j  Fingerprint.IdentificationThread.fmdIsAlreadyEnrolled(Lcom/digitalpersona/uareu/Fmd;Ljava/util/ArrayList;)Z+54
j  Fingerprint.EnrollmentThread.GetFmd(Lcom/digitalpersona/uareu/Fmd$Format;)Lcom/digitalpersona/uareu/Engine$PreEnrollmentFmd;+355
j  com.digitalpersona.uareu.dpfj.EngineImpl.CreateEnrollmentFmd(Lcom/digitalpersona/uareu/Fmd$Format;Lcom/digitalpersona/uareu/Engine$EnrollmentCallback;)Lcom/digitalpersona/uareu/Fmd;+82
j  Fingerprint.EnrollmentThread.startEnrollment()V+162
j  Fingerprint.EnrollmentThread.run()V+16
v  ~StubRoutines::call_stub

---------------  P R O C E S S  ---------------

Java Threads: ( => current thread )
  0x000000001ddd4800 JavaThread "Thread-7" [_thread_blocked, id=16884, stack(0x0000000023420000,0x0000000023520000)]
=>0x000000001ddd6000 JavaThread "Thread-5" [_thread_in_vm, id=10032, stack(0x0000000023320000,0x0000000023420000)]
  0x000000001d9bb800 JavaThread "TimerQueue" daemon [_thread_blocked, id=6952, stack(0x000000001f660000,0x000000001f760000)]
  0x000000001dc66800 JavaThread "mysql-cj-abandoned-connection-cleanup" daemon [_thread_blocked, id=7700, stack(0x000000001f160000,0x000000001f260000)]
  0x0000000002e1e800 JavaThread "DestroyJavaVM" [_thread_blocked, id=8508, stack(0x0000000002ce0000,0x0000000002de0000)]
  0x000000001bee8000 JavaThread "Thread-3" [_thread_blocked, id=26936, stack(0x000000001d890000,0x000000001d990000)]
  0x000000001bbac000 JavaThread "AWT-EventQueue-0" [_thread_blocked, id=30836, stack(0x000000001c660000,0x000000001c760000)]
  0x000000001b962800 JavaThread "AWT-Windows" daemon [_thread_in_native, id=27868, stack(0x000000001c170000,0x000000001c270000)]
  0x000000001b962000 JavaThread "AWT-Shutdown" [_thread_blocked, id=21380, stack(0x000000001c070000,0x000000001c170000)]
  0x000000001b961000 JavaThread "Java2D Disposer" daemon [_thread_blocked, id=3112, stack(0x000000001bf70000,0x000000001c070000)]
  0x0000000019827000 JavaThread "Service Thread" daemon [_thread_blocked, id=21576, stack(0x000000001b410000,0x000000001b510000)]
  0x000000001979f000 JavaThread "C1 CompilerThread3" daemon [_thread_blocked, id=27500, stack(0x000000001b310000,0x000000001b410000)]
  0x000000001979e000 JavaThread "C2 CompilerThread2" daemon [_thread_blocked, id=18360, stack(0x000000001b210000,0x000000001b310000)]
  0x000000001979d800 JavaThread "C2 CompilerThread1" daemon [_thread_blocked, id=30616, stack(0x000000001b110000,0x000000001b210000)]
  0x0000000019799800 JavaThread "C2 CompilerThread0" daemon [_thread_blocked, id=29900, stack(0x000000001b010000,0x000000001b110000)]
  0x0000000019795000 JavaThread "Attach Listener" daemon [_thread_blocked, id=10540, stack(0x000000001af10000,0x000000001b010000)]
  0x0000000019794000 JavaThread "Signal Dispatcher" daemon [_thread_blocked, id=23908, stack(0x000000001ae10000,0x000000001af10000)]
  0x0000000017f62000 JavaThread "Finalizer" daemon [_thread_blocked, id=20664, stack(0x000000001ac00000,0x000000001ad00000)]
  0x0000000019783800 JavaThread "Reference Handler" daemon [_thread_blocked, id=6160, stack(0x000000001ab00000,0x000000001ac00000)]

Other Threads:
  0x0000000019761800 VMThread [stack: 0x000000001aa00000,0x000000001ab00000] [id=10124]
  0x000000001983e000 WatcherThread [stack: 0x000000001b510000,0x000000001b610000] [id=1868]

VM state:not at safepoint (normal execution)

VM Mutex/Monitor currently owned by a thread: None

heap address: 0x0000000085800000, size: 1960 MB, Compressed Oops mode: 32-bit
Narrow klass base: 0x0000000000000000, Narrow klass shift: 3
Compressed class space size: 1073741824 Address: 0x0000000100000000

Heap:
 PSYoungGen      total 52224K, used 18640K [0x00000000d7300000, 0x00000000e1180000, 0x0000000100000000)
  eden space 47104K, 28% used [0x00000000d7300000,0x00000000d8039de8,0x00000000da100000)
  from space 5120K, 99% used [0x00000000da100000,0x00000000da5fa4e8,0x00000000da600000)
  to   space 49664K, 0% used [0x00000000de100000,0x00000000de100000,0x00000000e1180000)
 ParOldGen       total 104960K, used 43415K [0x0000000085800000, 0x000000008be80000, 0x00000000d7300000)
  object space 104960K, 41% used [0x0000000085800000,0x0000000088265f00,0x000000008be80000)
 Metaspace       used 27789K, capacity 28734K, committed 28928K, reserved 1075200K
  class space    used 3499K, capacity 3754K, committed 3840K, reserved 1048576K

Card table byte_map: [0x00000000122e0000,0x00000000126c0000] byte_map_base: 0x0000000011eb4000

Marking Bits: (ParMarkBitMap*) 0x0000000071e85ce0
 Begin Bits: [0x0000000013450000, 0x00000000152f0000)
 End Bits:   [0x00000000152f0000, 0x0000000017190000)

Polling page: 0x0000000001380000

CodeCache: size=245760Kb used=11931Kb max_used=11945Kb free=233828Kb
 bounds [0x0000000002f20000, 0x0000000003ae0000, 0x0000000011f20000]
 total_blobs=4340 nmethods=3663 adapters=587
 compilation: enabled

Compilation events (10 events):
Event: 21.204 Thread 0x000000001979f000 4003       3       sun.util.locale.LocaleObjectCache::get (126 bytes)
Event: 21.204 Thread 0x000000001979f000 nmethod 4003 0x0000000003ace6d0 code [0x0000000003ace960, 0x0000000003acfe48]
Event: 21.204 Thread 0x000000001979f000 4004       3       sun.util.locale.LocaleObjectCache::cleanStaleEntries (33 bytes)
Event: 21.205 Thread 0x000000001979f000 nmethod 4004 0x0000000003ac9a90 code [0x0000000003ac9c40, 0x0000000003aca338]
Event: 21.206 Thread 0x000000001979f000 4005  s    3       sun.font.T2KFontScaler::getGlyphMetrics (45 bytes)
Event: 21.206 Thread 0x000000001979f000 nmethod 4005 0x0000000003ad05d0 code [0x0000000003ad0780, 0x0000000003ad1048]
Event: 24.419 Thread 0x000000001979d800 4007       4       java.lang.ClassLoader::checkName (43 bytes)
Event: 24.420 Thread 0x000000001979d800 nmethod 4007 0x0000000003ac9190 code [0x0000000003ac92e0, 0x0000000003ac94f8]
Event: 24.431 Thread 0x000000001979f000 4008       3       com.mysql.cj.util.StringInspector::getChar (25 bytes)
Event: 24.432 Thread 0x000000001979f000 nmethod 4008 0x00000000030bdcd0 code [0x00000000030bde60, 0x00000000030be208]

GC Heap History (10 events):
Event: 2.325 GC heap before
{Heap before GC invocations=2 (full 0):
 PSYoungGen      total 36864K, used 36838K [0x00000000d7300000, 0x00000000d9c00000, 0x0000000100000000)
  eden space 31744K, 100% used [0x00000000d7300000,0x00000000d9200000,0x00000000d9200000)
  from space 5120K, 99% used [0x00000000d9200000,0x00000000d96f9820,0x00000000d9700000)
  to   space 5120K, 0% used [0x00000000d9700000,0x00000000d9700000,0x00000000d9c00000)
 ParOldGen       total 84992K, used 15994K [0x0000000085800000, 0x000000008ab00000, 0x00000000d7300000)
  object space 84992K, 18% used [0x0000000085800000,0x000000008679e8b0,0x000000008ab00000)
 Metaspace       used 20547K, capacity 21132K, committed 21248K, reserved 1067008K
  class space    used 2567K, capacity 2737K, committed 2816K, reserved 1048576K
Event: 2.348 GC heap after
Heap after GC invocations=2 (full 0):
 PSYoungGen      total 36864K, used 5102K [0x00000000d7300000, 0x00000000dbb00000, 0x0000000100000000)
  eden space 31744K, 0% used [0x00000000d7300000,0x00000000d7300000,0x00000000d9200000)
  from space 5120K, 99% used [0x00000000d9700000,0x00000000d9bfb8b8,0x00000000d9c00000)
  to   space 5120K, 0% used [0x00000000d9200000,0x00000000d9200000,0x00000000d9700000)
 ParOldGen       total 84992K, used 51649K [0x0000000085800000, 0x000000008ab00000, 0x00000000d7300000)
  object space 84992K, 60% used [0x0000000085800000,0x0000000088a707c0,0x000000008ab00000)
 Metaspace       used 20547K, capacity 21132K, committed 21248K, reserved 1067008K
  class space    used 2567K, capacity 2737K, committed 2816K, reserved 1048576K
}
Event: 2.348 GC heap before
{Heap before GC invocations=3 (full 1):
 PSYoungGen      total 36864K, used 5102K [0x00000000d7300000, 0x00000000dbb00000, 0x0000000100000000)
  eden space 31744K, 0% used [0x00000000d7300000,0x00000000d7300000,0x00000000d9200000)
  from space 5120K, 99% used [0x00000000d9700000,0x00000000d9bfb8b8,0x00000000d9c00000)
  to   space 5120K, 0% used [0x00000000d9200000,0x00000000d9200000,0x00000000d9700000)
 ParOldGen       total 84992K, used 51649K [0x0000000085800000, 0x000000008ab00000, 0x00000000d7300000)
  object space 84992K, 60% used [0x0000000085800000,0x0000000088a707c0,0x000000008ab00000)
 Metaspace       used 20547K, capacity 21132K, committed 21248K, reserved 1067008K
  class space    used 2567K, capacity 2737K, committed 2816K, reserved 1048576K
Event: 2.369 GC heap after
Heap after GC invocations=3 (full 1):
 PSYoungGen      total 36864K, used 0K [0x00000000d7300000, 0x00000000dbb00000, 0x0000000100000000)
  eden space 31744K, 0% used [0x00000000d7300000,0x00000000d7300000,0x00000000d9200000)
  from space 5120K, 0% used [0x00000000d9700000,0x00000000d9700000,0x00000000d9c00000)
  to   space 5120K, 0% used [0x00000000d9200000,0x00000000d9200000,0x00000000d9700000)
 ParOldGen       total 104960K, used 18519K [0x0000000085800000, 0x000000008be80000, 0x00000000d7300000)
  object space 104960K, 17% used [0x0000000085800000,0x0000000086a15e38,0x000000008be80000)
 Metaspace       used 20547K, capacity 21132K, committed 21248K, reserved 1067008K
  class space    used 2567K, capacity 2737K, committed 2816K, reserved 1048576K
}
Event: 8.950 GC heap before
{Heap before GC invocations=4 (full 1):
 PSYoungGen      total 36864K, used 31744K [0x00000000d7300000, 0x00000000dbb00000, 0x0000000100000000)
  eden space 31744K, 100% used [0x00000000d7300000,0x00000000d9200000,0x00000000d9200000)
  from space 5120K, 0% used [0x00000000d9700000,0x00000000d9700000,0x00000000d9c00000)
  to   space 5120K, 0% used [0x00000000d9200000,0x00000000d9200000,0x00000000d9700000)
 ParOldGen       total 104960K, used 18519K [0x0000000085800000, 0x000000008be80000, 0x00000000d7300000)
  object space 104960K, 17% used [0x0000000085800000,0x0000000086a15e38,0x000000008be80000)
 Metaspace       used 23399K, capacity 24106K, committed 24448K, reserved 1071104K
  class space    used 2882K, capacity 3082K, committed 3200K, reserved 1048576K
Event: 8.953 GC heap after
Heap after GC invocations=4 (full 1):
 PSYoungGen      total 36864K, used 3450K [0x00000000d7300000, 0x00000000dab00000, 0x0000000100000000)
  eden space 31744K, 0% used [0x00000000d7300000,0x00000000d7300000,0x00000000d9200000)
  from space 5120K, 67% used [0x00000000d9200000,0x00000000d955e840,0x00000000d9700000)
  to   space 5120K, 0% used [0x00000000da600000,0x00000000da600000,0x00000000dab00000)
 ParOldGen       total 104960K, used 18527K [0x0000000085800000, 0x000000008be80000, 0x00000000d7300000)
  object space 104960K, 17% used [0x0000000085800000,0x0000000086a17e38,0x000000008be80000)
 Metaspace       used 23399K, capacity 24106K, committed 24448K, reserved 1071104K
  class space    used 2882K, capacity 3082K, committed 3200K, reserved 1048576K
}
Event: 14.084 GC heap before
{Heap before GC invocations=5 (full 1):
 PSYoungGen      total 36864K, used 35194K [0x00000000d7300000, 0x00000000dab00000, 0x0000000100000000)
  eden space 31744K, 100% used [0x00000000d7300000,0x00000000d9200000,0x00000000d9200000)
  from space 5120K, 67% used [0x00000000d9200000,0x00000000d955e840,0x00000000d9700000)
  to   space 5120K, 0% used [0x00000000da600000,0x00000000da600000,0x00000000dab00000)
 ParOldGen       total 104960K, used 18527K [0x0000000085800000, 0x000000008be80000, 0x00000000d7300000)
  object space 104960K, 17% used [0x0000000085800000,0x0000000086a17e38,0x000000008be80000)
 Metaspace       used 27026K, capacity 27868K, committed 28032K, reserved 1073152K
  class space    used 3417K, capacity 3645K, committed 3712K, reserved 1048576K
Event: 14.089 GC heap after
Heap after GC invocations=5 (full 1):
 PSYoungGen      total 50688K, used 5113K [0x00000000d7300000, 0x00000000dab00000, 0x0000000100000000)
  eden space 45568K, 0% used [0x00000000d7300000,0x00000000d7300000,0x00000000d9f80000)
  from space 5120K, 99% used [0x00000000da600000,0x00000000daafe4d8,0x00000000dab00000)
  to   space 5120K, 0% used [0x00000000da100000,0x00000000da100000,0x00000000da600000)
 ParOldGen       total 104960K, used 43281K [0x0000000085800000, 0x000000008be80000, 0x00000000d7300000)
  object space 104960K, 41% used [0x0000000085800000,0x00000000882447c0,0x000000008be80000)
 Metaspace       used 27026K, capacity 27868K, committed 28032K, reserved 1073152K
  class space    used 3417K, capacity 3645K, committed 3712K, reserved 1048576K
}
Event: 15.966 GC heap before
{Heap before GC invocations=6 (full 1):
 PSYoungGen      total 50688K, used 46466K [0x00000000d7300000, 0x00000000dab00000, 0x0000000100000000)
  eden space 45568K, 90% used [0x00000000d7300000,0x00000000d9b62390,0x00000000d9f80000)
  from space 5120K, 99% used [0x00000000da600000,0x00000000daafe4d8,0x00000000dab00000)
  to   space 5120K, 0% used [0x00000000da100000,0x00000000da100000,0x00000000da600000)
 ParOldGen       total 104960K, used 43281K [0x0000000085800000, 0x000000008be80000, 0x00000000d7300000)
  object space 104960K, 41% used [0x0000000085800000,0x00000000882447c0,0x000000008be80000)
 Metaspace       used 27304K, capacity 28078K, committed 28288K, reserved 1073152K
  class space    used 3447K, capacity 3648K, committed 3712K, reserved 1048576K
Event: 15.970 GC heap after
Heap after GC invocations=6 (full 1):
 PSYoungGen      total 52224K, used 5097K [0x00000000d7300000, 0x00000000e1180000, 0x0000000100000000)
  eden space 47104K, 0% used [0x00000000d7300000,0x00000000d7300000,0x00000000da100000)
  from space 5120K, 99% used [0x00000000da100000,0x00000000da5fa4e8,0x00000000da600000)
  to   space 49664K, 0% used [0x00000000de100000,0x00000000de100000,0x00000000e1180000)
 ParOldGen       total 104960K, used 43415K [0x0000000085800000, 0x000000008be80000, 0x00000000d7300000)
  object space 104960K, 41% used [0x0000000085800000,0x0000000088265f00,0x000000008be80000)
 Metaspace       used 27304K, capacity 28078K, committed 28288K, reserved 1073152K
  class space    used 3447K, capacity 3648K, committed 3712K, reserved 1048576K
}

Deoptimization events (10 events):
Event: 14.055 Thread 0x000000001bbac000 Uncommon trap: reason=bimorphic action=maybe_recompile pc=0x000000000374487c method=javax.swing.UIDefaults.getFromHashtable(Ljava/lang/Object;)Ljava/lang/Object; @ 231
Event: 14.144 Thread 0x000000001bbac000 Uncommon trap: reason=class_check action=maybe_recompile pc=0x000000000366ee30 method=java.util.regex.Pattern$Curly.match(Ljava/util/regex/Matcher;ILjava/lang/CharSequence;)Z @ 19
Event: 14.464 Thread 0x000000001bbac000 Uncommon trap: reason=unstable_if action=reinterpret pc=0x0000000003262098 method=java.util.Calendar.getSetStateFields()I @ 19
Event: 14.891 Thread 0x000000001bbac000 Uncommon trap: reason=unstable_if action=reinterpret pc=0x0000000003633fac method=sun.util.calendar.BaseCalendar.getFixedDate(IIILsun/util/calendar/BaseCalendar$Date;)J @ 90
Event: 15.975 Thread 0x000000001bbac000 Uncommon trap: reason=null_check action=make_not_entrant pc=0x00000000033c5ea0 method=com.formdev.flatlaf.ui.FlatUIUtils.isCellEditor(Ljava/awt/Component;)Z @ 48
Event: 16.233 Thread 0x000000001b962800 Uncommon trap: reason=unstable_if action=reinterpret pc=0x00000000037e8ea4 method=java.awt.Rectangle.inside(II)Z @ 35
Event: 16.268 Thread 0x000000001bbac000 Uncommon trap: reason=null_check action=make_not_entrant pc=0x00000000034d6a6c method=com.formdev.flatlaf.ui.FlatUIUtils.isCellEditor(Ljava/awt/Component;)Z @ 57
Event: 16.269 Thread 0x000000001bbac000 Uncommon trap: reason=unstable_if action=reinterpret pc=0x000000000387784c method=java.awt.Container.findComponentAtImpl(IIZ)Ljava/awt/Component; @ 103
Event: 16.431 Thread 0x000000001b962800 Uncommon trap: reason=unstable_if action=reinterpret pc=0x0000000003a2db30 method=java.awt.Rectangle.inside(II)Z @ 66
Event: 21.166 Thread 0x000000001bbac000 Uncommon trap: reason=class_check action=maybe_recompile pc=0x000000000366ee30 method=java.util.regex.Pattern$Curly.match(Ljava/util/regex/Matcher;ILjava/lang/CharSequence;)Z @ 19

Classes redefined (0 events):
No events

Internal exceptions (10 events):
Event: 9.024 Thread 0x000000001bbac000 Exception <a 'java/lang/ClassNotFoundException': java/lang/ObjectCustomizer> (0x00000000d76897b0) thrown at [C:\re\workspace\8-2-build-windows-amd64-cygwin\jdk8u202\12323\hotspot\src\share\vm\classfile\systemDictionary.cpp, line 210]
Event: 9.024 Thread 0x000000001bbac000 Exception <a 'java/lang/ArrayIndexOutOfBoundsException': 18> (0x00000000d768b318) thrown at [C:\re\workspace\8-2-build-windows-amd64-cygwin\jdk8u202\12323\hotspot\src\share\vm\interpreter\interpreterRuntime.cpp, line 368]
Event: 9.025 Thread 0x000000001bbac000 Exception <a 'java/lang/ArrayIndexOutOfBoundsException': 22> (0x00000000d768ec18) thrown at [C:\re\workspace\8-2-build-windows-amd64-cygwin\jdk8u202\12323\hotspot\src\share\vm\interpreter\interpreterRuntime.cpp, line 368]
Event: 9.025 Thread 0x000000001bbac000 Exception <a 'java/lang/ArrayIndexOutOfBoundsException': 160> (0x00000000d7691608) thrown at [C:\re\workspace\8-2-build-windows-amd64-cygwin\jdk8u202\12323\hotspot\src\share\vm\interpreter\interpreterRuntime.cpp, line 368]
Event: 9.026 Thread 0x000000001bbac000 Exception <a 'java/lang/ClassNotFoundException': net/miginfocom/layout/UnitValueCustomizer> (0x00000000d769c018) thrown at [C:\re\workspace\8-2-build-windows-amd64-cygwin\jdk8u202\12323\hotspot\src\share\vm\classfile\systemDictionary.cpp, line 210]
Event: 9.028 Thread 0x000000001bbac000 Exception <a 'java/lang/ClassNotFoundException': java/lang/ObjectCustomizer> (0x00000000d76bcf10) thrown at [C:\re\workspace\8-2-build-windows-amd64-cygwin\jdk8u202\12323\hotspot\src\share\vm\classfile\systemDictionary.cpp, line 210]
Event: 9.028 Thread 0x000000001bbac000 Exception <a 'java/lang/ClassNotFoundException': net/miginfocom/layout/BoundSizeCustomizer> (0x00000000d76c9598) thrown at [C:\re\workspace\8-2-build-windows-amd64-cygwin\jdk8u202\12323\hotspot\src\share\vm\classfile\systemDictionary.cpp, line 210]
Event: 15.975 Thread 0x000000001bbac000 Implicit null exception at 0x00000000033c52bf to 0x00000000033c5e95
Event: 16.268 Thread 0x000000001bbac000 Implicit null exception at 0x00000000034d5f7d to 0x00000000034d6a61
Event: 16.269 Thread 0x000000001bbac000 Implicit null exception at 0x0000000003877571 to 0x000000000387783c

Events (10 events):
Event: 24.431 Executing VM operation: BulkRevokeBias done
Event: 24.431 Executing VM operation: RevokeBias
Event: 24.431 Executing VM operation: RevokeBias done
Event: 24.432 Executing VM operation: RevokeBias
Event: 24.432 Executing VM operation: RevokeBias done
Event: 24.432 Thread 0x000000001979f000 flushing nmethod 0x000000000313c450
Event: 24.436 loading class com/digitalpersona/uareu/Engine$Candidate
Event: 24.436 loading class com/digitalpersona/uareu/Engine$Candidate done
Event: 24.437 loading class com/digitalpersona/uareu/jni/Dpfj$IntReference
Event: 24.437 loading class com/digitalpersona/uareu/jni/Dpfj$IntReference done


Dynamic libraries:
0x00007ff762700000 - 0x00007ff762737000 	C:\Program Files\Java\jdk1.8.0_202\bin\java.exe
0x00007ffc04e60000 - 0x00007ffc050c8000 	C:\Windows\SYSTEM32\ntdll.dll
0x00007ffc03480000 - 0x00007ffc03549000 	C:\Windows\System32\KERNEL32.DLL
0x00007ffc026a0000 - 0x00007ffc02a8d000 	C:\Windows\System32\KERNELBASE.dll
0x00007ffc032d0000 - 0x00007ffc03384000 	C:\Windows\System32\ADVAPI32.dll
0x00007ffc02c60000 - 0x00007ffc02d09000 	C:\Windows\System32\msvcrt.dll
0x00007ffc03390000 - 0x00007ffc03436000 	C:\Windows\System32\sechost.dll
0x00007ffc02fe0000 - 0x00007ffc030f8000 	C:\Windows\System32\RPCRT4.dll
0x00007ffc02d90000 - 0x00007ffc02f5c000 	C:\Windows\System32\USER32.dll
0x00007ffc02bd0000 - 0x00007ffc02bf7000 	C:\Windows\System32\win32u.dll
0x00007ffc03450000 - 0x00007ffc0347b000 	C:\Windows\System32\GDI32.dll
0x00007ffc02a90000 - 0x00007ffc02bc7000 	C:\Windows\System32\gdi32full.dll
0x00007ffc023d0000 - 0x00007ffc02473000 	C:\Windows\System32\msvcp_win.dll
0x00007ffc02280000 - 0x00007ffc023cb000 	C:\Windows\System32\ucrtbase.dll
0x00007ffbe1b50000 - 0x00007ffbe1dea000 	C:\Windows\WinSxS\amd64_microsoft.windows.common-controls_6595b64144ccf1df_6.0.26100.4484_none_3e0e6d4ce32ef3b3\COMCTL32.dll
0x00007ffc02c00000 - 0x00007ffc02c2f000 	C:\Windows\System32\IMM32.DLL
0x0000000071f10000 - 0x0000000071fe2000 	C:\Program Files\Java\jdk1.8.0_202\jre\bin\msvcr100.dll
0x0000000071660000 - 0x0000000071f05000 	C:\Program Files\Java\jdk1.8.0_202\jre\bin\server\jvm.dll
0x00007ffc03440000 - 0x00007ffc03448000 	C:\Windows\System32\PSAPI.DLL
0x00007ffbee6f0000 - 0x00007ffbee6fb000 	C:\Windows\SYSTEM32\VERSION.dll
0x00007ffbf88a0000 - 0x00007ffbf88d5000 	C:\Windows\SYSTEM32\WINMM.dll
0x00007ffbfc930000 - 0x00007ffbfc93a000 	C:\Windows\SYSTEM32\WSOCK32.dll
0x00007ffc02d10000 - 0x00007ffc02d84000 	C:\Windows\System32\WS2_32.dll
0x00007ffbed970000 - 0x00007ffbed97f000 	C:\Program Files\Java\jdk1.8.0_202\jre\bin\verify.dll
0x00007ffbec3a0000 - 0x00007ffbec3c9000 	C:\Program Files\Java\jdk1.8.0_202\jre\bin\java.dll
0x00007ffbec1c0000 - 0x00007ffbec1d6000 	C:\Program Files\Java\jdk1.8.0_202\jre\bin\zip.dll
0x00007ffc03f00000 - 0x00007ffc0464a000 	C:\Windows\System32\SHELL32.dll
0x00007ffc02520000 - 0x00007ffc02694000 	C:\Windows\System32\wintypes.dll
0x00007ffc049a0000 - 0x00007ffc04d26000 	C:\Windows\System32\combase.dll
0x00007ffbffbc0000 - 0x00007ffc0041b000 	C:\Windows\SYSTEM32\windows.storage.dll
0x00007ffc03bb0000 - 0x00007ffc03ca5000 	C:\Windows\System32\SHCORE.dll
0x00007ffc04650000 - 0x00007ffc046ba000 	C:\Windows\System32\shlwapi.dll
0x00007ffc01ec0000 - 0x00007ffc01eef000 	C:\Windows\SYSTEM32\profapi.dll
0x00007ffb25dd0000 - 0x00007ffb25f69000 	C:\Program Files\Java\jdk1.8.0_202\jre\bin\awt.dll
0x00007ffc04d30000 - 0x00007ffc04e10000 	C:\Windows\System32\OLEAUT32.dll
0x00007ffbfea80000 - 0x00007ffbfeb1e000 	C:\Windows\SYSTEM32\apphelp.dll
0x00007ffbec010000 - 0x00007ffbec02a000 	C:\Program Files\Java\jdk1.8.0_202\jre\bin\net.dll
0x00007ffbeba50000 - 0x00007ffbebc34000 	C:\Windows\SYSTEM32\urlmon.dll
0x00007ffbeb780000 - 0x00007ffbeba4b000 	C:\Windows\SYSTEM32\iertutil.dll
0x00007ffc00a40000 - 0x00007ffc00a4d000 	C:\Windows\SYSTEM32\netutils.dll
0x00007ffbed230000 - 0x00007ffbed259000 	C:\Windows\SYSTEM32\srvcli.dll
0x00007ffc012e0000 - 0x00007ffc0134a000 	C:\Windows\system32\mswsock.dll
0x00007ffbebd80000 - 0x00007ffbebd92000 	C:\Program Files\Java\jdk1.8.0_202\jre\bin\nio.dll
0x00007ffbed960000 - 0x00007ffbed966000 	C:\Users\rndpo\AppData\Local\Temp\flatlaf.temp\flatlaf-windows-x86_64-10611158533500000.dll
0x00007ffbfefa0000 - 0x00007ffbfefd6000 	C:\Windows\SYSTEM32\dwmapi.dll
0x00007ffbfec80000 - 0x00007ffbfed2f000 	C:\Windows\system32\uxtheme.dll
0x00007ffc03d40000 - 0x00007ffc03ea0000 	C:\Windows\System32\MSCTF.dll
0x00007ffc03120000 - 0x00007ffc032be000 	C:\Windows\System32\ole32.dll
0x00007ffc00c90000 - 0x00007ffc00cab000 	C:\Windows\SYSTEM32\kernel.appcore.dll
0x00007ffc02480000 - 0x00007ffc02519000 	C:\Windows\System32\bcryptPrimitives.dll
0x00007ffbe4710000 - 0x00007ffbe4757000 	C:\Program Files\Java\jdk1.8.0_202\jre\bin\fontmanager.dll
0x00007ffbb46b0000 - 0x00007ffbb47c8000 	C:\Windows\system32\opengl32.dll
0x00007ffbe1ff0000 - 0x00007ffbe201d000 	C:\Windows\SYSTEM32\GLU32.dll
0x00007ffbfefe0000 - 0x00007ffbff02d000 	C:\Windows\SYSTEM32\dxcore.dll
0x00007ffbec200000 - 0x00007ffbec207000 	C:\Program Files\Java\jdk1.8.0_202\jre\bin\jawt.dll
0x00007ffb6ef90000 - 0x00007ffb6efd2000 	C:\Program Files\Java\jdk1.8.0_202\jre\bin\t2k.dll
0x00007ffc015a0000 - 0x00007ffc015bb000 	C:\Windows\SYSTEM32\CRYPTSP.dll
0x00007ffc00cb0000 - 0x00007ffc00ceb000 	C:\Windows\system32\rsaenh.dll
0x00007ffc01380000 - 0x00007ffc013ab000 	C:\Windows\SYSTEM32\USERENV.dll
0x00007ffc01e90000 - 0x00007ffc01eb6000 	C:\Windows\SYSTEM32\bcrypt.dll
0x00007ffc01590000 - 0x00007ffc0159c000 	C:\Windows\SYSTEM32\CRYPTBASE.dll
0x00007ffc00720000 - 0x00007ffc00753000 	C:\Windows\SYSTEM32\IPHLPAPI.DLL
0x00007ffc02c50000 - 0x00007ffc02c5a000 	C:\Windows\System32\NSI.dll
0x00007ffbfa820000 - 0x00007ffbfa83f000 	C:\Windows\SYSTEM32\dhcpcsvc6.DLL
0x00007ffbfa7a0000 - 0x00007ffbfa7c5000 	C:\Windows\SYSTEM32\dhcpcsvc.DLL
0x00007ffc007b0000 - 0x00007ffc008d6000 	C:\Windows\SYSTEM32\DNSAPI.dll
0x00007ffbe58c0000 - 0x00007ffbe5a10000 	C:\Windows\SYSTEM32\textinputframework.dll
0x00007ffbd4de0000 - 0x00007ffbd4e0a000 	C:\Program Files\Java\jdk1.8.0_202\jre\bin\dcpr.dll
0x00007ffbfe6a0000 - 0x00007ffbfe7c5000 	C:\Windows\SYSTEM32\CoreMessaging.dll
0x00007ffbfa960000 - 0x00007ffbfac43000 	C:\Windows\SYSTEM32\CoreUIComponents.dll
0x00007ffc039e0000 - 0x00007ffc03a88000 	C:\Windows\System32\clbcatq.dll
0x00007ffbfd2a0000 - 0x00007ffbfd4db000 	C:\Windows\SYSTEM32\WindowsCodecs.dll
0x00007ffbe4ee0000 - 0x00007ffbe4f3a000 	C:\Windows\system32\dataexchange.dll
0x00007ffbef960000 - 0x00007ffbefb98000 	C:\Windows\system32\twinapi.appcore.dll
0x00007ffbf0360000 - 0x00007ffbf036b000 	C:\Windows\System32\rasadhlp.dll
0x00007ffbfb0c0000 - 0x00007ffbfb146000 	C:\Windows\System32\fwpuclnt.dll
0x00007ffbb90f0000 - 0x00007ffbb9114000 	C:\Program Files\Java\jdk1.8.0_202\jre\bin\sunec.dll
0x00007ffb63210000 - 0x00007ffb63241000 	C:\Windows\System32\dpuareu_jni.dll
0x00007ffb5faa0000 - 0x00007ffb5fb06000 	C:\Windows\SYSTEM32\dpfj.dll
0x00007ffb5f650000 - 0x00007ffb5f692000 	C:\Windows\SYSTEM32\dpfr6.dll
0x00007ffb630c0000 - 0x00007ffb630fd000 	C:\Windows\SYSTEM32\dpfpdd.dll
0x00007ffb27f20000 - 0x00007ffb27f93000 	C:\Windows\SYSTEM32\nex_sdk.dll
0x00007ffbee470000 - 0x00007ffbee51f000 	C:\Windows\SYSTEM32\DPFPApi.DLL
0x00007ffc01fb0000 - 0x00007ffc02127000 	C:\Windows\System32\CRYPT32.dll
0x00007ffbedcd0000 - 0x00007ffbedd28000 	C:\Windows\system32\DPCLBACK.dll
0x00007ffbee700000 - 0x00007ffbee71a000 	C:\Windows\SYSTEM32\NETAPI32.dll
0x00007ffc00e80000 - 0x00007ffc00eb6000 	C:\Windows\SYSTEM32\ntmarta.dll
0x00007ffbed150000 - 0x00007ffbed194000 	C:\Windows\SYSTEM32\dpDevDatx64.dll
0x00007ffb27890000 - 0x00007ffb278f7000 	C:\Windows\SYSTEM32\dpfpdd5000.dll
0x00007ffc03550000 - 0x00007ffc039d6000 	C:\Windows\System32\SETUPAPI.dll
0x00007ffc01b20000 - 0x00007ffc01b77000 	C:\Windows\SYSTEM32\cfgmgr32.DLL
0x00007ffbaf7d0000 - 0x00007ffbaf7ff000 	C:\Windows\SYSTEM32\dpfpdd_ptapi.dll
0x0000000047000000 - 0x000000004710b000 	C:\Windows\SYSTEM32\tfm.dll
0x00007ffc02130000 - 0x00007ffc021b4000 	C:\Windows\System32\WINTRUST.dll
0x00007ffc00420000 - 0x00007ffc0042f000 	C:\Windows\SYSTEM32\HID.DLL
0x00007ffc016c0000 - 0x00007ffc016d3000 	C:\Windows\SYSTEM32\MSASN1.dll
0x00007ffb5f600000 - 0x00007ffb5f64b000 	C:\Windows\SYSTEM32\dpfpdd7k.dll
0x00007ffc01af0000 - 0x00007ffc01b1d000 	C:\Windows\SYSTEM32\DEVOBJ.dll
0x00007ffbff5f0000 - 0x00007ffbff831000 	C:\Windows\SYSTEM32\dbghelp.dll

VM Arguments:
java_command: com.trialapp.trialams1.TrialAMS1
java_class_path (initial): C:\Users\rndpo\OneDrive\Desktop\NetBeansProjects\MockICTAcess\target\classes;C:\Users\rndpo\.m2\repository\com\formdev\flatlaf\3.5.4\flatlaf-3.5.4.jar;C:\Users\rndpo\.m2\repository\org\netbeans\external\AbsoluteLayout\RELEASE220\AbsoluteLayout-RELEASE220.jar;C:\Users\rndpo\.m2\repository\net\java\dev\timingframework\timingframework\1.0\timingframework-1.0.jar;C:\Users\rndpo\.m2\repository\com\miglayout\miglayout-swing\5.2\miglayout-swing-5.2.jar;C:\Users\rndpo\.m2\repository\coom\raven\swing-glasspane-pop-up\1.3.0\swing-glasspane-pop-up-1.3.0.jar;C:\Users\rndpo\.m2\repository\com\formdev\flatlaf-extras\3.2.5\flatlaf-extras-3.2.5.jar;C:\Users\rndpo\.m2\repository\com\github\weisj\jsvg\1.2.0\jsvg-1.2.0.jar;C:\Users\rndpo\.m2\repository\com\miglayout\miglayout-core\5.2\miglayout-core-5.2.jar;C:\Users\rndpo\.m2\repository\com\mysql\mysql-connector-j\8.3.0\mysql-connector-j-8.3.0.jar;C:\Users\rndpo\.m2\repository\com\google\protobuf\protobuf-java\3.25.1\protobuf-java-3.25.1.jar;C:\Users\rndpo\.m2\repository\org\mindrot\jbcrypt\0.4\jbcrypt-0.4.jar;C:\Users\rndpo\.m2\repository\net\proteanit\rs2xml\1.0\rs2xml-1.0.jar;C:\Users\rndpo\.m2\repository\com\toedter\jcalendar\1.4\jcalendar-1.4.jar;C:\Users\rndpo\.m2\repository\com\github\lgooddatepicker\LGoodDatePicker\11.2.1\LGoodDatePicker-11.2.1.jar;C:\Users\rndpo\.m2\repository\com\digitalpersona\dpuareu\1.0.0\dpuareu-1.0.0.jar;C:\Users\rndpo\.m2\repository\com\digitalpersona\onetouch\xmlParserAPIs\1.0.0\xmlParserAPIs-1.0.0.jar;C:\Users\rndpo\.m2\repository\com\digitalpersona\onetouch\xercesImpl\2.6.2\xercesImpl-2.6.2.jar;C:\Users\rndpo\.m2\repository\com\digitalpersona\onetouch\jpos113\1.0.0\jpos113-1.0.0.jar;C:\Users\rndpo\.m2\repository\com\digitalpersona\onetouch\dpjavapos\1.0.0\dpjavapos-1.0.0.jar
Launcher Type: SUN_STANDARD

Environment Variables:
JAVA_HOME=C:\Program Files\Java\jdk1.8.0_202
PATH=C:\Program Files\Java\jdk1.8.0_202\bin;C:\Program Files (x86)\Common Files\Oracle\Java\javapath;C:\Program Files\Common Files\Oracle\Java\javapath;C:\Windows\system32;C:\Windows;C:\Windows\System32\Wbem;C:\Windows\System32\WindowsPowerShell\v1.0\;C:\Windows\System32\OpenSSH\;C:\Program Files\apache-maven-3.9.10\bin;C:\cygwin64\bin;C:\Users\rndpo\AppData\Local\Microsoft\WindowsApps;
USERNAME=rndpo
OS=Windows_NT
PROCESSOR_IDENTIFIER=Intel64 Family 6 Model 170 Stepping 4, GenuineIntel



---------------  S Y S T E M  ---------------

OS: Windows 10.0 , 64 bit Build 26100 (10.0.26100.4484)

CPU:total 14 (initial active 14) (7 cores per cpu, 2 threads per core) family 6 model 170 stepping 4, cmov, cx8, fxsr, mmx, sse, sse2, sse3, ssse3, sse4.1, sse4.2, popcnt, avx, avx2, aes, clmul, erms, 3dnowpref, lzcnt, ht, tsc, tscinvbit, bmi1, bmi2, adx

Memory: 4k page, physical 8020176k(896104k free), swap 16526884k(332212k free)

vm_info: Java HotSpot(TM) 64-Bit Server VM (25.202-b08) for windows-amd64 JRE (1.8.0_202-b08), built on Dec 15 2018 19:54:30 by "java_re" with MS VC++ 10.0 (VS2010)

time: Mon Jul 28 16:39:30 2025
timezone: Malay Peninsula Standard Time
elapsed time: 24 seconds (0d 0h 0m 24s)

