#
# A fatal error has been detected by the Java Runtime Environment:
#
#  EXCEPTION_ACCESS_VIOLATION (0xc0000005) at pc=0x00000000717a6489, pid=19592, tid=0x0000000000007990
#
# JRE version: Java(TM) SE Runtime Environment (8.0_202-b08) (build 1.8.0_202-b08)
# Java VM: Java HotSpot(TM) 64-Bit Server VM (25.202-b08 mixed mode windows-amd64 compressed oops)
# Problematic frame:
# V  [jvm.dll+0x146489]
#
# Failed to write core dump. Minidumps are not enabled by default on client versions of Windows
#
# If you would like to submit a bug report, please visit:
#   http://bugreport.java.com/bugreport/crash.jsp
#

---------------  T H R E A D  ---------------

Current thread (0x000000001deb7800):  JavaThread "Thread-5" [_thread_in_vm, id=31120, stack(0x0000000023610000,0x0000000023710000)]

siginfo: ExceptionCode=0xc0000005, reading address 0x0000000000000000

Registers:
RAX=0x0000000000000000, RBX=0x000000001deb7800, RCX=0x0000000000000780, RDX=0x0000000000000000
RSP=0x000000002370ed40, RBP=0x000000002370eed8, RSI=0x000000002370ef30, RDI=0x0000000000000000
R8 =0x000000002370ef30, R9 =0x00000000001b0001, R10=0x0000000071e09eb0, R11=0x000000007188cf20
R12=0x0000000000000000, R13=0x0000000000000000, R14=0x000000002370ef38, R15=0x000000001deb7800
RIP=0x00000000717a6489, EFLAGS=0x0000000000010202

Top of Stack: (sp=0x000000002370ed40)
0x000000002370ed40:   000000002370ee00 0000000000000000
0x000000002370ed50:   0000000000000000 00007ffbebd61fc0
0x000000002370ed60:   0000000000000000 00007ffbebd6200a
0x000000002370ed70:   000000001deb79f8 0000000000000000
0x000000002370ed80:   000000001deb7800 000000001bdda010
0x000000002370ed90:   0000000022feb858 000000002370ef38
0x000000002370eda0:   000000001e7f5ec0 000000007171c576
0x000000002370edb0:   000000002370f568 0000000019aa5e50
0x000000002370edc0:   00000000000003d8 0000000019aa5e60
0x000000002370edd0:   000001b822feb858 000000001deb7800
0x000000002370ede0:   0000000022feb858 000000001deb7800
0x000000002370edf0:   000000001deb7800 000000002370ef38
0x000000002370ee00:   0000000022feb858 0000000000000000
0x000000002370ee10:   0000000000000000 0000000000200020
0x000000002370ee20:   0000000022feb858 00000000031f8c67
0x000000002370ee30:   000000001e7f5ec0 00000000717184ea 

Instructions: (pc=0x00000000717a6489)
0x00000000717a6469:   a9 00 00 00 30 74 08 48 8b cb e8 28 dd 0f 00 c7
0x00000000717a6479:   83 70 02 00 00 06 00 00 00 80 3d b8 04 6d 00 00
0x00000000717a6489:   48 8b 0f b8 10 00 00 00 ba 0c 00 00 00 0f 45 c2
0x00000000717a6499:   48 98 8b 3c 08 c7 83 70 02 00 00 07 00 00 00 83 


Register to memory mapping:

RAX=0x0000000000000000 is an unknown value
RBX=0x000000001deb7800 is a thread
RCX=0x0000000000000780 is an unknown value
RDX=0x0000000000000000 is an unknown value
RSP=0x000000002370ed40 is pointing into the stack for thread: 0x000000001deb7800
RBP=0x000000002370eed8 is pointing into the stack for thread: 0x000000001deb7800
RSI=0x000000002370ef30 is pointing into the stack for thread: 0x000000001deb7800
RDI=0x0000000000000000 is an unknown value
R8 =0x000000002370ef30 is pointing into the stack for thread: 0x000000001deb7800
R9 =0x00000000001b0001 is an unknown value
R10=0x0000000071e09eb0 is an unknown value
R11=0x000000007188cf20 is an unknown value
R12=0x0000000000000000 is an unknown value
R13=0x0000000000000000 is an unknown value
R14=0x000000002370ef38 is pointing into the stack for thread: 0x000000001deb7800
R15=0x000000001deb7800 is a thread


Stack: [0x0000000023610000,0x0000000023710000],  sp=0x000000002370ed40,  free space=1019k
Native frames: (J=compiled Java code, j=interpreted, Vv=VM code, C=native code)
V  [jvm.dll+0x146489]
C  [dpuareu_jni.dll+0x200a]
C  0x00000000031f8c67

Java frames: (J=compiled Java code, j=interpreted, Vv=VM code)
j  com.digitalpersona.uareu.jni.Dpfj.DpfjIdentify([BII[[BIILcom/digitalpersona/uareu/jni/Dpfj$IntReference;[Lcom/digitalpersona/uareu/Engine$Candidate;)I+0
j  com.digitalpersona.uareu.jni.Dpfj.identify(Lcom/digitalpersona/uareu/Fmd;I[Lcom/digitalpersona/uareu/Fmd;II)[Lcom/digitalpersona/uareu/Engine$Candidate;+148
j  com.digitalpersona.uareu.dpfj.EngineImpl.Identify(Lcom/digitalpersona/uareu/Fmd;I[Lcom/digitalpersona/uareu/Fmd;II)[Lcom/digitalpersona/uareu/Engine$Candidate;+11
j  Fingerprint.IdentificationThread.compareFmdToDatabaseFmds(Lcom/digitalpersona/uareu/Fmd;[Lcom/digitalpersona/uareu/Fmd;Ljava/util/ArrayList;)Z+163
j  Fingerprint.IdentificationThread.fmdIsAlreadyEnrolled(Lcom/digitalpersona/uareu/Fmd;Ljava/util/ArrayList;)Z+54
j  Fingerprint.EnrollmentThread.GetFmd(Lcom/digitalpersona/uareu/Fmd$Format;)Lcom/digitalpersona/uareu/Engine$PreEnrollmentFmd;+443
j  com.digitalpersona.uareu.dpfj.EngineImpl.CreateEnrollmentFmd(Lcom/digitalpersona/uareu/Fmd$Format;Lcom/digitalpersona/uareu/Engine$EnrollmentCallback;)Lcom/digitalpersona/uareu/Fmd;+82
j  Fingerprint.EnrollmentThread.startEnrollment()V+162
j  Fingerprint.EnrollmentThread.run()V+16
v  ~StubRoutines::call_stub

---------------  P R O C E S S  ---------------

Java Threads: ( => current thread )
  0x000000001deb8800 JavaThread "Thread-7" [_thread_blocked, id=17612, stack(0x0000000023710000,0x0000000023810000)]
=>0x000000001deb7800 JavaThread "Thread-5" [_thread_in_vm, id=31120, stack(0x0000000023610000,0x0000000023710000)]
  0x000000001c232000 JavaThread "TimerQueue" daemon [_thread_blocked, id=13076, stack(0x000000001f8f0000,0x000000001f9f0000)]
  0x000000001df03000 JavaThread "mysql-cj-abandoned-connection-cleanup" daemon [_thread_blocked, id=1848, stack(0x000000001f3f0000,0x000000001f4f0000)]
  0x00000000030de800 JavaThread "DestroyJavaVM" [_thread_blocked, id=25256, stack(0x0000000002fb0000,0x00000000030b0000)]
  0x000000001c10c000 JavaThread "Thread-3" [_thread_blocked, id=4968, stack(0x000000001db20000,0x000000001dc20000)]
  0x000000001be97800 JavaThread "AWT-EventQueue-0" [_thread_blocked, id=2044, stack(0x000000001d0e0000,0x000000001d1e0000)]
  0x000000001bc25800 JavaThread "AWT-Windows" daemon [_thread_in_native, id=3112, stack(0x000000001c450000,0x000000001c550000)]
  0x000000001bc24800 JavaThread "AWT-Shutdown" [_thread_blocked, id=460, stack(0x000000001c350000,0x000000001c450000)]
  0x000000001bbcb000 JavaThread "Java2D Disposer" daemon [_thread_blocked, id=3128, stack(0x000000001c250000,0x000000001c350000)]
  0x0000000019af4000 JavaThread "Service Thread" daemon [_thread_blocked, id=20564, stack(0x000000001b6f0000,0x000000001b7f0000)]
  0x0000000019a70800 JavaThread "C1 CompilerThread3" daemon [_thread_blocked, id=24628, stack(0x000000001b5f0000,0x000000001b6f0000)]
  0x0000000019a70000 JavaThread "C2 CompilerThread2" daemon [_thread_blocked, id=28316, stack(0x000000001b4f0000,0x000000001b5f0000)]
  0x0000000019a6f000 JavaThread "C2 CompilerThread1" daemon [_thread_blocked, id=1504, stack(0x000000001b3f0000,0x000000001b4f0000)]
  0x0000000019a6b800 JavaThread "C2 CompilerThread0" daemon [_thread_blocked, id=8496, stack(0x000000001b2f0000,0x000000001b3f0000)]
  0x0000000019a66800 JavaThread "Attach Listener" daemon [_thread_blocked, id=31600, stack(0x000000001b1f0000,0x000000001b2f0000)]
  0x0000000019a65800 JavaThread "Signal Dispatcher" daemon [_thread_blocked, id=21904, stack(0x000000001b0f0000,0x000000001b1f0000)]
  0x0000000019a53000 JavaThread "Finalizer" daemon [_thread_blocked, id=21776, stack(0x000000001aee0000,0x000000001afe0000)]
  0x000000001821f800 JavaThread "Reference Handler" daemon [_thread_blocked, id=26056, stack(0x000000001ade0000,0x000000001aee0000)]

Other Threads:
  0x0000000019a31800 VMThread [stack: 0x000000001ace0000,0x000000001ade0000] [id=19488]
  0x0000000019b12800 WatcherThread [stack: 0x000000001b7f0000,0x000000001b8f0000] [id=13868]

VM state:not at safepoint (normal execution)

VM Mutex/Monitor currently owned by a thread: None

heap address: 0x0000000085800000, size: 1960 MB, Compressed Oops mode: 32-bit
Narrow klass base: 0x0000000000000000, Narrow klass shift: 3
Compressed class space size: 1073741824 Address: 0x0000000100000000

Heap:
 PSYoungGen      total 36352K, used 27911K [0x00000000d7300000, 0x00000000df680000, 0x0000000100000000)
  eden space 31232K, 75% used [0x00000000d7300000,0x00000000d89f0b28,0x00000000d9180000)
  from space 5120K, 86% used [0x00000000d9200000,0x00000000d9651118,0x00000000d9700000)
  to   space 51712K, 0% used [0x00000000dc400000,0x00000000dc400000,0x00000000df680000)
 ParOldGen       total 104960K, used 45504K [0x0000000085800000, 0x000000008be80000, 0x00000000d7300000)
  object space 104960K, 43% used [0x0000000085800000,0x00000000884700c0,0x000000008be80000)
 Metaspace       used 27834K, capacity 28726K, committed 28928K, reserved 1075200K
  class space    used 3510K, capacity 3754K, committed 3840K, reserved 1048576K

Card table byte_map: [0x00000000125a0000,0x0000000012980000] byte_map_base: 0x0000000012174000

Marking Bits: (ParMarkBitMap*) 0x0000000071e85ce0
 Begin Bits: [0x0000000013710000, 0x00000000155b0000)
 End Bits:   [0x00000000155b0000, 0x0000000017450000)

Polling page: 0x0000000001130000

CodeCache: size=245760Kb used=11778Kb max_used=12073Kb free=233982Kb
 bounds [0x00000000031e0000, 0x0000000003dc0000, 0x00000000121e0000]
 total_blobs=4330 nmethods=3653 adapters=587
 compilation: enabled

Compilation events (10 events):
Event: 25.142 Thread 0x0000000019a70800 4049       3       sun.awt.geom.Curve::insertMove (15 bytes)
Event: 25.142 Thread 0x0000000019a70800 nmethod 4049 0x000000000351d550 code [0x000000000351d6e0, 0x000000000351da68]
Event: 25.142 Thread 0x0000000019a70800 4050       3       sun.font.FileFontStrike::getGlyphImageFromWindows (116 bytes)
Event: 25.143 Thread 0x0000000019a70800 nmethod 4050 0x00000000037eb5d0 code [0x00000000037eb840, 0x00000000037ec8b8]
Event: 26.869 Thread 0x0000000019a70000 4051       4       java.lang.ClassLoader::checkName (43 bytes)
Event: 26.871 Thread 0x0000000019a70000 nmethod 4051 0x0000000003c31610 code [0x0000000003c31760, 0x0000000003c31978]
Event: 26.871 Thread 0x0000000019a70800 4052  s    3       sun.font.T2KFontScaler::getGlyphMetrics (45 bytes)
Event: 26.872 Thread 0x0000000019a70800 nmethod 4052 0x0000000003516290 code [0x0000000003516440, 0x0000000003516d08]
Event: 26.881 Thread 0x0000000019a70800 4054       3       com.mysql.cj.util.StringInspector::getChar (25 bytes)
Event: 26.882 Thread 0x0000000019a70800 nmethod 4054 0x00000000039e0c50 code [0x00000000039e0de0, 0x00000000039e1188]

GC Heap History (10 events):
Event: 4.402 GC heap before
{Heap before GC invocations=2 (full 0):
 PSYoungGen      total 36864K, used 36856K [0x00000000d7300000, 0x00000000dbb00000, 0x0000000100000000)
  eden space 31744K, 99% used [0x00000000d7300000,0x00000000d91fe390,0x00000000d9200000)
  from space 5120K, 99% used [0x00000000d9200000,0x00000000d96fff20,0x00000000d9700000)
  to   space 5120K, 0% used [0x00000000db600000,0x00000000db600000,0x00000000dbb00000)
 ParOldGen       total 84992K, used 15675K [0x0000000085800000, 0x000000008ab00000, 0x00000000d7300000)
  object space 84992K, 18% used [0x0000000085800000,0x000000008674ed70,0x000000008ab00000)
 Metaspace       used 20554K, capacity 21124K, committed 21248K, reserved 1067008K
  class space    used 2568K, capacity 2737K, committed 2816K, reserved 1048576K
Event: 4.409 GC heap after
Heap after GC invocations=2 (full 0):
 PSYoungGen      total 36864K, used 5118K [0x00000000d7300000, 0x00000000dbb00000, 0x0000000100000000)
  eden space 31744K, 0% used [0x00000000d7300000,0x00000000d7300000,0x00000000d9200000)
  from space 5120K, 99% used [0x00000000db600000,0x00000000dbaff8c8,0x00000000dbb00000)
  to   space 5120K, 0% used [0x00000000d9200000,0x00000000d9200000,0x00000000d9700000)
 ParOldGen       total 84992K, used 51280K [0x0000000085800000, 0x000000008ab00000, 0x00000000d7300000)
  object space 84992K, 60% used [0x0000000085800000,0x0000000088a14090,0x000000008ab00000)
 Metaspace       used 20554K, capacity 21124K, committed 21248K, reserved 1067008K
  class space    used 2568K, capacity 2737K, committed 2816K, reserved 1048576K
}
Event: 4.409 GC heap before
{Heap before GC invocations=3 (full 1):
 PSYoungGen      total 36864K, used 5118K [0x00000000d7300000, 0x00000000dbb00000, 0x0000000100000000)
  eden space 31744K, 0% used [0x00000000d7300000,0x00000000d7300000,0x00000000d9200000)
  from space 5120K, 99% used [0x00000000db600000,0x00000000dbaff8c8,0x00000000dbb00000)
  to   space 5120K, 0% used [0x00000000d9200000,0x00000000d9200000,0x00000000d9700000)
 ParOldGen       total 84992K, used 51280K [0x0000000085800000, 0x000000008ab00000, 0x00000000d7300000)
  object space 84992K, 60% used [0x0000000085800000,0x0000000088a14090,0x000000008ab00000)
 Metaspace       used 20554K, capacity 21124K, committed 21248K, reserved 1067008K
  class space    used 2568K, capacity 2737K, committed 2816K, reserved 1048576K
Event: 4.428 GC heap after
Heap after GC invocations=3 (full 1):
 PSYoungGen      total 36864K, used 0K [0x00000000d7300000, 0x00000000dbb00000, 0x0000000100000000)
  eden space 31744K, 0% used [0x00000000d7300000,0x00000000d7300000,0x00000000d9200000)
  from space 5120K, 0% used [0x00000000db600000,0x00000000db600000,0x00000000dbb00000)
  to   space 5120K, 0% used [0x00000000d9200000,0x00000000d9200000,0x00000000d9700000)
 ParOldGen       total 104960K, used 18482K [0x0000000085800000, 0x000000008be80000, 0x00000000d7300000)
  object space 104960K, 17% used [0x0000000085800000,0x0000000086a0c868,0x000000008be80000)
 Metaspace       used 20554K, capacity 21124K, committed 21248K, reserved 1067008K
  class space    used 2568K, capacity 2737K, committed 2816K, reserved 1048576K
}
Event: 8.931 GC heap before
{Heap before GC invocations=4 (full 1):
 PSYoungGen      total 36864K, used 31744K [0x00000000d7300000, 0x00000000dbb00000, 0x0000000100000000)
  eden space 31744K, 100% used [0x00000000d7300000,0x00000000d9200000,0x00000000d9200000)
  from space 5120K, 0% used [0x00000000db600000,0x00000000db600000,0x00000000dbb00000)
  to   space 5120K, 0% used [0x00000000d9200000,0x00000000d9200000,0x00000000d9700000)
 ParOldGen       total 104960K, used 18482K [0x0000000085800000, 0x000000008be80000, 0x00000000d7300000)
  object space 104960K, 17% used [0x0000000085800000,0x0000000086a0c868,0x000000008be80000)
 Metaspace       used 23342K, capacity 24066K, committed 24448K, reserved 1071104K
  class space    used 2888K, capacity 3114K, committed 3200K, reserved 1048576K
Event: 8.934 GC heap after
Heap after GC invocations=4 (full 1):
 PSYoungGen      total 36864K, used 3660K [0x00000000d7300000, 0x00000000db680000, 0x0000000100000000)
  eden space 31744K, 0% used [0x00000000d7300000,0x00000000d7300000,0x00000000d9200000)
  from space 5120K, 71% used [0x00000000d9200000,0x00000000d9593038,0x00000000d9700000)
  to   space 5120K, 0% used [0x00000000db180000,0x00000000db180000,0x00000000db680000)
 ParOldGen       total 104960K, used 18490K [0x0000000085800000, 0x000000008be80000, 0x00000000d7300000)
  object space 104960K, 17% used [0x0000000085800000,0x0000000086a0e868,0x000000008be80000)
 Metaspace       used 23342K, capacity 24066K, committed 24448K, reserved 1071104K
  class space    used 2888K, capacity 3114K, committed 3200K, reserved 1048576K
}
Event: 13.063 GC heap before
{Heap before GC invocations=5 (full 1):
 PSYoungGen      total 36864K, used 35404K [0x00000000d7300000, 0x00000000db680000, 0x0000000100000000)
  eden space 31744K, 100% used [0x00000000d7300000,0x00000000d9200000,0x00000000d9200000)
  from space 5120K, 71% used [0x00000000d9200000,0x00000000d9593038,0x00000000d9700000)
  to   space 5120K, 0% used [0x00000000db180000,0x00000000db180000,0x00000000db680000)
 ParOldGen       total 104960K, used 18490K [0x0000000085800000, 0x000000008be80000, 0x00000000d7300000)
  object space 104960K, 17% used [0x0000000085800000,0x0000000086a0e868,0x000000008be80000)
 Metaspace       used 27030K, capacity 27860K, committed 28032K, reserved 1073152K
  class space    used 3423K, capacity 3645K, committed 3712K, reserved 1048576K
Event: 13.068 GC heap after
Heap after GC invocations=5 (full 1):
 PSYoungGen      total 36864K, used 5098K [0x00000000d7300000, 0x00000000db680000, 0x0000000100000000)
  eden space 31744K, 0% used [0x00000000d7300000,0x00000000d7300000,0x00000000d9200000)
  from space 5120K, 99% used [0x00000000db180000,0x00000000db67ab28,0x00000000db680000)
  to   space 5120K, 0% used [0x00000000d9200000,0x00000000d9200000,0x00000000d9700000)
 ParOldGen       total 104960K, used 45496K [0x0000000085800000, 0x000000008be80000, 0x00000000d7300000)
  object space 104960K, 43% used [0x0000000085800000,0x000000008846e0c0,0x000000008be80000)
 Metaspace       used 27030K, capacity 27860K, committed 28032K, reserved 1073152K
  class space    used 3423K, capacity 3645K, committed 3712K, reserved 1048576K
}
Event: 13.855 GC heap before
{Heap before GC invocations=6 (full 1):
 PSYoungGen      total 36864K, used 36842K [0x00000000d7300000, 0x00000000db680000, 0x0000000100000000)
  eden space 31744K, 100% used [0x00000000d7300000,0x00000000d9200000,0x00000000d9200000)
  from space 5120K, 99% used [0x00000000db180000,0x00000000db67ab28,0x00000000db680000)
  to   space 5120K, 0% used [0x00000000d9200000,0x00000000d9200000,0x00000000d9700000)
 ParOldGen       total 104960K, used 45496K [0x0000000085800000, 0x000000008be80000, 0x00000000d7300000)
  object space 104960K, 43% used [0x0000000085800000,0x000000008846e0c0,0x000000008be80000)
 Metaspace       used 27180K, capacity 27988K, committed 28288K, reserved 1073152K
  class space    used 3436K, capacity 3645K, committed 3712K, reserved 1048576K
Event: 13.858 GC heap after
Heap after GC invocations=6 (full 1):
 PSYoungGen      total 36352K, used 4420K [0x00000000d7300000, 0x00000000df680000, 0x0000000100000000)
  eden space 31232K, 0% used [0x00000000d7300000,0x00000000d7300000,0x00000000d9180000)
  from space 5120K, 86% used [0x00000000d9200000,0x00000000d9651118,0x00000000d9700000)
  to   space 51712K, 0% used [0x00000000dc400000,0x00000000dc400000,0x00000000df680000)
 ParOldGen       total 104960K, used 45504K [0x0000000085800000, 0x000000008be80000, 0x00000000d7300000)
  object space 104960K, 43% used [0x0000000085800000,0x00000000884700c0,0x000000008be80000)
 Metaspace       used 27180K, capacity 27988K, committed 28288K, reserved 1073152K
  class space    used 3436K, capacity 3645K, committed 3712K, reserved 1048576K
}

Deoptimization events (10 events):
Event: 13.028 Thread 0x000000001be97800 Uncommon trap: reason=bimorphic action=maybe_recompile pc=0x00000000039dcb7c method=javax.swing.UIDefaults.getFromHashtable(Ljava/lang/Object;)Ljava/lang/Object; @ 231
Event: 13.123 Thread 0x000000001be97800 Uncommon trap: reason=class_check action=maybe_recompile pc=0x00000000038fa130 method=java.util.regex.Pattern$Curly.match(Ljava/util/regex/Matcher;ILjava/lang/CharSequence;)Z @ 19
Event: 13.456 Thread 0x000000001be97800 Uncommon trap: reason=unstable_if action=reinterpret pc=0x000000000333f898 method=java.util.Calendar.getSetStateFields()I @ 19
Event: 13.881 Thread 0x000000001be97800 Uncommon trap: reason=unstable_if action=reinterpret pc=0x00000000038eaf2c method=sun.util.calendar.BaseCalendar.getFixedDate(IIILsun/util/calendar/BaseCalendar$Date;)J @ 90
Event: 17.088 Thread 0x000000001be97800 Uncommon trap: reason=unstable_if action=reinterpret pc=0x0000000003b2ac7c method=java.awt.Container.findComponentAtImpl(IIZ)Ljava/awt/Component; @ 103
Event: 17.095 Thread 0x000000001be97800 Uncommon trap: reason=null_check action=make_not_entrant pc=0x0000000003d0ad9c method=com.formdev.flatlaf.ui.FlatUIUtils.isCellEditor(Ljava/awt/Component;)Z @ 48
Event: 17.108 Thread 0x000000001be97800 Uncommon trap: reason=null_check action=make_not_entrant pc=0x0000000003d15aac method=com.formdev.flatlaf.ui.FlatUIUtils.isCellEditor(Ljava/awt/Component;)Z @ 57
Event: 25.065 Thread 0x000000001be97800 Uncommon trap: reason=unstable_if action=reinterpret pc=0x0000000003d51ef4 method=java.awt.Container.findComponentAtImpl(IIZ)Ljava/awt/Component; @ 24
Event: 25.100 Thread 0x000000001be97800 Uncommon trap: reason=class_check action=maybe_recompile pc=0x00000000038fa130 method=java.util.regex.Pattern$Curly.match(Ljava/util/regex/Matcher;ILjava/lang/CharSequence;)Z @ 19
Event: 25.129 Thread 0x000000001be97800 Uncommon trap: reason=unstable_if action=reinterpret pc=0x0000000003d5c7d4 method=sun.awt.PostEventQueue.flush()V @ 23

Classes redefined (0 events):
No events

Internal exceptions (10 events):
Event: 9.013 Thread 0x000000001be97800 Exception <a 'java/lang/ClassNotFoundException': java/lang/ObjectCustomizer> (0x00000000d7696e10) thrown at [C:\re\workspace\8-2-build-windows-amd64-cygwin\jdk8u202\12323\hotspot\src\share\vm\classfile\systemDictionary.cpp, line 210]
Event: 9.014 Thread 0x000000001be97800 Exception <a 'java/lang/ArrayIndexOutOfBoundsException': 18> (0x00000000d7698978) thrown at [C:\re\workspace\8-2-build-windows-amd64-cygwin\jdk8u202\12323\hotspot\src\share\vm\interpreter\interpreterRuntime.cpp, line 368]
Event: 9.014 Thread 0x000000001be97800 Exception <a 'java/lang/ArrayIndexOutOfBoundsException': 22> (0x00000000d769c278) thrown at [C:\re\workspace\8-2-build-windows-amd64-cygwin\jdk8u202\12323\hotspot\src\share\vm\interpreter\interpreterRuntime.cpp, line 368]
Event: 9.015 Thread 0x000000001be97800 Exception <a 'java/lang/ArrayIndexOutOfBoundsException': 160> (0x00000000d769ec68) thrown at [C:\re\workspace\8-2-build-windows-amd64-cygwin\jdk8u202\12323\hotspot\src\share\vm\interpreter\interpreterRuntime.cpp, line 368]
Event: 9.016 Thread 0x000000001be97800 Exception <a 'java/lang/ClassNotFoundException': net/miginfocom/layout/UnitValueCustomizer> (0x00000000d76a9678) thrown at [C:\re\workspace\8-2-build-windows-amd64-cygwin\jdk8u202\12323\hotspot\src\share\vm\classfile\systemDictionary.cpp, line 210]
Event: 9.017 Thread 0x000000001be97800 Exception <a 'java/lang/ClassNotFoundException': java/lang/ObjectCustomizer> (0x00000000d76ca570) thrown at [C:\re\workspace\8-2-build-windows-amd64-cygwin\jdk8u202\12323\hotspot\src\share\vm\classfile\systemDictionary.cpp, line 210]
Event: 9.017 Thread 0x000000001be97800 Exception <a 'java/lang/ClassNotFoundException': net/miginfocom/layout/BoundSizeCustomizer> (0x00000000d76d6bf8) thrown at [C:\re\workspace\8-2-build-windows-amd64-cygwin\jdk8u202\12323\hotspot\src\share\vm\classfile\systemDictionary.cpp, line 210]
Event: 17.088 Thread 0x000000001be97800 Implicit null exception at 0x0000000003b2a957 to 0x0000000003b2ac2c
Event: 17.095 Thread 0x000000001be97800 Implicit null exception at 0x0000000003d0a1bf to 0x0000000003d0ad91
Event: 17.108 Thread 0x000000001be97800 Implicit null exception at 0x0000000003d14fbd to 0x0000000003d15aa1

Events (10 events):
Event: 26.881 Executing VM operation: RevokeBias
Event: 26.881 Executing VM operation: RevokeBias done
Event: 26.881 Executing VM operation: RevokeBias
Event: 26.881 Executing VM operation: RevokeBias done
Event: 26.882 Executing VM operation: RevokeBias
Event: 26.882 Executing VM operation: RevokeBias done
Event: 26.890 loading class com/digitalpersona/uareu/Engine$Candidate
Event: 26.890 loading class com/digitalpersona/uareu/Engine$Candidate done
Event: 26.890 loading class com/digitalpersona/uareu/jni/Dpfj$IntReference
Event: 26.890 loading class com/digitalpersona/uareu/jni/Dpfj$IntReference done


Dynamic libraries:
0x00007ff762700000 - 0x00007ff762737000 	C:\Program Files\Java\jdk1.8.0_202\bin\java.exe
0x00007ffc04e60000 - 0x00007ffc050c8000 	C:\Windows\SYSTEM32\ntdll.dll
0x00007ffc03480000 - 0x00007ffc03549000 	C:\Windows\System32\KERNEL32.DLL
0x00007ffc026a0000 - 0x00007ffc02a8d000 	C:\Windows\System32\KERNELBASE.dll
0x00007ffc032d0000 - 0x00007ffc03384000 	C:\Windows\System32\ADVAPI32.dll
0x00007ffc02c60000 - 0x00007ffc02d09000 	C:\Windows\System32\msvcrt.dll
0x00007ffc03390000 - 0x00007ffc03436000 	C:\Windows\System32\sechost.dll
0x00007ffc02fe0000 - 0x00007ffc030f8000 	C:\Windows\System32\RPCRT4.dll
0x00007ffc02d90000 - 0x00007ffc02f5c000 	C:\Windows\System32\USER32.dll
0x00007ffc02bd0000 - 0x00007ffc02bf7000 	C:\Windows\System32\win32u.dll
0x00007ffc03450000 - 0x00007ffc0347b000 	C:\Windows\System32\GDI32.dll
0x00007ffc02a90000 - 0x00007ffc02bc7000 	C:\Windows\System32\gdi32full.dll
0x00007ffc023d0000 - 0x00007ffc02473000 	C:\Windows\System32\msvcp_win.dll
0x00007ffc02280000 - 0x00007ffc023cb000 	C:\Windows\System32\ucrtbase.dll
0x00007ffbe1b50000 - 0x00007ffbe1dea000 	C:\Windows\WinSxS\amd64_microsoft.windows.common-controls_6595b64144ccf1df_6.0.26100.4484_none_3e0e6d4ce32ef3b3\COMCTL32.dll
0x00007ffc02c00000 - 0x00007ffc02c2f000 	C:\Windows\System32\IMM32.DLL
0x0000000071f10000 - 0x0000000071fe2000 	C:\Program Files\Java\jdk1.8.0_202\jre\bin\msvcr100.dll
0x0000000071660000 - 0x0000000071f05000 	C:\Program Files\Java\jdk1.8.0_202\jre\bin\server\jvm.dll
0x00007ffc03440000 - 0x00007ffc03448000 	C:\Windows\System32\PSAPI.DLL
0x00007ffbfc930000 - 0x00007ffbfc93a000 	C:\Windows\SYSTEM32\WSOCK32.dll
0x00007ffbee6f0000 - 0x00007ffbee6fb000 	C:\Windows\SYSTEM32\VERSION.dll
0x00007ffc02d10000 - 0x00007ffc02d84000 	C:\Windows\System32\WS2_32.dll
0x00007ffbf88a0000 - 0x00007ffbf88d5000 	C:\Windows\SYSTEM32\WINMM.dll
0x00007ffbedc50000 - 0x00007ffbedc5f000 	C:\Program Files\Java\jdk1.8.0_202\jre\bin\verify.dll
0x00007ffbec3a0000 - 0x00007ffbec3c9000 	C:\Program Files\Java\jdk1.8.0_202\jre\bin\java.dll
0x00007ffbedc30000 - 0x00007ffbedc46000 	C:\Program Files\Java\jdk1.8.0_202\jre\bin\zip.dll
0x00007ffc03f00000 - 0x00007ffc0464a000 	C:\Windows\System32\SHELL32.dll
0x00007ffc02520000 - 0x00007ffc02694000 	C:\Windows\System32\wintypes.dll
0x00007ffc049a0000 - 0x00007ffc04d26000 	C:\Windows\System32\combase.dll
0x00007ffbffbc0000 - 0x00007ffc0041b000 	C:\Windows\SYSTEM32\windows.storage.dll
0x00007ffc03bb0000 - 0x00007ffc03ca5000 	C:\Windows\System32\SHCORE.dll
0x00007ffc04650000 - 0x00007ffc046ba000 	C:\Windows\System32\shlwapi.dll
0x00007ffc01ec0000 - 0x00007ffc01eef000 	C:\Windows\SYSTEM32\profapi.dll
0x00007ffb25bf0000 - 0x00007ffb25d89000 	C:\Program Files\Java\jdk1.8.0_202\jre\bin\awt.dll
0x00007ffc04d30000 - 0x00007ffc04e10000 	C:\Windows\System32\OLEAUT32.dll
0x00007ffbfea80000 - 0x00007ffbfeb1e000 	C:\Windows\SYSTEM32\apphelp.dll
0x00007ffbed960000 - 0x00007ffbed97a000 	C:\Program Files\Java\jdk1.8.0_202\jre\bin\net.dll
0x00007ffbeba50000 - 0x00007ffbebc34000 	C:\Windows\SYSTEM32\urlmon.dll
0x00007ffbeb780000 - 0x00007ffbeba4b000 	C:\Windows\SYSTEM32\iertutil.dll
0x00007ffc00a40000 - 0x00007ffc00a4d000 	C:\Windows\SYSTEM32\netutils.dll
0x00007ffbed230000 - 0x00007ffbed259000 	C:\Windows\SYSTEM32\srvcli.dll
0x00007ffc012e0000 - 0x00007ffc0134a000 	C:\Windows\system32\mswsock.dll
0x00007ffbec230000 - 0x00007ffbec242000 	C:\Program Files\Java\jdk1.8.0_202\jre\bin\nio.dll
0x00007ffbec220000 - 0x00007ffbec226000 	C:\Users\rndpo\AppData\Local\Temp\flatlaf.temp\flatlaf-windows-x86_64-10622652100521990.dll
0x00007ffbfefa0000 - 0x00007ffbfefd6000 	C:\Windows\SYSTEM32\dwmapi.dll
0x00007ffbfec80000 - 0x00007ffbfed2f000 	C:\Windows\system32\uxtheme.dll
0x00007ffc03d40000 - 0x00007ffc03ea0000 	C:\Windows\System32\MSCTF.dll
0x00007ffc03120000 - 0x00007ffc032be000 	C:\Windows\System32\ole32.dll
0x00007ffc00c90000 - 0x00007ffc00cab000 	C:\Windows\SYSTEM32\kernel.appcore.dll
0x00007ffc02480000 - 0x00007ffc02519000 	C:\Windows\System32\bcryptPrimitives.dll
0x00007ffbec050000 - 0x00007ffbec097000 	C:\Program Files\Java\jdk1.8.0_202\jre\bin\fontmanager.dll
0x00007ffbb46b0000 - 0x00007ffbb47c8000 	C:\Windows\system32\opengl32.dll
0x00007ffbe1ff0000 - 0x00007ffbe201d000 	C:\Windows\SYSTEM32\GLU32.dll
0x00007ffbfefe0000 - 0x00007ffbff02d000 	C:\Windows\SYSTEM32\dxcore.dll
0x00007ffbec210000 - 0x00007ffbec217000 	C:\Program Files\Java\jdk1.8.0_202\jre\bin\jawt.dll
0x00007ffbec000000 - 0x00007ffbec042000 	C:\Program Files\Java\jdk1.8.0_202\jre\bin\t2k.dll
0x00007ffc015a0000 - 0x00007ffc015bb000 	C:\Windows\SYSTEM32\CRYPTSP.dll
0x00007ffc00cb0000 - 0x00007ffc00ceb000 	C:\Windows\system32\rsaenh.dll
0x00007ffc01380000 - 0x00007ffc013ab000 	C:\Windows\SYSTEM32\USERENV.dll
0x00007ffc01e90000 - 0x00007ffc01eb6000 	C:\Windows\SYSTEM32\bcrypt.dll
0x00007ffc01590000 - 0x00007ffc0159c000 	C:\Windows\SYSTEM32\CRYPTBASE.dll
0x00007ffc00720000 - 0x00007ffc00753000 	C:\Windows\SYSTEM32\IPHLPAPI.DLL
0x00007ffc02c50000 - 0x00007ffc02c5a000 	C:\Windows\System32\NSI.dll
0x00007ffbfa820000 - 0x00007ffbfa83f000 	C:\Windows\SYSTEM32\dhcpcsvc6.DLL
0x00007ffbfa7a0000 - 0x00007ffbfa7c5000 	C:\Windows\SYSTEM32\dhcpcsvc.DLL
0x00007ffc007b0000 - 0x00007ffc008d6000 	C:\Windows\SYSTEM32\DNSAPI.dll
0x00007ffbe58c0000 - 0x00007ffbe5a10000 	C:\Windows\SYSTEM32\textinputframework.dll
0x00007ffbebe20000 - 0x00007ffbebe4a000 	C:\Program Files\Java\jdk1.8.0_202\jre\bin\dcpr.dll
0x00007ffbfe6a0000 - 0x00007ffbfe7c5000 	C:\Windows\SYSTEM32\CoreMessaging.dll
0x00007ffbfa960000 - 0x00007ffbfac43000 	C:\Windows\SYSTEM32\CoreUIComponents.dll
0x00007ffc039e0000 - 0x00007ffc03a88000 	C:\Windows\System32\clbcatq.dll
0x00007ffbfd2a0000 - 0x00007ffbfd4db000 	C:\Windows\SYSTEM32\WindowsCodecs.dll
0x00007ffbe4ee0000 - 0x00007ffbe4f3a000 	C:\Windows\system32\dataexchange.dll
0x00007ffbef960000 - 0x00007ffbefb98000 	C:\Windows\system32\twinapi.appcore.dll
0x00007ffbf0360000 - 0x00007ffbf036b000 	C:\Windows\System32\rasadhlp.dll
0x00007ffbfb0c0000 - 0x00007ffbfb146000 	C:\Windows\System32\fwpuclnt.dll
0x00007ffbebdc0000 - 0x00007ffbebde4000 	C:\Program Files\Java\jdk1.8.0_202\jre\bin\sunec.dll
0x00007ffbebd60000 - 0x00007ffbebd91000 	C:\Windows\System32\dpuareu_jni.dll
0x00007ffbae1e0000 - 0x00007ffbae246000 	C:\Windows\SYSTEM32\dpfj.dll
0x00007ffbe4710000 - 0x00007ffbe4752000 	C:\Windows\SYSTEM32\dpfr6.dll
0x00007ffb6efa0000 - 0x00007ffb6efdd000 	C:\Windows\SYSTEM32\dpfpdd.dll
0x00007ffb6eba0000 - 0x00007ffb6ec13000 	C:\Windows\SYSTEM32\nex_sdk.dll
0x00007ffbee470000 - 0x00007ffbee51f000 	C:\Windows\SYSTEM32\DPFPApi.DLL
0x00007ffc01fb0000 - 0x00007ffc02127000 	C:\Windows\System32\CRYPT32.dll
0x00007ffbedcd0000 - 0x00007ffbedd28000 	C:\Windows\system32\DPCLBACK.dll
0x00007ffbee700000 - 0x00007ffbee71a000 	C:\Windows\SYSTEM32\NETAPI32.dll
0x00007ffc00e80000 - 0x00007ffc00eb6000 	C:\Windows\SYSTEM32\ntmarta.dll
0x00007ffbed150000 - 0x00007ffbed194000 	C:\Windows\SYSTEM32\dpDevDatx64.dll
0x00007ffb5fb50000 - 0x00007ffb5fbb7000 	C:\Windows\SYSTEM32\dpfpdd5000.dll
0x00007ffc03550000 - 0x00007ffc039d6000 	C:\Windows\System32\SETUPAPI.dll
0x00007ffc01b20000 - 0x00007ffc01b77000 	C:\Windows\SYSTEM32\cfgmgr32.DLL
0x00007ffbd4de0000 - 0x00007ffbd4e0f000 	C:\Windows\SYSTEM32\dpfpdd_ptapi.dll
0x0000000047000000 - 0x000000004710b000 	C:\Windows\SYSTEM32\tfm.dll
0x00007ffc02130000 - 0x00007ffc021b4000 	C:\Windows\System32\WINTRUST.dll
0x00007ffc00420000 - 0x00007ffc0042f000 	C:\Windows\SYSTEM32\HID.DLL
0x00007ffc016c0000 - 0x00007ffc016d3000 	C:\Windows\SYSTEM32\MSASN1.dll
0x00007ffb5fb00000 - 0x00007ffb5fb4b000 	C:\Windows\SYSTEM32\dpfpdd7k.dll
0x00007ffc01af0000 - 0x00007ffc01b1d000 	C:\Windows\SYSTEM32\DEVOBJ.dll
0x00007ffbff5f0000 - 0x00007ffbff831000 	C:\Windows\SYSTEM32\dbghelp.dll

VM Arguments:
java_command: com.trialapp.trialams1.TrialAMS1
java_class_path (initial): C:\Users\rndpo\OneDrive\Desktop\NetBeansProjects\MockICTAcess\target\classes;C:\Users\rndpo\.m2\repository\com\formdev\flatlaf\3.5.4\flatlaf-3.5.4.jar;C:\Users\rndpo\.m2\repository\org\netbeans\external\AbsoluteLayout\RELEASE220\AbsoluteLayout-RELEASE220.jar;C:\Users\rndpo\.m2\repository\net\java\dev\timingframework\timingframework\1.0\timingframework-1.0.jar;C:\Users\rndpo\.m2\repository\com\miglayout\miglayout-swing\5.2\miglayout-swing-5.2.jar;C:\Users\rndpo\.m2\repository\coom\raven\swing-glasspane-pop-up\1.3.0\swing-glasspane-pop-up-1.3.0.jar;C:\Users\rndpo\.m2\repository\com\formdev\flatlaf-extras\3.2.5\flatlaf-extras-3.2.5.jar;C:\Users\rndpo\.m2\repository\com\github\weisj\jsvg\1.2.0\jsvg-1.2.0.jar;C:\Users\rndpo\.m2\repository\com\miglayout\miglayout-core\5.2\miglayout-core-5.2.jar;C:\Users\rndpo\.m2\repository\com\mysql\mysql-connector-j\8.3.0\mysql-connector-j-8.3.0.jar;C:\Users\rndpo\.m2\repository\com\google\protobuf\protobuf-java\3.25.1\protobuf-java-3.25.1.jar;C:\Users\rndpo\.m2\repository\org\mindrot\jbcrypt\0.4\jbcrypt-0.4.jar;C:\Users\rndpo\.m2\repository\net\proteanit\rs2xml\1.0\rs2xml-1.0.jar;C:\Users\rndpo\.m2\repository\com\toedter\jcalendar\1.4\jcalendar-1.4.jar;C:\Users\rndpo\.m2\repository\com\github\lgooddatepicker\LGoodDatePicker\11.2.1\LGoodDatePicker-11.2.1.jar;C:\Users\rndpo\.m2\repository\com\digitalpersona\dpuareu\1.0.0\dpuareu-1.0.0.jar;C:\Users\rndpo\.m2\repository\com\digitalpersona\onetouch\xmlParserAPIs\1.0.0\xmlParserAPIs-1.0.0.jar;C:\Users\rndpo\.m2\repository\com\digitalpersona\onetouch\xercesImpl\2.6.2\xercesImpl-2.6.2.jar;C:\Users\rndpo\.m2\repository\com\digitalpersona\onetouch\jpos113\1.0.0\jpos113-1.0.0.jar;C:\Users\rndpo\.m2\repository\com\digitalpersona\onetouch\dpjavapos\1.0.0\dpjavapos-1.0.0.jar
Launcher Type: SUN_STANDARD

Environment Variables:
JAVA_HOME=C:\Program Files\Java\jdk1.8.0_202
PATH=C:\Program Files\Java\jdk1.8.0_202\bin;C:\Program Files (x86)\Common Files\Oracle\Java\javapath;C:\Program Files\Common Files\Oracle\Java\javapath;C:\Windows\system32;C:\Windows;C:\Windows\System32\Wbem;C:\Windows\System32\WindowsPowerShell\v1.0\;C:\Windows\System32\OpenSSH\;C:\Program Files\apache-maven-3.9.10\bin;C:\cygwin64\bin;C:\Users\rndpo\AppData\Local\Microsoft\WindowsApps;
USERNAME=rndpo
OS=Windows_NT
PROCESSOR_IDENTIFIER=Intel64 Family 6 Model 170 Stepping 4, GenuineIntel



---------------  S Y S T E M  ---------------

OS: Windows 10.0 , 64 bit Build 26100 (10.0.26100.4484)

CPU:total 14 (initial active 14) (7 cores per cpu, 2 threads per core) family 6 model 170 stepping 4, cmov, cx8, fxsr, mmx, sse, sse2, sse3, ssse3, sse4.1, sse4.2, popcnt, avx, avx2, aes, clmul, erms, 3dnowpref, lzcnt, ht, tsc, tscinvbit, bmi1, bmi2, adx

Memory: 4k page, physical 8020176k(893480k free), swap 16526884k(391212k free)

vm_info: Java HotSpot(TM) 64-Bit Server VM (25.202-b08) for windows-amd64 JRE (1.8.0_202-b08), built on Dec 15 2018 19:54:30 by "java_re" with MS VC++ 10.0 (VS2010)

time: Mon Jul 28 16:58:41 2025
timezone: Malay Peninsula Standard Time
elapsed time: 26 seconds (0d 0h 0m 26s)

