#
# A fatal error has been detected by the Java Runtime Environment:
#
#  EXCEPTION_ACCESS_VIOLATION (0xc0000005) at pc=0x00000000717a6489, pid=11144, tid=0x00000000000060d0
#
# JRE version: Java(TM) SE Runtime Environment (8.0_202-b08) (build 1.8.0_202-b08)
# Java VM: Java HotSpot(TM) 64-Bit Server VM (25.202-b08 mixed mode windows-amd64 compressed oops)
# Problematic frame:
# V  [jvm.dll+0x146489]
#
# Failed to write core dump. Minidumps are not enabled by default on client versions of Windows
#
# If you would like to submit a bug report, please visit:
#   http://bugreport.java.com/bugreport/crash.jsp
#

---------------  T H R E A D  ---------------

Current thread (0x000000001b720800):  JavaThread "Thread-5" [_thread_in_vm, id=24784, stack(0x0000000021de0000,0x0000000021ee0000)]

siginfo: ExceptionCode=0xc0000005, reading address 0x0000000000000000

Registers:
RAX=0x0000000000000000, RBX=0x000000001b720800, RCX=0x0000000000000080, RDX=0x0000000000000000
RSP=0x0000000021edebd0, RBP=0x0000000021eded70, RSI=0x0000000021ededc8, RDI=0x0000000000000000
R8 =0x0000000021ededc8, R9 =0x0000000001010001, R10=0x0000000071e09eb0, R11=0x000000007188cf20
R12=0x0000000000000000, R13=0x0000000000000000, R14=0x0000000021ededd0, R15=0x000000001b720800
RIP=0x00000000717a6489, EFLAGS=0x0000000000010202

Top of Stack: (sp=0x0000000021edebd0)
0x0000000021edebd0:   0000000021edec00 0000000000000000
0x0000000021edebe0:   0000000000000000 00007ffbae331fc0
0x0000000021edebf0:   0000000000000000 00007ffbae33200a
0x0000000021edec00:   000000001b7209f8 0000000000000000
0x0000000021edec10:   000000001b720800 000000001f8e0090
0x0000000021edec20:   0000000021639080 0000000021ededd0
0x0000000021edec30:   000000001e33acd0 000000007171c576
0x0000000021edec40:   0000000021edf3e8 00000000191b7f10
0x0000000021edec50:   00000000000003d8 00000000191b7f20
0x0000000021edec60:   000001b621639080 000000001b720800
0x0000000021edec70:   0000000021639080 000000001b720800
0x0000000021edec80:   000000001b720800 0000000021ededd0
0x0000000021edec90:   0000000021639080 0000000000000000
0x0000000021edeca0:   0000000000000000 0000000000200020
0x0000000021edecb0:   0000000021639080 0000000002928c67
0x0000000021edecc0:   000000001e33acd0 00000000717184ea 

Instructions: (pc=0x00000000717a6489)
0x00000000717a6469:   a9 00 00 00 30 74 08 48 8b cb e8 28 dd 0f 00 c7
0x00000000717a6479:   83 70 02 00 00 06 00 00 00 80 3d b8 04 6d 00 00
0x00000000717a6489:   48 8b 0f b8 10 00 00 00 ba 0c 00 00 00 0f 45 c2
0x00000000717a6499:   48 98 8b 3c 08 c7 83 70 02 00 00 07 00 00 00 83 


Register to memory mapping:

RAX=0x0000000000000000 is an unknown value
RBX=0x000000001b720800 is a thread
RCX=0x0000000000000080 is an unknown value
RDX=0x0000000000000000 is an unknown value
RSP=0x0000000021edebd0 is pointing into the stack for thread: 0x000000001b720800
RBP=0x0000000021eded70 is pointing into the stack for thread: 0x000000001b720800
RSI=0x0000000021ededc8 is pointing into the stack for thread: 0x000000001b720800
RDI=0x0000000000000000 is an unknown value
R8 =0x0000000021ededc8 is pointing into the stack for thread: 0x000000001b720800
R9 =0x0000000001010001 is an unknown value
R10=0x0000000071e09eb0 is an unknown value
R11=0x000000007188cf20 is an unknown value
R12=0x0000000000000000 is an unknown value
R13=0x0000000000000000 is an unknown value
R14=0x0000000021ededd0 is pointing into the stack for thread: 0x000000001b720800
R15=0x000000001b720800 is a thread


Stack: [0x0000000021de0000,0x0000000021ee0000],  sp=0x0000000021edebd0,  free space=1018k
Native frames: (J=compiled Java code, j=interpreted, Vv=VM code, C=native code)
V  [jvm.dll+0x146489]
C  [dpuareu_jni.dll+0x200a]
C  0x0000000002928c67

Java frames: (J=compiled Java code, j=interpreted, Vv=VM code)
j  com.digitalpersona.uareu.jni.Dpfj.DpfjIdentify([BII[[BIILcom/digitalpersona/uareu/jni/Dpfj$IntReference;[Lcom/digitalpersona/uareu/Engine$Candidate;)I+0
j  com.digitalpersona.uareu.jni.Dpfj.identify(Lcom/digitalpersona/uareu/Fmd;I[Lcom/digitalpersona/uareu/Fmd;II)[Lcom/digitalpersona/uareu/Engine$Candidate;+148
j  com.digitalpersona.uareu.dpfj.EngineImpl.Identify(Lcom/digitalpersona/uareu/Fmd;I[Lcom/digitalpersona/uareu/Fmd;II)[Lcom/digitalpersona/uareu/Engine$Candidate;+11
j  Fingerprint.IdentificationThread.compareFmdToDatabaseFmds(Lcom/digitalpersona/uareu/Fmd;[Lcom/digitalpersona/uareu/Fmd;Ljava/util/ArrayList;)Z+73
j  Fingerprint.IdentificationThread.fmdIsAlreadyEnrolled(Lcom/digitalpersona/uareu/Fmd;Ljava/util/ArrayList;)Z+9
j  Fingerprint.EnrollmentThread.GetFmd(Lcom/digitalpersona/uareu/Fmd$Format;)Lcom/digitalpersona/uareu/Engine$PreEnrollmentFmd;+82
j  com.digitalpersona.uareu.dpfj.EngineImpl.CreateEnrollmentFmd(Lcom/digitalpersona/uareu/Fmd$Format;Lcom/digitalpersona/uareu/Engine$EnrollmentCallback;)Lcom/digitalpersona/uareu/Fmd;+82
j  Fingerprint.EnrollmentThread.startEnrollment()V+126
j  Fingerprint.EnrollmentThread.run()V+7
v  ~StubRoutines::call_stub

---------------  P R O C E S S  ---------------

Java Threads: ( => current thread )
  0x000000001b721800 JavaThread "Thread-7" [_thread_blocked, id=6544, stack(0x0000000021ee0000,0x0000000021fe0000)]
=>0x000000001b720800 JavaThread "Thread-5" [_thread_in_vm, id=24784, stack(0x0000000021de0000,0x0000000021ee0000)]
  0x0000000019334800 JavaThread "TimerQueue" daemon [_thread_blocked, id=25760, stack(0x000000001f000000,0x000000001f100000)]
  0x000000001db9b800 JavaThread "mysql-cj-abandoned-connection-cleanup" daemon [_thread_blocked, id=21992, stack(0x000000001eb00000,0x000000001ec00000)]
  0x000000000267e800 JavaThread "DestroyJavaVM" [_thread_blocked, id=26340, stack(0x0000000002710000,0x0000000002810000)]
  0x000000001b687800 JavaThread "Thread-3" [_thread_blocked, id=23724, stack(0x000000001d230000,0x000000001d330000)]
  0x000000001b5cf000 JavaThread "AWT-EventQueue-0" [_thread_blocked, id=8348, stack(0x000000001c9f0000,0x000000001caf0000)]
  0x000000001b315000 JavaThread "AWT-Windows" daemon [_thread_in_native, id=13760, stack(0x000000001bb40000,0x000000001bc40000)]
  0x000000001b310000 JavaThread "AWT-Shutdown" [_thread_blocked, id=30476, stack(0x000000001ba40000,0x000000001bb40000)]
  0x000000001b30f800 JavaThread "Java2D Disposer" daemon [_thread_blocked, id=10796, stack(0x000000001b940000,0x000000001ba40000)]
  0x0000000019206800 JavaThread "Service Thread" daemon [_thread_blocked, id=27376, stack(0x000000001ade0000,0x000000001aee0000)]
  0x000000001795b000 JavaThread "C1 CompilerThread3" daemon [_thread_blocked, id=14324, stack(0x000000001ace0000,0x000000001ade0000)]
  0x000000001795a000 JavaThread "C2 CompilerThread2" daemon [_thread_blocked, id=17604, stack(0x000000001abe0000,0x000000001ace0000)]
  0x0000000019171000 JavaThread "C2 CompilerThread1" daemon [_thread_blocked, id=13588, stack(0x000000001aae0000,0x000000001abe0000)]
  0x000000001916f800 JavaThread "C2 CompilerThread0" daemon [_thread_blocked, id=24740, stack(0x000000001a9e0000,0x000000001aae0000)]
  0x000000001916b000 JavaThread "Attach Listener" daemon [_thread_blocked, id=8104, stack(0x000000001a8e0000,0x000000001a9e0000)]
  0x0000000019168000 JavaThread "Signal Dispatcher" daemon [_thread_blocked, id=28748, stack(0x000000001a7e0000,0x000000001a8e0000)]
  0x0000000017951000 JavaThread "Finalizer" daemon [_thread_blocked, id=12088, stack(0x000000001a5d0000,0x000000001a6d0000)]
  0x0000000019154000 JavaThread "Reference Handler" daemon [_thread_blocked, id=16280, stack(0x000000001a4d0000,0x000000001a5d0000)]

Other Threads:
  0x0000000019133800 VMThread [stack: 0x000000001a3d0000,0x000000001a4d0000] [id=17924]
  0x0000000019214000 WatcherThread [stack: 0x000000001aee0000,0x000000001afe0000] [id=17072]

VM state:not at safepoint (normal execution)

VM Mutex/Monitor currently owned by a thread: None

heap address: 0x0000000085800000, size: 1960 MB, Compressed Oops mode: 32-bit
Narrow klass base: 0x0000000000000000, Narrow klass shift: 3
Compressed class space size: 1073741824 Address: 0x0000000100000000

Heap:
 PSYoungGen      total 112640K, used 63240K [0x00000000d7300000, 0x00000000e1280000, 0x0000000100000000)
  eden space 62976K, 91% used [0x00000000d7300000,0x00000000dab357a0,0x00000000db080000)
  from space 49664K, 11% used [0x00000000de200000,0x00000000de78cae8,0x00000000e1280000)
  to   space 50176K, 0% used [0x00000000db080000,0x00000000db080000,0x00000000de180000)
 ParOldGen       total 106496K, used 45402K [0x0000000085800000, 0x000000008c000000, 0x00000000d7300000)
  object space 106496K, 42% used [0x0000000085800000,0x0000000088456ab8,0x000000008c000000)
 Metaspace       used 28156K, capacity 29124K, committed 29440K, reserved 1075200K
  class space    used 3509K, capacity 3767K, committed 3840K, reserved 1048576K

Card table byte_map: [0x0000000011cd0000,0x00000000120b0000] byte_map_base: 0x00000000118a4000

Marking Bits: (ParMarkBitMap*) 0x0000000071e85ce0
 Begin Bits: [0x0000000012e40000, 0x0000000014ce0000)
 End Bits:   [0x0000000014ce0000, 0x0000000016b80000)

Polling page: 0x0000000000ce0000

CodeCache: size=245760Kb used=13995Kb max_used=14088Kb free=231764Kb
 bounds [0x0000000002910000, 0x00000000036f0000, 0x0000000011910000]
 total_blobs=4928 nmethods=4251 adapters=587
 compilation: enabled

Compilation events (10 events):
Event: 24.808 Thread 0x000000001795b000 4629       3       sun.java2d.pipe.Region::getInstanceXYWH (16 bytes)
Event: 24.808 Thread 0x000000001795b000 nmethod 4629 0x0000000002b339d0 code [0x0000000002b33b60, 0x0000000002b33ff0]
Event: 24.808 Thread 0x000000001795b000 4632       3       sun.awt.geom.AreaOp$CAGOp::newRow (16 bytes)
Event: 24.808 Thread 0x000000001795b000 nmethod 4632 0x0000000002b478d0 code [0x0000000002b47a20, 0x0000000002b47b70]
Event: 24.808 Thread 0x000000001795b000 4631       1       java.awt.geom.RoundRectIterator::getWindingRule (2 bytes)
Event: 24.808 Thread 0x000000001795b000 nmethod 4631 0x0000000002cc24d0 code [0x0000000002cc2620, 0x0000000002cc2730]
Event: 24.809 Thread 0x000000001795b000 4633  s    3       sun.font.T2KFontScaler::getGlyphMetrics (45 bytes)
Event: 24.809 Thread 0x000000001795b000 nmethod 4633 0x0000000002caa090 code [0x0000000002caa240, 0x0000000002caab08]
Event: 24.821 Thread 0x000000001795b000 4635       3       com.mysql.cj.util.StringInspector::getChar (25 bytes)
Event: 24.822 Thread 0x000000001795b000 nmethod 4635 0x0000000002d2ea50 code [0x0000000002d2ebe0, 0x0000000002d2ef88]

GC Heap History (10 events):
Event: 2.769 GC heap before
{Heap before GC invocations=3 (full 1):
 PSYoungGen      total 36864K, used 5118K [0x00000000d7300000, 0x00000000d9c00000, 0x0000000100000000)
  eden space 31744K, 0% used [0x00000000d7300000,0x00000000d7300000,0x00000000d9200000)
  from space 5120K, 99% used [0x00000000d9700000,0x00000000d9bff8a8,0x00000000d9c00000)
  to   space 5120K, 0% used [0x00000000d9200000,0x00000000d9200000,0x00000000d9700000)
 ParOldGen       total 84992K, used 51669K [0x0000000085800000, 0x000000008ab00000, 0x00000000d7300000)
  object space 84992K, 60% used [0x0000000085800000,0x0000000088a75548,0x000000008ab00000)
 Metaspace       used 20417K, capacity 21020K, committed 21248K, reserved 1067008K
  class space    used 2542K, capacity 2705K, committed 2816K, reserved 1048576K
Event: 2.790 GC heap after
Heap after GC invocations=3 (full 1):
 PSYoungGen      total 36864K, used 0K [0x00000000d7300000, 0x00000000d9c00000, 0x0000000100000000)
  eden space 31744K, 0% used [0x00000000d7300000,0x00000000d7300000,0x00000000d9200000)
  from space 5120K, 0% used [0x00000000d9700000,0x00000000d9700000,0x00000000d9c00000)
  to   space 5120K, 0% used [0x00000000d9200000,0x00000000d9200000,0x00000000d9700000)
 ParOldGen       total 106496K, used 18434K [0x0000000085800000, 0x000000008c000000, 0x00000000d7300000)
  object space 106496K, 17% used [0x0000000085800000,0x0000000086a00880,0x000000008c000000)
 Metaspace       used 20417K, capacity 21020K, committed 21248K, reserved 1067008K
  class space    used 2542K, capacity 2705K, committed 2816K, reserved 1048576K
}
Event: 8.736 GC heap before
{Heap before GC invocations=4 (full 1):
 PSYoungGen      total 36864K, used 31744K [0x00000000d7300000, 0x00000000d9c00000, 0x0000000100000000)
  eden space 31744K, 100% used [0x00000000d7300000,0x00000000d9200000,0x00000000d9200000)
  from space 5120K, 0% used [0x00000000d9700000,0x00000000d9700000,0x00000000d9c00000)
  to   space 5120K, 0% used [0x00000000d9200000,0x00000000d9200000,0x00000000d9700000)
 ParOldGen       total 106496K, used 18434K [0x0000000085800000, 0x000000008c000000, 0x00000000d7300000)
  object space 106496K, 17% used [0x0000000085800000,0x0000000086a00880,0x000000008c000000)
 Metaspace       used 23250K, capacity 23930K, committed 24064K, reserved 1071104K
  class space    used 2875K, capacity 3050K, committed 3072K, reserved 1048576K
Event: 8.742 GC heap after
Heap after GC invocations=4 (full 1):
 PSYoungGen      total 36864K, used 3622K [0x00000000d7300000, 0x00000000daa00000, 0x0000000100000000)
  eden space 31744K, 0% used [0x00000000d7300000,0x00000000d7300000,0x00000000d9200000)
  from space 5120K, 70% used [0x00000000d9200000,0x00000000d9589b18,0x00000000d9700000)
  to   space 5120K, 0% used [0x00000000da500000,0x00000000da500000,0x00000000daa00000)
 ParOldGen       total 106496K, used 18442K [0x0000000085800000, 0x000000008c000000, 0x00000000d7300000)
  object space 106496K, 17% used [0x0000000085800000,0x0000000086a02880,0x000000008c000000)
 Metaspace       used 23250K, capacity 23930K, committed 24064K, reserved 1071104K
  class space    used 2875K, capacity 3050K, committed 3072K, reserved 1048576K
}
Event: 11.999 GC heap before
{Heap before GC invocations=5 (full 1):
 PSYoungGen      total 36864K, used 35366K [0x00000000d7300000, 0x00000000daa00000, 0x0000000100000000)
  eden space 31744K, 100% used [0x00000000d7300000,0x00000000d9200000,0x00000000d9200000)
  from space 5120K, 70% used [0x00000000d9200000,0x00000000d9589b18,0x00000000d9700000)
  to   space 5120K, 0% used [0x00000000da500000,0x00000000da500000,0x00000000daa00000)
 ParOldGen       total 106496K, used 18442K [0x0000000085800000, 0x000000008c000000, 0x00000000d7300000)
  object space 106496K, 17% used [0x0000000085800000,0x0000000086a02880,0x000000008c000000)
 Metaspace       used 27057K, capacity 27916K, committed 28032K, reserved 1073152K
  class space    used 3416K, capacity 3645K, committed 3712K, reserved 1048576K
Event: 12.003 GC heap after
Heap after GC invocations=5 (full 1):
 PSYoungGen      total 49664K, used 5113K [0x00000000d7300000, 0x00000000daa00000, 0x0000000100000000)
  eden space 44544K, 0% used [0x00000000d7300000,0x00000000d7300000,0x00000000d9e80000)
  from space 5120K, 99% used [0x00000000da500000,0x00000000da9fe4d8,0x00000000daa00000)
  to   space 5120K, 0% used [0x00000000da000000,0x00000000da000000,0x00000000da500000)
 ParOldGen       total 106496K, used 45386K [0x0000000085800000, 0x000000008c000000, 0x00000000d7300000)
  object space 106496K, 42% used [0x0000000085800000,0x0000000088452ab8,0x000000008c000000)
 Metaspace       used 27057K, capacity 27916K, committed 28032K, reserved 1073152K
  class space    used 3416K, capacity 3645K, committed 3712K, reserved 1048576K
}
Event: 13.087 GC heap before
{Heap before GC invocations=6 (full 1):
 PSYoungGen      total 49664K, used 49657K [0x00000000d7300000, 0x00000000daa00000, 0x0000000100000000)
  eden space 44544K, 100% used [0x00000000d7300000,0x00000000d9e80000,0x00000000d9e80000)
  from space 5120K, 99% used [0x00000000da500000,0x00000000da9fe4d8,0x00000000daa00000)
  to   space 5120K, 0% used [0x00000000da000000,0x00000000da000000,0x00000000da500000)
 ParOldGen       total 106496K, used 45386K [0x0000000085800000, 0x000000008c000000, 0x00000000d7300000)
  object space 106496K, 42% used [0x0000000085800000,0x0000000088452ab8,0x000000008c000000)
 Metaspace       used 27420K, capacity 28278K, committed 28544K, reserved 1075200K
  class space    used 3448K, capacity 3652K, committed 3712K, reserved 1048576K
Event: 13.092 GC heap after
Heap after GC invocations=6 (full 1):
 PSYoungGen      total 51200K, used 4626K [0x00000000d7300000, 0x00000000e1480000, 0x0000000100000000)
  eden space 46080K, 0% used [0x00000000d7300000,0x00000000d7300000,0x00000000da000000)
  from space 5120K, 90% used [0x00000000da000000,0x00000000da484ac8,0x00000000da500000)
  to   space 51712K, 0% used [0x00000000de200000,0x00000000de200000,0x00000000e1480000)
 ParOldGen       total 106496K, used 45394K [0x0000000085800000, 0x000000008c000000, 0x00000000d7300000)
  object space 106496K, 42% used [0x0000000085800000,0x0000000088454ab8,0x000000008c000000)
 Metaspace       used 27420K, capacity 28278K, committed 28544K, reserved 1075200K
  class space    used 3448K, capacity 3652K, committed 3712K, reserved 1048576K
}
Event: 14.115 GC heap before
{Heap before GC invocations=7 (full 1):
 PSYoungGen      total 51200K, used 50706K [0x00000000d7300000, 0x00000000e1480000, 0x0000000100000000)
  eden space 46080K, 100% used [0x00000000d7300000,0x00000000da000000,0x00000000da000000)
  from space 5120K, 90% used [0x00000000da000000,0x00000000da484ac8,0x00000000da500000)
  to   space 51712K, 0% used [0x00000000de200000,0x00000000de200000,0x00000000e1480000)
 ParOldGen       total 106496K, used 45394K [0x0000000085800000, 0x000000008c000000, 0x00000000d7300000)
  object space 106496K, 42% used [0x0000000085800000,0x0000000088454ab8,0x000000008c000000)
 Metaspace       used 27633K, capacity 28468K, committed 28544K, reserved 1075200K
  class space    used 3453K, capacity 3661K, committed 3712K, reserved 1048576K
Event: 14.118 GC heap after
Heap after GC invocations=7 (full 1):
 PSYoungGen      total 112640K, used 5682K [0x00000000d7300000, 0x00000000e1280000, 0x0000000100000000)
  eden space 62976K, 0% used [0x00000000d7300000,0x00000000d7300000,0x00000000db080000)
  from space 49664K, 11% used [0x00000000de200000,0x00000000de78cae8,0x00000000e1280000)
  to   space 50176K, 0% used [0x00000000db080000,0x00000000db080000,0x00000000de180000)
 ParOldGen       total 106496K, used 45402K [0x0000000085800000, 0x000000008c000000, 0x00000000d7300000)
  object space 106496K, 42% used [0x0000000085800000,0x0000000088456ab8,0x000000008c000000)
 Metaspace       used 27633K, capacity 28468K, committed 28544K, reserved 1075200K
  class space    used 3453K, capacity 3661K, committed 3712K, reserved 1048576K
}

Deoptimization events (10 events):
Event: 15.332 Thread 0x000000001b5cf000 Uncommon trap: reason=unstable_if action=reinterpret pc=0x00000000032d3808 method=java.awt.Container.findComponentAtImpl(IIZ)Ljava/awt/Component; @ 103
Event: 15.452 Thread 0x000000001b5cf000 Uncommon trap: reason=unstable_if action=reinterpret pc=0x00000000032510e4 method=java.awt.Rectangle.inside(II)Z @ 35
Event: 16.389 Thread 0x000000001b5cf000 Uncommon trap: reason=class_check action=maybe_recompile pc=0x0000000003511f4c method=javax.swing.GroupLayout$AutoPreferredGapSpring.calculatePadding(Ljavax/swing/LayoutStyle;ILjavax/swing/GroupLayout$ComponentSpring;Ljavax/swing/GroupLayout$ComponentSpri
Event: 16.390 Thread 0x000000001b5cf000 Uncommon trap: reason=class_check action=maybe_recompile pc=0x0000000003511f20 method=javax.swing.GroupLayout$AutoPreferredGapSpring.calculatePadding(Ljavax/swing/LayoutStyle;ILjavax/swing/GroupLayout$ComponentSpring;Ljavax/swing/GroupLayout$ComponentSpri
Event: 16.390 Thread 0x000000001b5cf000 Uncommon trap: reason=unstable_if action=reinterpret pc=0x0000000003512664 method=sun.swing.DefaultLayoutStyle.getPreferredGap(Ljavax/swing/JComponent;Ljavax/swing/JComponent;Ljavax/swing/LayoutStyle$ComponentPlacement;ILjava/awt/Container;)I @ 67
Event: 16.390 Thread 0x000000001b5cf000 Uncommon trap: reason=class_check action=maybe_recompile pc=0x0000000003511f20 method=javax.swing.GroupLayout$AutoPreferredGapSpring.calculatePadding(Ljavax/swing/LayoutStyle;ILjavax/swing/GroupLayout$ComponentSpring;Ljavax/swing/GroupLayout$ComponentSpri
Event: 16.390 Thread 0x000000001b5cf000 Uncommon trap: reason=class_check action=maybe_recompile pc=0x0000000003511f4c method=javax.swing.GroupLayout$AutoPreferredGapSpring.calculatePadding(Ljavax/swing/LayoutStyle;ILjavax/swing/GroupLayout$ComponentSpring;Ljavax/swing/GroupLayout$ComponentSpri
Event: 16.403 Thread 0x000000001b5cf000 Uncommon trap: reason=unstable_if action=reinterpret pc=0x00000000034c908c method=javax.swing.SwingUtilities.getValidateRoot(Ljava/awt/Container;Z)Ljava/awt/Container; @ 17
Event: 21.165 Thread 0x000000001b5cf000 Uncommon trap: reason=class_check action=maybe_recompile pc=0x0000000002fe5a70 method=java.util.regex.Pattern$Curly.match(Ljava/util/regex/Matcher;ILjava/lang/CharSequence;)Z @ 19
Event: 21.182 Thread 0x000000001b5cf000 Uncommon trap: reason=null_check action=make_not_entrant pc=0x00000000036cc458 method=com.formdev.flatlaf.ui.FlatButtonUI.isToolBarButton(Ljava/awt/Component;)Z @ 26

Classes redefined (0 events):
No events

Internal exceptions (10 events):
Event: 8.843 Thread 0x000000001b5cf000 Exception <a 'java/lang/ArrayIndexOutOfBoundsException': 18> (0x00000000d76cdfe8) thrown at [C:\re\workspace\8-2-build-windows-amd64-cygwin\jdk8u202\12323\hotspot\src\share\vm\interpreter\interpreterRuntime.cpp, line 368]
Event: 8.843 Thread 0x000000001b5cf000 Exception <a 'java/lang/ArrayIndexOutOfBoundsException': 22> (0x00000000d76d18e8) thrown at [C:\re\workspace\8-2-build-windows-amd64-cygwin\jdk8u202\12323\hotspot\src\share\vm\interpreter\interpreterRuntime.cpp, line 368]
Event: 8.844 Thread 0x000000001b5cf000 Exception <a 'java/lang/ArrayIndexOutOfBoundsException': 160> (0x00000000d76d42d8) thrown at [C:\re\workspace\8-2-build-windows-amd64-cygwin\jdk8u202\12323\hotspot\src\share\vm\interpreter\interpreterRuntime.cpp, line 368]
Event: 8.846 Thread 0x000000001b5cf000 Exception <a 'java/lang/ClassNotFoundException': net/miginfocom/layout/UnitValueCustomizer> (0x00000000d76dece8) thrown at [C:\re\workspace\8-2-build-windows-amd64-cygwin\jdk8u202\12323\hotspot\src\share\vm\classfile\systemDictionary.cpp, line 210]
Event: 8.847 Thread 0x000000001b5cf000 Exception <a 'java/lang/ClassNotFoundException': java/lang/ObjectCustomizer> (0x00000000d76ffbe0) thrown at [C:\re\workspace\8-2-build-windows-amd64-cygwin\jdk8u202\12323\hotspot\src\share\vm\classfile\systemDictionary.cpp, line 210]
Event: 8.848 Thread 0x000000001b5cf000 Exception <a 'java/lang/ClassNotFoundException': net/miginfocom/layout/BoundSizeCustomizer> (0x00000000d770c268) thrown at [C:\re\workspace\8-2-build-windows-amd64-cygwin\jdk8u202\12323\hotspot\src\share\vm\classfile\systemDictionary.cpp, line 210]
Event: 13.066 Thread 0x000000001b5cf000 Implicit null exception at 0x00000000034d387f to 0x00000000034d4451
Event: 13.076 Thread 0x000000001b5cf000 Implicit null exception at 0x00000000034e79fd to 0x00000000034e84e1
Event: 15.332 Thread 0x000000001b5cf000 Implicit null exception at 0x00000000032d3477 to 0x00000000032d37cc
Event: 21.182 Thread 0x000000001b5cf000 Implicit null exception at 0x00000000036cc30b to 0x00000000036cc44d

Events (10 events):
Event: 24.821 Executing VM operation: RevokeBias
Event: 24.822 Executing VM operation: RevokeBias done
Event: 24.822 Thread 0x000000001795b000 flushing nmethod 0x0000000002fa5d50
Event: 24.822 Thread 0x000000001795b000 flushing nmethod 0x0000000002fafad0
Event: 24.822 Executing VM operation: RevokeBias
Event: 24.822 Executing VM operation: RevokeBias done
Event: 24.837 loading class com/digitalpersona/uareu/Engine$Candidate
Event: 24.837 loading class com/digitalpersona/uareu/Engine$Candidate done
Event: 24.838 loading class com/digitalpersona/uareu/jni/Dpfj$IntReference
Event: 24.838 loading class com/digitalpersona/uareu/jni/Dpfj$IntReference done


Dynamic libraries:
0x00007ff6deba0000 - 0x00007ff6debd7000 	C:\Program Files\Java\jdk1.8.0_202\bin\java.exe
0x00007ffc04e60000 - 0x00007ffc050c8000 	C:\Windows\SYSTEM32\ntdll.dll
0x00007ffc03480000 - 0x00007ffc03549000 	C:\Windows\System32\KERNEL32.DLL
0x00007ffc026a0000 - 0x00007ffc02a8d000 	C:\Windows\System32\KERNELBASE.dll
0x00007ffc032d0000 - 0x00007ffc03384000 	C:\Windows\System32\ADVAPI32.dll
0x00007ffc02c60000 - 0x00007ffc02d09000 	C:\Windows\System32\msvcrt.dll
0x00007ffc03390000 - 0x00007ffc03436000 	C:\Windows\System32\sechost.dll
0x00007ffc02fe0000 - 0x00007ffc030f8000 	C:\Windows\System32\RPCRT4.dll
0x00007ffc02d90000 - 0x00007ffc02f5c000 	C:\Windows\System32\USER32.dll
0x00007ffc02bd0000 - 0x00007ffc02bf7000 	C:\Windows\System32\win32u.dll
0x00007ffc03450000 - 0x00007ffc0347b000 	C:\Windows\System32\GDI32.dll
0x00007ffc02a90000 - 0x00007ffc02bc7000 	C:\Windows\System32\gdi32full.dll
0x00007ffc023d0000 - 0x00007ffc02473000 	C:\Windows\System32\msvcp_win.dll
0x00007ffc02280000 - 0x00007ffc023cb000 	C:\Windows\System32\ucrtbase.dll
0x00007ffbe1b50000 - 0x00007ffbe1dea000 	C:\Windows\WinSxS\amd64_microsoft.windows.common-controls_6595b64144ccf1df_6.0.26100.4484_none_3e0e6d4ce32ef3b3\COMCTL32.dll
0x00007ffc02c00000 - 0x00007ffc02c2f000 	C:\Windows\System32\IMM32.DLL
0x0000000071f10000 - 0x0000000071fe2000 	C:\Program Files\Java\jdk1.8.0_202\jre\bin\msvcr100.dll
0x0000000071660000 - 0x0000000071f05000 	C:\Program Files\Java\jdk1.8.0_202\jre\bin\server\jvm.dll
0x00007ffc03440000 - 0x00007ffc03448000 	C:\Windows\System32\PSAPI.DLL
0x00007ffbfc930000 - 0x00007ffbfc93a000 	C:\Windows\SYSTEM32\WSOCK32.dll
0x00007ffbee6f0000 - 0x00007ffbee6fb000 	C:\Windows\SYSTEM32\VERSION.dll
0x00007ffc02d10000 - 0x00007ffc02d84000 	C:\Windows\System32\WS2_32.dll
0x00007ffbf88a0000 - 0x00007ffbf88d5000 	C:\Windows\SYSTEM32\WINMM.dll
0x00007ffbedc30000 - 0x00007ffbedc3f000 	C:\Program Files\Java\jdk1.8.0_202\jre\bin\verify.dll
0x00007ffbec3a0000 - 0x00007ffbec3c9000 	C:\Program Files\Java\jdk1.8.0_202\jre\bin\java.dll
0x00007ffbed960000 - 0x00007ffbed976000 	C:\Program Files\Java\jdk1.8.0_202\jre\bin\zip.dll
0x00007ffc03f00000 - 0x00007ffc0464a000 	C:\Windows\System32\SHELL32.dll
0x00007ffc02520000 - 0x00007ffc02694000 	C:\Windows\System32\wintypes.dll
0x00007ffc049a0000 - 0x00007ffc04d26000 	C:\Windows\System32\combase.dll
0x00007ffbffbc0000 - 0x00007ffc0041b000 	C:\Windows\SYSTEM32\windows.storage.dll
0x00007ffc03bb0000 - 0x00007ffc03ca5000 	C:\Windows\System32\SHCORE.dll
0x00007ffc04650000 - 0x00007ffc046ba000 	C:\Windows\System32\shlwapi.dll
0x00007ffc01ec0000 - 0x00007ffc01eef000 	C:\Windows\SYSTEM32\profapi.dll
0x00007ffbebe30000 - 0x00007ffbebfc9000 	C:\Program Files\Java\jdk1.8.0_202\jre\bin\awt.dll
0x00007ffc04d30000 - 0x00007ffc04e10000 	C:\Windows\System32\OLEAUT32.dll
0x00007ffbfea80000 - 0x00007ffbfeb1e000 	C:\Windows\SYSTEM32\apphelp.dll
0x00007ffbec230000 - 0x00007ffbec24a000 	C:\Program Files\Java\jdk1.8.0_202\jre\bin\net.dll
0x00007ffbeba50000 - 0x00007ffbebc34000 	C:\Windows\SYSTEM32\urlmon.dll
0x00007ffbeb780000 - 0x00007ffbeba4b000 	C:\Windows\SYSTEM32\iertutil.dll
0x00007ffc00a40000 - 0x00007ffc00a4d000 	C:\Windows\SYSTEM32\netutils.dll
0x00007ffbed230000 - 0x00007ffbed259000 	C:\Windows\SYSTEM32\srvcli.dll
0x00007ffc012e0000 - 0x00007ffc0134a000 	C:\Windows\system32\mswsock.dll
0x00007ffbec210000 - 0x00007ffbec222000 	C:\Program Files\Java\jdk1.8.0_202\jre\bin\nio.dll
0x00007ffbec200000 - 0x00007ffbec206000 	C:\Users\rndpo\AppData\Local\Temp\flatlaf.temp\flatlaf-windows-x86_64-10591597650369000.dll
0x00007ffbfefa0000 - 0x00007ffbfefd6000 	C:\Windows\SYSTEM32\dwmapi.dll
0x00007ffbfec80000 - 0x00007ffbfed2f000 	C:\Windows\system32\uxtheme.dll
0x00007ffc03d40000 - 0x00007ffc03ea0000 	C:\Windows\System32\MSCTF.dll
0x00007ffc03120000 - 0x00007ffc032be000 	C:\Windows\System32\ole32.dll
0x00007ffc00c90000 - 0x00007ffc00cab000 	C:\Windows\SYSTEM32\kernel.appcore.dll
0x00007ffc02480000 - 0x00007ffc02519000 	C:\Windows\System32\bcryptPrimitives.dll
0x00007ffbec020000 - 0x00007ffbec067000 	C:\Program Files\Java\jdk1.8.0_202\jre\bin\fontmanager.dll
0x00007ffbb46b0000 - 0x00007ffbb47c8000 	C:\Windows\system32\opengl32.dll
0x00007ffbe1ff0000 - 0x00007ffbe201d000 	C:\Windows\SYSTEM32\GLU32.dll
0x00007ffbfefe0000 - 0x00007ffbff02d000 	C:\Windows\SYSTEM32\dxcore.dll
0x00007ffbec1d0000 - 0x00007ffbec1d7000 	C:\Program Files\Java\jdk1.8.0_202\jre\bin\jawt.dll
0x00007ffbebde0000 - 0x00007ffbebe22000 	C:\Program Files\Java\jdk1.8.0_202\jre\bin\t2k.dll
0x00007ffc015a0000 - 0x00007ffc015bb000 	C:\Windows\SYSTEM32\CRYPTSP.dll
0x00007ffc00cb0000 - 0x00007ffc00ceb000 	C:\Windows\system32\rsaenh.dll
0x00007ffc01380000 - 0x00007ffc013ab000 	C:\Windows\SYSTEM32\USERENV.dll
0x00007ffc01e90000 - 0x00007ffc01eb6000 	C:\Windows\SYSTEM32\bcrypt.dll
0x00007ffc01590000 - 0x00007ffc0159c000 	C:\Windows\SYSTEM32\CRYPTBASE.dll
0x00007ffc00720000 - 0x00007ffc00753000 	C:\Windows\SYSTEM32\IPHLPAPI.DLL
0x00007ffc02c50000 - 0x00007ffc02c5a000 	C:\Windows\System32\NSI.dll
0x00007ffbfa820000 - 0x00007ffbfa83f000 	C:\Windows\SYSTEM32\dhcpcsvc6.DLL
0x00007ffbfa7a0000 - 0x00007ffbfa7c5000 	C:\Windows\SYSTEM32\dhcpcsvc.DLL
0x00007ffc007b0000 - 0x00007ffc008d6000 	C:\Windows\SYSTEM32\DNSAPI.dll
0x00007ffbe58c0000 - 0x00007ffbe5a10000 	C:\Windows\SYSTEM32\textinputframework.dll
0x00007ffbebd70000 - 0x00007ffbebd9a000 	C:\Program Files\Java\jdk1.8.0_202\jre\bin\dcpr.dll
0x00007ffbfe6a0000 - 0x00007ffbfe7c5000 	C:\Windows\SYSTEM32\CoreMessaging.dll
0x00007ffbfa960000 - 0x00007ffbfac43000 	C:\Windows\SYSTEM32\CoreUIComponents.dll
0x00007ffc039e0000 - 0x00007ffc03a88000 	C:\Windows\System32\clbcatq.dll
0x00007ffbfd2a0000 - 0x00007ffbfd4db000 	C:\Windows\SYSTEM32\WindowsCodecs.dll
0x00007ffbe4ee0000 - 0x00007ffbe4f3a000 	C:\Windows\system32\dataexchange.dll
0x00007ffbef960000 - 0x00007ffbefb98000 	C:\Windows\system32\twinapi.appcore.dll
0x00007ffbf0360000 - 0x00007ffbf036b000 	C:\Windows\System32\rasadhlp.dll
0x00007ffbfb0c0000 - 0x00007ffbfb146000 	C:\Windows\System32\fwpuclnt.dll
0x00007ffbe4730000 - 0x00007ffbe4754000 	C:\Program Files\Java\jdk1.8.0_202\jre\bin\sunec.dll
0x00007ffbae330000 - 0x00007ffbae361000 	C:\Windows\System32\dpuareu_jni.dll
0x00007ffbae2c0000 - 0x00007ffbae326000 	C:\Windows\SYSTEM32\dpfj.dll
0x00007ffbae270000 - 0x00007ffbae2b2000 	C:\Windows\SYSTEM32\dpfr6.dll
0x00007ffbae230000 - 0x00007ffbae26d000 	C:\Windows\SYSTEM32\dpfpdd.dll
0x00007ffb6ef60000 - 0x00007ffb6efd3000 	C:\Windows\SYSTEM32\nex_sdk.dll
0x00007ffbee470000 - 0x00007ffbee51f000 	C:\Windows\SYSTEM32\DPFPApi.DLL
0x00007ffc01fb0000 - 0x00007ffc02127000 	C:\Windows\System32\CRYPT32.dll
0x00007ffbedcd0000 - 0x00007ffbedd28000 	C:\Windows\system32\DPCLBACK.dll
0x00007ffbee700000 - 0x00007ffbee71a000 	C:\Windows\SYSTEM32\NETAPI32.dll
0x00007ffc00e80000 - 0x00007ffc00eb6000 	C:\Windows\SYSTEM32\ntmarta.dll
0x00007ffbed150000 - 0x00007ffbed194000 	C:\Windows\SYSTEM32\dpDevDatx64.dll
0x00007ffb6ebb0000 - 0x00007ffb6ec17000 	C:\Windows\SYSTEM32\dpfpdd5000.dll
0x00007ffc03550000 - 0x00007ffc039d6000 	C:\Windows\System32\SETUPAPI.dll
0x00007ffc01b20000 - 0x00007ffc01b77000 	C:\Windows\SYSTEM32\cfgmgr32.DLL
0x00007ffbe4700000 - 0x00007ffbe472f000 	C:\Windows\SYSTEM32\dpfpdd_ptapi.dll
0x0000000047000000 - 0x000000004710b000 	C:\Windows\SYSTEM32\tfm.dll
0x00007ffc02130000 - 0x00007ffc021b4000 	C:\Windows\System32\WINTRUST.dll
0x00007ffc00420000 - 0x00007ffc0042f000 	C:\Windows\SYSTEM32\HID.DLL
0x00007ffc016c0000 - 0x00007ffc016d3000 	C:\Windows\SYSTEM32\MSASN1.dll
0x00007ffbae1e0000 - 0x00007ffbae22b000 	C:\Windows\SYSTEM32\dpfpdd7k.dll
0x00007ffc01af0000 - 0x00007ffc01b1d000 	C:\Windows\SYSTEM32\DEVOBJ.dll
0x00007ffbff5f0000 - 0x00007ffbff831000 	C:\Windows\SYSTEM32\dbghelp.dll

VM Arguments:
java_command: com.trialapp.trialams1.TrialAMS1
java_class_path (initial): C:\Users\rndpo\OneDrive\Desktop\NetBeansProjects\MockICTAcess\target\classes;C:\Users\rndpo\.m2\repository\com\formdev\flatlaf\3.5.4\flatlaf-3.5.4.jar;C:\Users\rndpo\.m2\repository\org\netbeans\external\AbsoluteLayout\RELEASE220\AbsoluteLayout-RELEASE220.jar;C:\Users\rndpo\.m2\repository\net\java\dev\timingframework\timingframework\1.0\timingframework-1.0.jar;C:\Users\rndpo\.m2\repository\com\miglayout\miglayout-swing\5.2\miglayout-swing-5.2.jar;C:\Users\rndpo\.m2\repository\coom\raven\swing-glasspane-pop-up\1.3.0\swing-glasspane-pop-up-1.3.0.jar;C:\Users\rndpo\.m2\repository\com\formdev\flatlaf-extras\3.2.5\flatlaf-extras-3.2.5.jar;C:\Users\rndpo\.m2\repository\com\github\weisj\jsvg\1.2.0\jsvg-1.2.0.jar;C:\Users\rndpo\.m2\repository\com\miglayout\miglayout-core\5.2\miglayout-core-5.2.jar;C:\Users\rndpo\.m2\repository\com\mysql\mysql-connector-j\8.3.0\mysql-connector-j-8.3.0.jar;C:\Users\rndpo\.m2\repository\com\google\protobuf\protobuf-java\3.25.1\protobuf-java-3.25.1.jar;C:\Users\rndpo\.m2\repository\org\mindrot\jbcrypt\0.4\jbcrypt-0.4.jar;C:\Users\rndpo\.m2\repository\net\proteanit\rs2xml\1.0\rs2xml-1.0.jar;C:\Users\rndpo\.m2\repository\com\toedter\jcalendar\1.4\jcalendar-1.4.jar;C:\Users\rndpo\.m2\repository\com\github\lgooddatepicker\LGoodDatePicker\11.2.1\LGoodDatePicker-11.2.1.jar;C:\Users\rndpo\.m2\repository\com\digitalpersona\dpuareu\1.0.0\dpuareu-1.0.0.jar;C:\Users\rndpo\.m2\repository\com\digitalpersona\onetouch\xmlParserAPIs\1.0.0\xmlParserAPIs-1.0.0.jar;C:\Users\rndpo\.m2\repository\com\digitalpersona\onetouch\xercesImpl\2.6.2\xercesImpl-2.6.2.jar;C:\Users\rndpo\.m2\repository\com\digitalpersona\onetouch\jpos113\1.0.0\jpos113-1.0.0.jar;C:\Users\rndpo\.m2\repository\com\digitalpersona\onetouch\dpjavapos\1.0.0\dpjavapos-1.0.0.jar
Launcher Type: SUN_STANDARD

Environment Variables:
JAVA_HOME=C:\Program Files\Java\jdk1.8.0_202
PATH=C:\Program Files\Java\jdk1.8.0_202\bin;C:\Program Files (x86)\Common Files\Oracle\Java\javapath;C:\Program Files\Common Files\Oracle\Java\javapath;C:\Windows\system32;C:\Windows;C:\Windows\System32\Wbem;C:\Windows\System32\WindowsPowerShell\v1.0\;C:\Windows\System32\OpenSSH\;C:\Program Files\apache-maven-3.9.10\bin;C:\cygwin64\bin;C:\Users\rndpo\AppData\Local\Microsoft\WindowsApps;
USERNAME=rndpo
OS=Windows_NT
PROCESSOR_IDENTIFIER=Intel64 Family 6 Model 170 Stepping 4, GenuineIntel



---------------  S Y S T E M  ---------------

OS: Windows 10.0 , 64 bit Build 26100 (10.0.26100.4484)

CPU:total 14 (initial active 14) (7 cores per cpu, 2 threads per core) family 6 model 170 stepping 4, cmov, cx8, fxsr, mmx, sse, sse2, sse3, ssse3, sse4.1, sse4.2, popcnt, avx, avx2, aes, clmul, erms, 3dnowpref, lzcnt, ht, tsc, tscinvbit, bmi1, bmi2, adx

Memory: 4k page, physical 8020176k(934032k free), swap 16526884k(623332k free)

vm_info: Java HotSpot(TM) 64-Bit Server VM (25.202-b08) for windows-amd64 JRE (1.8.0_202-b08), built on Dec 15 2018 19:54:30 by "java_re" with MS VC++ 10.0 (VS2010)

time: Mon Jul 28 16:06:54 2025
timezone: Malay Peninsula Standard Time
elapsed time: 24 seconds (0d 0h 0m 24s)

