#
# A fatal error has been detected by the Java Runtime Environment:
#
#  EXCEPTION_ACCESS_VIOLATION (0xc0000005) at pc=0x00000000717a6489, pid=16436, tid=0x00000000000023e4
#
# JRE version: Java(TM) SE Runtime Environment (8.0_202-b08) (build 1.8.0_202-b08)
# Java VM: Java HotSpot(TM) 64-Bit Server VM (25.202-b08 mixed mode windows-amd64 compressed oops)
# Problematic frame:
# V  [jvm.dll+0x146489]
#
# Failed to write core dump. Minidumps are not enabled by default on client versions of Windows
#
# If you would like to submit a bug report, please visit:
#   http://bugreport.java.com/bugreport/crash.jsp
#

---------------  T H R E A D  ---------------

Current thread (0x000000001edaa800):  JavaThread "Thread-5" [_thread_in_vm, id=9188, stack(0x0000000023170000,0x0000000023270000)]

siginfo: ExceptionCode=0xc0000005, reading address 0x0000000000000000

Registers:
RAX=0x0000000000000000, RBX=0x000000001edaa800, RCX=0x0000000000000a80, RDX=0x0000000000000000
RSP=0x000000002326ef50, RBP=0x000000002326f0e8, RSI=0x000000002326f140, RDI=0x0000000000000000
R8 =0x000000002326f140, R9 =0x0000000001010001, R10=0x0000000071e09eb0, R11=0x000000007188cf20
R12=0x0000000000000000, R13=0x0000000000000000, R14=0x000000002326f148, R15=0x000000001edaa800
RIP=0x00000000717a6489, EFLAGS=0x0000000000010202

Top of Stack: (sp=0x000000002326ef50)
0x000000002326ef50:   000000002326f000 0000000000000000
0x000000002326ef60:   0000000000000000 00007ffb63211fc0
0x000000002326ef70:   0000000000000000 00007ffb6321200a
0x000000002326ef80:   000000001edaa9f8 0000000000000000
0x000000002326ef90:   000000001edaa800 000000001e409060
0x000000002326efa0:   0000000022b4d040 000000002326f148
0x000000002326efb0:   000000001e0fcfc0 000000007171c576
0x000000002326efc0:   000000002326f778 000000001e6d2e80
0x000000002326efd0:   00000000000003d8 000000001e6d2e90
0x000000002326efe0:   000001b622b4d040 000000001edaa800
0x000000002326eff0:   0000000022b4d040 000000001edaa800
0x000000002326f000:   000000001edaa800 000000002326f148
0x000000002326f010:   0000000022b4d040 0000000000000000
0x000000002326f020:   0000000000000000 0000000000200020
0x000000002326f030:   0000000022b4d040 0000000002cd8c67
0x000000002326f040:   000000001e0fcfc0 00000000717184ea 

Instructions: (pc=0x00000000717a6489)
0x00000000717a6469:   a9 00 00 00 30 74 08 48 8b cb e8 28 dd 0f 00 c7
0x00000000717a6479:   83 70 02 00 00 06 00 00 00 80 3d b8 04 6d 00 00
0x00000000717a6489:   48 8b 0f b8 10 00 00 00 ba 0c 00 00 00 0f 45 c2
0x00000000717a6499:   48 98 8b 3c 08 c7 83 70 02 00 00 07 00 00 00 83 


Register to memory mapping:

RAX=0x0000000000000000 is an unknown value
RBX=0x000000001edaa800 is a thread
RCX=0x0000000000000a80 is an unknown value
RDX=0x0000000000000000 is an unknown value
RSP=0x000000002326ef50 is pointing into the stack for thread: 0x000000001edaa800
RBP=0x000000002326f0e8 is pointing into the stack for thread: 0x000000001edaa800
RSI=0x000000002326f140 is pointing into the stack for thread: 0x000000001edaa800
RDI=0x0000000000000000 is an unknown value
R8 =0x000000002326f140 is pointing into the stack for thread: 0x000000001edaa800
R9 =0x0000000001010001 is an unknown value
R10=0x0000000071e09eb0 is an unknown value
R11=0x000000007188cf20 is an unknown value
R12=0x0000000000000000 is an unknown value
R13=0x0000000000000000 is an unknown value
R14=0x000000002326f148 is pointing into the stack for thread: 0x000000001edaa800
R15=0x000000001edaa800 is a thread


Stack: [0x0000000023170000,0x0000000023270000],  sp=0x000000002326ef50,  free space=1019k
Native frames: (J=compiled Java code, j=interpreted, Vv=VM code, C=native code)
V  [jvm.dll+0x146489]
C  [dpuareu_jni.dll+0x200a]
C  0x0000000002cd8c67

Java frames: (J=compiled Java code, j=interpreted, Vv=VM code)
j  com.digitalpersona.uareu.jni.Dpfj.DpfjIdentify([BII[[BIILcom/digitalpersona/uareu/jni/Dpfj$IntReference;[Lcom/digitalpersona/uareu/Engine$Candidate;)I+0
j  com.digitalpersona.uareu.jni.Dpfj.identify(Lcom/digitalpersona/uareu/Fmd;I[Lcom/digitalpersona/uareu/Fmd;II)[Lcom/digitalpersona/uareu/Engine$Candidate;+148
j  com.digitalpersona.uareu.dpfj.EngineImpl.Identify(Lcom/digitalpersona/uareu/Fmd;I[Lcom/digitalpersona/uareu/Fmd;II)[Lcom/digitalpersona/uareu/Engine$Candidate;+11
j  Fingerprint.IdentificationThread.compareFmdToDatabaseFmds(Lcom/digitalpersona/uareu/Fmd;[Lcom/digitalpersona/uareu/Fmd;Ljava/util/ArrayList;)Z+162
j  Fingerprint.IdentificationThread.fmdIsAlreadyEnrolled(Lcom/digitalpersona/uareu/Fmd;Ljava/util/ArrayList;)Z+54
j  Fingerprint.EnrollmentThread.GetFmd(Lcom/digitalpersona/uareu/Fmd$Format;)Lcom/digitalpersona/uareu/Engine$PreEnrollmentFmd;+220
j  com.digitalpersona.uareu.dpfj.EngineImpl.CreateEnrollmentFmd(Lcom/digitalpersona/uareu/Fmd$Format;Lcom/digitalpersona/uareu/Engine$EnrollmentCallback;)Lcom/digitalpersona/uareu/Fmd;+82
j  Fingerprint.EnrollmentThread.startEnrollment()V+162
j  Fingerprint.EnrollmentThread.run()V+16
v  ~StubRoutines::call_stub

---------------  P R O C E S S  ---------------

Java Threads: ( => current thread )
  0x000000001edab000 JavaThread "Thread-7" [_thread_blocked, id=9540, stack(0x0000000023270000,0x0000000023370000)]
=>0x000000001edaa800 JavaThread "Thread-5" [_thread_in_vm, id=9188, stack(0x0000000023170000,0x0000000023270000)]
  0x000000001de87000 JavaThread "TimerQueue" daemon [_thread_blocked, id=23280, stack(0x000000001f350000,0x000000001f450000)]
  0x000000001e28c800 JavaThread "mysql-cj-abandoned-connection-cleanup" daemon [_thread_blocked, id=2196, stack(0x000000001ee50000,0x000000001ef50000)]
  0x00000000011be800 JavaThread "DestroyJavaVM" [_thread_blocked, id=7832, stack(0x0000000002a10000,0x0000000002b10000)]
  0x000000001ba1d000 JavaThread "Thread-3" [_thread_blocked, id=5092, stack(0x000000001d580000,0x000000001d680000)]
  0x000000001b977000 JavaThread "AWT-EventQueue-0" [_thread_blocked, id=17952, stack(0x000000001cb40000,0x000000001cc40000)]
  0x000000001b6c5000 JavaThread "AWT-Windows" daemon [_thread_in_native, id=6932, stack(0x000000001bed0000,0x000000001bfd0000)]
  0x000000001b6c4800 JavaThread "AWT-Shutdown" [_thread_blocked, id=23388, stack(0x000000001bdd0000,0x000000001bed0000)]
  0x000000001b6c3800 JavaThread "Java2D Disposer" daemon [_thread_blocked, id=15788, stack(0x000000001bcd0000,0x000000001bdd0000)]
  0x00000000195ad800 JavaThread "Service Thread" daemon [_thread_blocked, id=18788, stack(0x000000001b170000,0x000000001b270000)]
  0x0000000019520000 JavaThread "C1 CompilerThread3" daemon [_thread_blocked, id=12672, stack(0x000000001b070000,0x000000001b170000)]
  0x000000001951f000 JavaThread "C2 CompilerThread2" daemon [_thread_blocked, id=16876, stack(0x000000001af70000,0x000000001b070000)]
  0x000000001951e800 JavaThread "C2 CompilerThread1" daemon [_thread_blocked, id=1676, stack(0x000000001ae70000,0x000000001af70000)]
  0x000000001951a800 JavaThread "C2 CompilerThread0" daemon [_thread_blocked, id=23060, stack(0x000000001ad70000,0x000000001ae70000)]
  0x0000000019516000 JavaThread "Attach Listener" daemon [_thread_blocked, id=19640, stack(0x000000001ac70000,0x000000001ad70000)]
  0x0000000019515000 JavaThread "Signal Dispatcher" daemon [_thread_blocked, id=19492, stack(0x000000001ab70000,0x000000001ac70000)]
  0x0000000017d02000 JavaThread "Finalizer" daemon [_thread_blocked, id=27920, stack(0x000000001a960000,0x000000001aa60000)]
  0x0000000019503800 JavaThread "Reference Handler" daemon [_thread_blocked, id=24472, stack(0x000000001a860000,0x000000001a960000)]

Other Threads:
  0x00000000194e1800 VMThread [stack: 0x000000001a760000,0x000000001a860000] [id=24016]
  0x00000000195b3800 WatcherThread [stack: 0x000000001b270000,0x000000001b370000] [id=2692]

VM state:not at safepoint (normal execution)

VM Mutex/Monitor currently owned by a thread: None

heap address: 0x0000000085800000, size: 1960 MB, Compressed Oops mode: 32-bit
Narrow klass base: 0x0000000000000000, Narrow klass shift: 3
Compressed class space size: 1073741824 Address: 0x0000000100000000

Heap:
 PSYoungGen      total 67072K, used 32557K [0x00000000d7300000, 0x00000000e1500000, 0x0000000100000000)
  eden space 61952K, 44% used [0x00000000d7300000,0x00000000d8dd12d8,0x00000000daf80000)
  from space 5120K, 99% used [0x00000000daf80000,0x00000000db47a4e8,0x00000000db480000)
  to   space 26112K, 0% used [0x00000000dfb80000,0x00000000dfb80000,0x00000000e1500000)
 ParOldGen       total 71680K, used 27002K [0x0000000085800000, 0x0000000089e00000, 0x00000000d7300000)
  object space 71680K, 37% used [0x0000000085800000,0x000000008725e9c8,0x0000000089e00000)
 Metaspace       used 27844K, capacity 28730K, committed 28928K, reserved 1075200K
  class space    used 3510K, capacity 3754K, committed 3840K, reserved 1048576K

Card table byte_map: [0x0000000012080000,0x0000000012460000] byte_map_base: 0x0000000011c54000

Marking Bits: (ParMarkBitMap*) 0x0000000071e85ce0
 Begin Bits: [0x00000000131f0000, 0x0000000015090000)
 End Bits:   [0x0000000015090000, 0x0000000016f30000)

Polling page: 0x0000000001190000

CodeCache: size=245760Kb used=12236Kb max_used=12405Kb free=233523Kb
 bounds [0x0000000002cc0000, 0x00000000038f0000, 0x0000000011cc0000]
 total_blobs=4388 nmethods=3712 adapters=587
 compilation: enabled

Compilation events (10 events):
Event: 22.845 Thread 0x000000001951f000 4038       4       sun.awt.AWTAutoShutdown::notifyToolkitThreadBusy (8 bytes)
Event: 22.849 Thread 0x000000001951f000 nmethod 4038 0x0000000003001250 code [0x00000000030013a0, 0x0000000003001878]
Event: 22.862 Thread 0x000000001951e800 4039       4       sun.awt.AWTAutoShutdown::notifyToolkitThreadFree (8 bytes)
Event: 22.865 Thread 0x000000001951e800 nmethod 4039 0x0000000002ec7690 code [0x0000000002ec77e0, 0x0000000002ec7c98]
Event: 24.415 Thread 0x000000001951a800 4040       4       java.lang.ClassLoader::checkName (43 bytes)
Event: 24.417 Thread 0x000000001951a800 nmethod 4040 0x0000000002fa12d0 code [0x0000000002fa1420, 0x0000000002fa1638]
Event: 24.418 Thread 0x0000000019520000 4041  s    3       sun.font.T2KFontScaler::getGlyphMetrics (45 bytes)
Event: 24.418 Thread 0x0000000019520000 nmethod 4041 0x00000000030c1f90 code [0x00000000030c2140, 0x00000000030c2a08]
Event: 24.433 Thread 0x0000000019520000 4043       3       com.mysql.cj.util.StringInspector::getChar (25 bytes)
Event: 24.433 Thread 0x0000000019520000 nmethod 4043 0x000000000307d3d0 code [0x000000000307d560, 0x000000000307d908]

GC Heap History (10 events):
Event: 3.766 GC heap before
{Heap before GC invocations=2 (full 0):
 PSYoungGen      total 36864K, used 36835K [0x00000000d7300000, 0x00000000dbb00000, 0x0000000100000000)
  eden space 31744K, 100% used [0x00000000d7300000,0x00000000d9200000,0x00000000d9200000)
  from space 5120K, 99% used [0x00000000d9200000,0x00000000d96f8c28,0x00000000d9700000)
  to   space 5120K, 0% used [0x00000000db600000,0x00000000db600000,0x00000000dbb00000)
 ParOldGen       total 84992K, used 15700K [0x0000000085800000, 0x000000008ab00000, 0x00000000d7300000)
  object space 84992K, 18% used [0x0000000085800000,0x0000000086755128,0x000000008ab00000)
 Metaspace       used 20456K, capacity 21032K, committed 21248K, reserved 1067008K
  class space    used 2543K, capacity 2705K, committed 2816K, reserved 1048576K
Event: 3.775 GC heap after
Heap after GC invocations=2 (full 0):
 PSYoungGen      total 36864K, used 5096K [0x00000000d7300000, 0x00000000dbb00000, 0x0000000100000000)
  eden space 31744K, 0% used [0x00000000d7300000,0x00000000d7300000,0x00000000d9200000)
  from space 5120K, 99% used [0x00000000db600000,0x00000000dbafa3a8,0x00000000dbb00000)
  to   space 5120K, 0% used [0x00000000d9200000,0x00000000d9200000,0x00000000d9700000)
 ParOldGen       total 84992K, used 29182K [0x0000000085800000, 0x000000008ab00000, 0x00000000d7300000)
  object space 84992K, 34% used [0x0000000085800000,0x000000008747f808,0x000000008ab00000)
 Metaspace       used 20456K, capacity 21032K, committed 21248K, reserved 1067008K
  class space    used 2543K, capacity 2705K, committed 2816K, reserved 1048576K
}
Event: 3.787 GC heap before
{Heap before GC invocations=3 (full 0):
 PSYoungGen      total 36864K, used 6130K [0x00000000d7300000, 0x00000000dbb00000, 0x0000000100000000)
  eden space 31744K, 3% used [0x00000000d7300000,0x00000000d7402678,0x00000000d9200000)
  from space 5120K, 99% used [0x00000000db600000,0x00000000dbafa3a8,0x00000000dbb00000)
  to   space 5120K, 0% used [0x00000000d9200000,0x00000000d9200000,0x00000000d9700000)
 ParOldGen       total 84992K, used 29182K [0x0000000085800000, 0x000000008ab00000, 0x00000000d7300000)
  object space 84992K, 34% used [0x0000000085800000,0x000000008747f808,0x000000008ab00000)
 Metaspace       used 20556K, capacity 21128K, committed 21248K, reserved 1067008K
  class space    used 2564K, capacity 2737K, committed 2816K, reserved 1048576K
Event: 3.790 GC heap after
Heap after GC invocations=3 (full 0):
 PSYoungGen      total 36864K, used 5096K [0x00000000d7300000, 0x00000000dbb00000, 0x0000000100000000)
  eden space 31744K, 0% used [0x00000000d7300000,0x00000000d7300000,0x00000000d9200000)
  from space 5120K, 99% used [0x00000000d9200000,0x00000000d96fa3a8,0x00000000d9700000)
  to   space 5120K, 0% used [0x00000000db600000,0x00000000db600000,0x00000000dbb00000)
 ParOldGen       total 84992K, used 29218K [0x0000000085800000, 0x000000008ab00000, 0x00000000d7300000)
  object space 84992K, 34% used [0x0000000085800000,0x0000000087488b38,0x000000008ab00000)
 Metaspace       used 20556K, capacity 21128K, committed 21248K, reserved 1067008K
  class space    used 2564K, capacity 2737K, committed 2816K, reserved 1048576K
}
Event: 3.790 GC heap before
{Heap before GC invocations=4 (full 1):
 PSYoungGen      total 36864K, used 5096K [0x00000000d7300000, 0x00000000dbb00000, 0x0000000100000000)
  eden space 31744K, 0% used [0x00000000d7300000,0x00000000d7300000,0x00000000d9200000)
  from space 5120K, 99% used [0x00000000d9200000,0x00000000d96fa3a8,0x00000000d9700000)
  to   space 5120K, 0% used [0x00000000db600000,0x00000000db600000,0x00000000dbb00000)
 ParOldGen       total 84992K, used 29218K [0x0000000085800000, 0x000000008ab00000, 0x00000000d7300000)
  object space 84992K, 34% used [0x0000000085800000,0x0000000087488b38,0x000000008ab00000)
 Metaspace       used 20556K, capacity 21128K, committed 21248K, reserved 1067008K
  class space    used 2564K, capacity 2737K, committed 2816K, reserved 1048576K
Event: 3.811 GC heap after
Heap after GC invocations=4 (full 1):
 PSYoungGen      total 36864K, used 0K [0x00000000d7300000, 0x00000000dbb00000, 0x0000000100000000)
  eden space 31744K, 0% used [0x00000000d7300000,0x00000000d7300000,0x00000000d9200000)
  from space 5120K, 0% used [0x00000000d9200000,0x00000000d9200000,0x00000000d9700000)
  to   space 5120K, 0% used [0x00000000db600000,0x00000000db600000,0x00000000dbb00000)
 ParOldGen       total 71680K, used 16741K [0x0000000085800000, 0x0000000089e00000, 0x00000000d7300000)
  object space 71680K, 23% used [0x0000000085800000,0x00000000868597e0,0x0000000089e00000)
 Metaspace       used 20556K, capacity 21128K, committed 21248K, reserved 1067008K
  class space    used 2564K, capacity 2737K, committed 2816K, reserved 1048576K
}
Event: 9.973 GC heap before
{Heap before GC invocations=5 (full 1):
 PSYoungGen      total 36864K, used 31744K [0x00000000d7300000, 0x00000000dbb00000, 0x0000000100000000)
  eden space 31744K, 100% used [0x00000000d7300000,0x00000000d9200000,0x00000000d9200000)
  from space 5120K, 0% used [0x00000000d9200000,0x00000000d9200000,0x00000000d9700000)
  to   space 5120K, 0% used [0x00000000db600000,0x00000000db600000,0x00000000dbb00000)
 ParOldGen       total 71680K, used 16741K [0x0000000085800000, 0x0000000089e00000, 0x00000000d7300000)
  object space 71680K, 23% used [0x0000000085800000,0x00000000868597e0,0x0000000089e00000)
 Metaspace       used 23289K, capacity 23974K, committed 24192K, reserved 1071104K
  class space    used 2882K, capacity 3082K, committed 3200K, reserved 1048576K
Event: 9.977 GC heap after
Heap after GC invocations=5 (full 1):
 PSYoungGen      total 64000K, used 3506K [0x00000000d7300000, 0x00000000db980000, 0x0000000100000000)
  eden space 60416K, 0% used [0x00000000d7300000,0x00000000d7300000,0x00000000dae00000)
  from space 3584K, 97% used [0x00000000db600000,0x00000000db96c9c0,0x00000000db980000)
  to   space 5120K, 0% used [0x00000000daf80000,0x00000000daf80000,0x00000000db480000)
 ParOldGen       total 71680K, used 16749K [0x0000000085800000, 0x0000000089e00000, 0x00000000d7300000)
  object space 71680K, 23% used [0x0000000085800000,0x000000008685b7e0,0x0000000089e00000)
 Metaspace       used 23289K, capacity 23974K, committed 24192K, reserved 1071104K
  class space    used 2882K, capacity 3082K, committed 3200K, reserved 1048576K
}
Event: 15.457 GC heap before
{Heap before GC invocations=6 (full 1):
 PSYoungGen      total 64000K, used 63922K [0x00000000d7300000, 0x00000000db980000, 0x0000000100000000)
  eden space 60416K, 100% used [0x00000000d7300000,0x00000000dae00000,0x00000000dae00000)
  from space 3584K, 97% used [0x00000000db600000,0x00000000db96c9c0,0x00000000db980000)
  to   space 5120K, 0% used [0x00000000daf80000,0x00000000daf80000,0x00000000db480000)
 ParOldGen       total 71680K, used 16749K [0x0000000085800000, 0x0000000089e00000, 0x00000000d7300000)
  object space 71680K, 23% used [0x0000000085800000,0x000000008685b7e0,0x0000000089e00000)
 Metaspace       used 27192K, capacity 27992K, committed 28288K, reserved 1073152K
  class space    used 3436K, capacity 3645K, committed 3712K, reserved 1048576K
Event: 15.464 GC heap after
Heap after GC invocations=6 (full 1):
 PSYoungGen      total 67072K, used 5097K [0x00000000d7300000, 0x00000000e1500000, 0x0000000100000000)
  eden space 61952K, 0% used [0x00000000d7300000,0x00000000d7300000,0x00000000daf80000)
  from space 5120K, 99% used [0x00000000daf80000,0x00000000db47a4e8,0x00000000db480000)
  to   space 26112K, 0% used [0x00000000dfb80000,0x00000000dfb80000,0x00000000e1500000)
 ParOldGen       total 71680K, used 27002K [0x0000000085800000, 0x0000000089e00000, 0x00000000d7300000)
  object space 71680K, 37% used [0x0000000085800000,0x000000008725e9c8,0x0000000089e00000)
 Metaspace       used 27192K, capacity 27992K, committed 28288K, reserved 1073152K
  class space    used 3436K, capacity 3645K, committed 3712K, reserved 1048576K
}

Deoptimization events (10 events):
Event: 14.798 Thread 0x000000001b977000 Uncommon trap: reason=class_check action=maybe_recompile pc=0x00000000033cd0f0 method=java.util.regex.Pattern$Curly.match(Ljava/util/regex/Matcher;ILjava/lang/CharSequence;)Z @ 19
Event: 15.126 Thread 0x000000001b977000 Uncommon trap: reason=unstable_if action=reinterpret pc=0x0000000003022658 method=java.util.Calendar.getSetStateFields()I @ 19
Event: 15.570 Thread 0x000000001b977000 Uncommon trap: reason=unstable_if action=reinterpret pc=0x000000000377b8ec method=sun.util.calendar.BaseCalendar.getFixedDate(IIILsun/util/calendar/BaseCalendar$Date;)J @ 90
Event: 16.732 Thread 0x000000001b977000 Uncommon trap: reason=null_check action=make_not_entrant pc=0x00000000031daedc method=com.formdev.flatlaf.ui.FlatUIUtils.isCellEditor(Ljava/awt/Component;)Z @ 48
Event: 16.735 Thread 0x000000001b977000 Uncommon trap: reason=unstable_if action=reinterpret pc=0x0000000003649410 method=java.awt.Container.findComponentAtImpl(IIZ)Ljava/awt/Component; @ 103
Event: 16.743 Thread 0x000000001b977000 Uncommon trap: reason=null_check action=make_not_entrant pc=0x0000000003842f2c method=com.formdev.flatlaf.ui.FlatUIUtils.isCellEditor(Ljava/awt/Component;)Z @ 57
Event: 16.745 Thread 0x000000001b6c5000 Uncommon trap: reason=unstable_if action=reinterpret pc=0x0000000003830eb8 method=java.awt.Rectangle.inside(II)Z @ 35
Event: 16.745 Thread 0x000000001b6c5000 Uncommon trap: reason=unstable_if action=reinterpret pc=0x00000000031c97ec method=java.awt.Rectangle.inside(II)Z @ 35
Event: 16.745 Thread 0x000000001b6c5000 Uncommon trap: reason=unstable_if action=reinterpret pc=0x0000000003527724 method=java.awt.Rectangle.inside(II)Z @ 35
Event: 22.266 Thread 0x000000001b977000 Uncommon trap: reason=class_check action=maybe_recompile pc=0x00000000033cd0f0 method=java.util.regex.Pattern$Curly.match(Ljava/util/regex/Matcher;ILjava/lang/CharSequence;)Z @ 19

Classes redefined (0 events):
No events

Internal exceptions (10 events):
Event: 10.065 Thread 0x000000001b977000 Exception <a 'java/lang/ClassNotFoundException': java/lang/ObjectCustomizer> (0x00000000d76dd618) thrown at [C:\re\workspace\8-2-build-windows-amd64-cygwin\jdk8u202\12323\hotspot\src\share\vm\classfile\systemDictionary.cpp, line 210]
Event: 10.068 Thread 0x000000001b977000 Exception <a 'java/lang/ArrayIndexOutOfBoundsException': 18> (0x00000000d76df180) thrown at [C:\re\workspace\8-2-build-windows-amd64-cygwin\jdk8u202\12323\hotspot\src\share\vm\interpreter\interpreterRuntime.cpp, line 368]
Event: 10.069 Thread 0x000000001b977000 Exception <a 'java/lang/ArrayIndexOutOfBoundsException': 22> (0x00000000d76e2a80) thrown at [C:\re\workspace\8-2-build-windows-amd64-cygwin\jdk8u202\12323\hotspot\src\share\vm\interpreter\interpreterRuntime.cpp, line 368]
Event: 10.069 Thread 0x000000001b977000 Exception <a 'java/lang/ArrayIndexOutOfBoundsException': 160> (0x00000000d76e5470) thrown at [C:\re\workspace\8-2-build-windows-amd64-cygwin\jdk8u202\12323\hotspot\src\share\vm\interpreter\interpreterRuntime.cpp, line 368]
Event: 10.071 Thread 0x000000001b977000 Exception <a 'java/lang/ClassNotFoundException': net/miginfocom/layout/UnitValueCustomizer> (0x00000000d76efe80) thrown at [C:\re\workspace\8-2-build-windows-amd64-cygwin\jdk8u202\12323\hotspot\src\share\vm\classfile\systemDictionary.cpp, line 210]
Event: 10.073 Thread 0x000000001b977000 Exception <a 'java/lang/ClassNotFoundException': java/lang/ObjectCustomizer> (0x00000000d7710d78) thrown at [C:\re\workspace\8-2-build-windows-amd64-cygwin\jdk8u202\12323\hotspot\src\share\vm\classfile\systemDictionary.cpp, line 210]
Event: 10.073 Thread 0x000000001b977000 Exception <a 'java/lang/ClassNotFoundException': net/miginfocom/layout/BoundSizeCustomizer> (0x00000000d771d400) thrown at [C:\re\workspace\8-2-build-windows-amd64-cygwin\jdk8u202\12323\hotspot\src\share\vm\classfile\systemDictionary.cpp, line 210]
Event: 16.732 Thread 0x000000001b977000 Implicit null exception at 0x00000000031da2ff to 0x00000000031daed1
Event: 16.735 Thread 0x000000001b977000 Implicit null exception at 0x0000000003649121 to 0x0000000003649403
Event: 16.743 Thread 0x000000001b977000 Implicit null exception at 0x000000000384243d to 0x0000000003842f21

Events (10 events):
Event: 24.433 Executing VM operation: RevokeBias
Event: 24.434 Executing VM operation: RevokeBias done
Event: 24.434 Executing VM operation: RevokeBias
Event: 24.434 Executing VM operation: RevokeBias done
Event: 24.434 Executing VM operation: RevokeBias
Event: 24.434 Executing VM operation: RevokeBias done
Event: 24.454 loading class com/digitalpersona/uareu/Engine$Candidate
Event: 24.454 loading class com/digitalpersona/uareu/Engine$Candidate done
Event: 24.454 loading class com/digitalpersona/uareu/jni/Dpfj$IntReference
Event: 24.454 loading class com/digitalpersona/uareu/jni/Dpfj$IntReference done


Dynamic libraries:
0x00007ff762700000 - 0x00007ff762737000 	C:\Program Files\Java\jdk1.8.0_202\bin\java.exe
0x00007ffc04e60000 - 0x00007ffc050c8000 	C:\Windows\SYSTEM32\ntdll.dll
0x00007ffc03480000 - 0x00007ffc03549000 	C:\Windows\System32\KERNEL32.DLL
0x00007ffc026a0000 - 0x00007ffc02a8d000 	C:\Windows\System32\KERNELBASE.dll
0x00007ffc032d0000 - 0x00007ffc03384000 	C:\Windows\System32\ADVAPI32.dll
0x00007ffc02c60000 - 0x00007ffc02d09000 	C:\Windows\System32\msvcrt.dll
0x00007ffc03390000 - 0x00007ffc03436000 	C:\Windows\System32\sechost.dll
0x00007ffc02fe0000 - 0x00007ffc030f8000 	C:\Windows\System32\RPCRT4.dll
0x00007ffc02d90000 - 0x00007ffc02f5c000 	C:\Windows\System32\USER32.dll
0x00007ffc02bd0000 - 0x00007ffc02bf7000 	C:\Windows\System32\win32u.dll
0x00007ffc03450000 - 0x00007ffc0347b000 	C:\Windows\System32\GDI32.dll
0x00007ffc02a90000 - 0x00007ffc02bc7000 	C:\Windows\System32\gdi32full.dll
0x00007ffc023d0000 - 0x00007ffc02473000 	C:\Windows\System32\msvcp_win.dll
0x00007ffc02280000 - 0x00007ffc023cb000 	C:\Windows\System32\ucrtbase.dll
0x00007ffbe1b50000 - 0x00007ffbe1dea000 	C:\Windows\WinSxS\amd64_microsoft.windows.common-controls_6595b64144ccf1df_6.0.26100.4484_none_3e0e6d4ce32ef3b3\COMCTL32.dll
0x00007ffc02c00000 - 0x00007ffc02c2f000 	C:\Windows\System32\IMM32.DLL
0x0000000071f10000 - 0x0000000071fe2000 	C:\Program Files\Java\jdk1.8.0_202\jre\bin\msvcr100.dll
0x0000000071660000 - 0x0000000071f05000 	C:\Program Files\Java\jdk1.8.0_202\jre\bin\server\jvm.dll
0x00007ffc03440000 - 0x00007ffc03448000 	C:\Windows\System32\PSAPI.DLL
0x00007ffbfc930000 - 0x00007ffbfc93a000 	C:\Windows\SYSTEM32\WSOCK32.dll
0x00007ffbee6f0000 - 0x00007ffbee6fb000 	C:\Windows\SYSTEM32\VERSION.dll
0x00007ffc02d10000 - 0x00007ffc02d84000 	C:\Windows\System32\WS2_32.dll
0x00007ffbf88a0000 - 0x00007ffbf88d5000 	C:\Windows\SYSTEM32\WINMM.dll
0x00007ffbedc50000 - 0x00007ffbedc5f000 	C:\Program Files\Java\jdk1.8.0_202\jre\bin\verify.dll
0x00007ffbec3a0000 - 0x00007ffbec3c9000 	C:\Program Files\Java\jdk1.8.0_202\jre\bin\java.dll
0x00007ffbedc30000 - 0x00007ffbedc46000 	C:\Program Files\Java\jdk1.8.0_202\jre\bin\zip.dll
0x00007ffc03f00000 - 0x00007ffc0464a000 	C:\Windows\System32\SHELL32.dll
0x00007ffc02520000 - 0x00007ffc02694000 	C:\Windows\System32\wintypes.dll
0x00007ffc049a0000 - 0x00007ffc04d26000 	C:\Windows\System32\combase.dll
0x00007ffbffbc0000 - 0x00007ffc0041b000 	C:\Windows\SYSTEM32\windows.storage.dll
0x00007ffc03bb0000 - 0x00007ffc03ca5000 	C:\Windows\System32\SHCORE.dll
0x00007ffc04650000 - 0x00007ffc046ba000 	C:\Windows\System32\shlwapi.dll
0x00007ffc01ec0000 - 0x00007ffc01eef000 	C:\Windows\SYSTEM32\profapi.dll
0x00007ffb25c00000 - 0x00007ffb25d99000 	C:\Program Files\Java\jdk1.8.0_202\jre\bin\awt.dll
0x00007ffc04d30000 - 0x00007ffc04e10000 	C:\Windows\System32\OLEAUT32.dll
0x00007ffbfea80000 - 0x00007ffbfeb1e000 	C:\Windows\SYSTEM32\apphelp.dll
0x00007ffbed960000 - 0x00007ffbed97a000 	C:\Program Files\Java\jdk1.8.0_202\jre\bin\net.dll
0x00007ffbeba50000 - 0x00007ffbebc34000 	C:\Windows\SYSTEM32\urlmon.dll
0x00007ffbeb780000 - 0x00007ffbeba4b000 	C:\Windows\SYSTEM32\iertutil.dll
0x00007ffc00a40000 - 0x00007ffc00a4d000 	C:\Windows\SYSTEM32\netutils.dll
0x00007ffbed230000 - 0x00007ffbed259000 	C:\Windows\SYSTEM32\srvcli.dll
0x00007ffc012e0000 - 0x00007ffc0134a000 	C:\Windows\system32\mswsock.dll
0x00007ffbec1c0000 - 0x00007ffbec1d2000 	C:\Program Files\Java\jdk1.8.0_202\jre\bin\nio.dll
0x00007ffbec200000 - 0x00007ffbec206000 	C:\Users\rndpo\AppData\Local\Temp\flatlaf.temp\flatlaf-windows-x86_64-10607560998320000.dll
0x00007ffbfefa0000 - 0x00007ffbfefd6000 	C:\Windows\SYSTEM32\dwmapi.dll
0x00007ffbfec80000 - 0x00007ffbfed2f000 	C:\Windows\system32\uxtheme.dll
0x00007ffc03d40000 - 0x00007ffc03ea0000 	C:\Windows\System32\MSCTF.dll
0x00007ffc03120000 - 0x00007ffc032be000 	C:\Windows\System32\ole32.dll
0x00007ffc00c90000 - 0x00007ffc00cab000 	C:\Windows\SYSTEM32\kernel.appcore.dll
0x00007ffc02480000 - 0x00007ffc02519000 	C:\Windows\System32\bcryptPrimitives.dll
0x00007ffb6ef90000 - 0x00007ffb6efd7000 	C:\Program Files\Java\jdk1.8.0_202\jre\bin\fontmanager.dll
0x00007ffbb46b0000 - 0x00007ffbb47c8000 	C:\Windows\system32\opengl32.dll
0x00007ffbe1ff0000 - 0x00007ffbe201d000 	C:\Windows\SYSTEM32\GLU32.dll
0x00007ffbfefe0000 - 0x00007ffbff02d000 	C:\Windows\SYSTEM32\dxcore.dll
0x00007ffbebdc0000 - 0x00007ffbebdc7000 	C:\Program Files\Java\jdk1.8.0_202\jre\bin\jawt.dll
0x00007ffb5fac0000 - 0x00007ffb5fb02000 	C:\Program Files\Java\jdk1.8.0_202\jre\bin\t2k.dll
0x00007ffc015a0000 - 0x00007ffc015bb000 	C:\Windows\SYSTEM32\CRYPTSP.dll
0x00007ffc00cb0000 - 0x00007ffc00ceb000 	C:\Windows\system32\rsaenh.dll
0x00007ffc01380000 - 0x00007ffc013ab000 	C:\Windows\SYSTEM32\USERENV.dll
0x00007ffc01e90000 - 0x00007ffc01eb6000 	C:\Windows\SYSTEM32\bcrypt.dll
0x00007ffc01590000 - 0x00007ffc0159c000 	C:\Windows\SYSTEM32\CRYPTBASE.dll
0x00007ffc00720000 - 0x00007ffc00753000 	C:\Windows\SYSTEM32\IPHLPAPI.DLL
0x00007ffc02c50000 - 0x00007ffc02c5a000 	C:\Windows\System32\NSI.dll
0x00007ffbfa820000 - 0x00007ffbfa83f000 	C:\Windows\SYSTEM32\dhcpcsvc6.DLL
0x00007ffbfa7a0000 - 0x00007ffbfa7c5000 	C:\Windows\SYSTEM32\dhcpcsvc.DLL
0x00007ffc007b0000 - 0x00007ffc008d6000 	C:\Windows\SYSTEM32\DNSAPI.dll
0x00007ffbe58c0000 - 0x00007ffbe5a10000 	C:\Windows\SYSTEM32\textinputframework.dll
0x00007ffbebd70000 - 0x00007ffbebd9a000 	C:\Program Files\Java\jdk1.8.0_202\jre\bin\dcpr.dll
0x00007ffbfe6a0000 - 0x00007ffbfe7c5000 	C:\Windows\SYSTEM32\CoreMessaging.dll
0x00007ffbfa960000 - 0x00007ffbfac43000 	C:\Windows\SYSTEM32\CoreUIComponents.dll
0x00007ffc039e0000 - 0x00007ffc03a88000 	C:\Windows\System32\clbcatq.dll
0x00007ffbfd2a0000 - 0x00007ffbfd4db000 	C:\Windows\SYSTEM32\WindowsCodecs.dll
0x00007ffbe4ee0000 - 0x00007ffbe4f3a000 	C:\Windows\system32\dataexchange.dll
0x00007ffbef960000 - 0x00007ffbefb98000 	C:\Windows\system32\twinapi.appcore.dll
0x00007ffbf0360000 - 0x00007ffbf036b000 	C:\Windows\System32\rasadhlp.dll
0x00007ffbfb0c0000 - 0x00007ffbfb146000 	C:\Windows\System32\fwpuclnt.dll
0x00007ffbd4de0000 - 0x00007ffbd4e04000 	C:\Program Files\Java\jdk1.8.0_202\jre\bin\sunec.dll
0x00007ffb63210000 - 0x00007ffb63241000 	C:\Windows\System32\dpuareu_jni.dll
0x00007ffb5f630000 - 0x00007ffb5f696000 	C:\Windows\SYSTEM32\dpfj.dll
0x00007ffb5fa70000 - 0x00007ffb5fab2000 	C:\Windows\SYSTEM32\dpfr6.dll
0x00007ffb630c0000 - 0x00007ffb630fd000 	C:\Windows\SYSTEM32\dpfpdd.dll
0x00007ffb27f20000 - 0x00007ffb27f93000 	C:\Windows\SYSTEM32\nex_sdk.dll
0x00007ffbee470000 - 0x00007ffbee51f000 	C:\Windows\SYSTEM32\DPFPApi.DLL
0x00007ffc01fb0000 - 0x00007ffc02127000 	C:\Windows\System32\CRYPT32.dll
0x00007ffbedcd0000 - 0x00007ffbedd28000 	C:\Windows\system32\DPCLBACK.dll
0x00007ffbee700000 - 0x00007ffbee71a000 	C:\Windows\SYSTEM32\NETAPI32.dll
0x00007ffc00e80000 - 0x00007ffc00eb6000 	C:\Windows\SYSTEM32\ntmarta.dll
0x00007ffbed150000 - 0x00007ffbed194000 	C:\Windows\SYSTEM32\dpDevDatx64.dll
0x00007ffb27890000 - 0x00007ffb278f7000 	C:\Windows\SYSTEM32\dpfpdd5000.dll
0x00007ffc03550000 - 0x00007ffc039d6000 	C:\Windows\System32\SETUPAPI.dll
0x00007ffc01b20000 - 0x00007ffc01b77000 	C:\Windows\SYSTEM32\cfgmgr32.DLL
0x00007ffbb90f0000 - 0x00007ffbb911f000 	C:\Windows\SYSTEM32\dpfpdd_ptapi.dll
0x0000000047000000 - 0x000000004710b000 	C:\Windows\SYSTEM32\tfm.dll
0x00007ffc02130000 - 0x00007ffc021b4000 	C:\Windows\System32\WINTRUST.dll
0x00007ffc00420000 - 0x00007ffc0042f000 	C:\Windows\SYSTEM32\HID.DLL
0x00007ffc016c0000 - 0x00007ffc016d3000 	C:\Windows\SYSTEM32\MSASN1.dll
0x00007ffb27840000 - 0x00007ffb2788b000 	C:\Windows\SYSTEM32\dpfpdd7k.dll
0x00007ffc01af0000 - 0x00007ffc01b1d000 	C:\Windows\SYSTEM32\DEVOBJ.dll
0x00007ffbff5f0000 - 0x00007ffbff831000 	C:\Windows\SYSTEM32\dbghelp.dll

VM Arguments:
java_command: com.trialapp.trialams1.TrialAMS1
java_class_path (initial): C:\Users\rndpo\OneDrive\Desktop\NetBeansProjects\MockICTAcess\target\classes;C:\Users\rndpo\.m2\repository\com\formdev\flatlaf\3.5.4\flatlaf-3.5.4.jar;C:\Users\rndpo\.m2\repository\org\netbeans\external\AbsoluteLayout\RELEASE220\AbsoluteLayout-RELEASE220.jar;C:\Users\rndpo\.m2\repository\net\java\dev\timingframework\timingframework\1.0\timingframework-1.0.jar;C:\Users\rndpo\.m2\repository\com\miglayout\miglayout-swing\5.2\miglayout-swing-5.2.jar;C:\Users\rndpo\.m2\repository\coom\raven\swing-glasspane-pop-up\1.3.0\swing-glasspane-pop-up-1.3.0.jar;C:\Users\rndpo\.m2\repository\com\formdev\flatlaf-extras\3.2.5\flatlaf-extras-3.2.5.jar;C:\Users\rndpo\.m2\repository\com\github\weisj\jsvg\1.2.0\jsvg-1.2.0.jar;C:\Users\rndpo\.m2\repository\com\miglayout\miglayout-core\5.2\miglayout-core-5.2.jar;C:\Users\rndpo\.m2\repository\com\mysql\mysql-connector-j\8.3.0\mysql-connector-j-8.3.0.jar;C:\Users\rndpo\.m2\repository\com\google\protobuf\protobuf-java\3.25.1\protobuf-java-3.25.1.jar;C:\Users\rndpo\.m2\repository\org\mindrot\jbcrypt\0.4\jbcrypt-0.4.jar;C:\Users\rndpo\.m2\repository\net\proteanit\rs2xml\1.0\rs2xml-1.0.jar;C:\Users\rndpo\.m2\repository\com\toedter\jcalendar\1.4\jcalendar-1.4.jar;C:\Users\rndpo\.m2\repository\com\github\lgooddatepicker\LGoodDatePicker\11.2.1\LGoodDatePicker-11.2.1.jar;C:\Users\rndpo\.m2\repository\com\digitalpersona\dpuareu\1.0.0\dpuareu-1.0.0.jar;C:\Users\rndpo\.m2\repository\com\digitalpersona\onetouch\xmlParserAPIs\1.0.0\xmlParserAPIs-1.0.0.jar;C:\Users\rndpo\.m2\repository\com\digitalpersona\onetouch\xercesImpl\2.6.2\xercesImpl-2.6.2.jar;C:\Users\rndpo\.m2\repository\com\digitalpersona\onetouch\jpos113\1.0.0\jpos113-1.0.0.jar;C:\Users\rndpo\.m2\repository\com\digitalpersona\onetouch\dpjavapos\1.0.0\dpjavapos-1.0.0.jar
Launcher Type: SUN_STANDARD

Environment Variables:
JAVA_HOME=C:\Program Files\Java\jdk1.8.0_202
PATH=C:\Program Files\Java\jdk1.8.0_202\bin;C:\Program Files (x86)\Common Files\Oracle\Java\javapath;C:\Program Files\Common Files\Oracle\Java\javapath;C:\Windows\system32;C:\Windows;C:\Windows\System32\Wbem;C:\Windows\System32\WindowsPowerShell\v1.0\;C:\Windows\System32\OpenSSH\;C:\Program Files\apache-maven-3.9.10\bin;C:\cygwin64\bin;C:\Users\rndpo\AppData\Local\Microsoft\WindowsApps;
USERNAME=rndpo
OS=Windows_NT
PROCESSOR_IDENTIFIER=Intel64 Family 6 Model 170 Stepping 4, GenuineIntel



---------------  S Y S T E M  ---------------

OS: Windows 10.0 , 64 bit Build 26100 (10.0.26100.4484)

CPU:total 14 (initial active 14) (7 cores per cpu, 2 threads per core) family 6 model 170 stepping 4, cmov, cx8, fxsr, mmx, sse, sse2, sse3, ssse3, sse4.1, sse4.2, popcnt, avx, avx2, aes, clmul, erms, 3dnowpref, lzcnt, ht, tsc, tscinvbit, bmi1, bmi2, adx

Memory: 4k page, physical 8020176k(864204k free), swap 16526884k(408772k free)

vm_info: Java HotSpot(TM) 64-Bit Server VM (25.202-b08) for windows-amd64 JRE (1.8.0_202-b08), built on Dec 15 2018 19:54:30 by "java_re" with MS VC++ 10.0 (VS2010)

time: Mon Jul 28 16:33:30 2025
timezone: Malay Peninsula Standard Time
elapsed time: 24 seconds (0d 0h 0m 24s)

