#
# A fatal error has been detected by the Java Runtime Environment:
#
#  EXCEPTION_ACCESS_VIOLATION (0xc0000005) at pc=0x00000000717a6489, pid=26496, tid=0x0000000000006784
#
# JRE version: Java(TM) SE Runtime Environment (8.0_202-b08) (build 1.8.0_202-b08)
# Java VM: Java HotSpot(TM) 64-Bit Server VM (25.202-b08 mixed mode windows-amd64 compressed oops)
# Problematic frame:
# V  [jvm.dll+0x146489]
#
# Failed to write core dump. Minidumps are not enabled by default on client versions of Windows
#
# If you would like to submit a bug report, please visit:
#   http://bugreport.java.com/bugreport/crash.jsp
#

---------------  T H R E A D  ---------------

Current thread (0x000000001be4f800):  JavaThread "Thread-5" [_thread_in_vm, id=26500, stack(0x0000000023a10000,0x0000000023b10000)]

siginfo: ExceptionCode=0xc0000005, reading address 0x0000000000000000

Registers:
RAX=0x0000000000000000, RBX=0x000000001be4f800, RCX=0x0000000000000f80, RDX=0x0000000000000000
RSP=0x0000000023b0ee80, RBP=0x0000000023b0f018, RSI=0x0000000023b0f070, RDI=0x0000000000000000
R8 =0x0000000023b0f070, R9 =0x0000000001010001, R10=0x0000000071e09eb0, R11=0x000000007188cf20
R12=0x0000000000000000, R13=0x0000000000000000, R14=0x0000000023b0f078, R15=0x000000001be4f800
RIP=0x00000000717a6489, EFLAGS=0x0000000000010202

Top of Stack: (sp=0x0000000023b0ee80)
0x0000000023b0ee80:   0000000023b0ef00 0000000000000000
0x0000000023b0ee90:   0000000000000000 00007ffbebe11fc0
0x0000000023b0eea0:   0000000000000000 00007ffbebe1200a
0x0000000023b0eeb0:   000000001be4f9f8 0000000000000000
0x0000000023b0eec0:   000000001be4f800 000000001be19100
0x0000000023b0eed0:   00000000221fdbe0 0000000023b0f078
0x0000000023b0eee0:   000000001e45a660 000000007171c576
0x0000000023b0eef0:   0000000023b0f6a8 000000001c01df60
0x0000000023b0ef00:   00000000000003d8 000000001c01df70
0x0000000023b0ef10:   000001b6221fdbe0 000000001be4f800
0x0000000023b0ef20:   00000000221fdbe0 000000001be4f800
0x0000000023b0ef30:   000000001be4f800 0000000023b0f078
0x0000000023b0ef40:   00000000221fdbe0 0000000000000000
0x0000000023b0ef50:   0000000000000000 0000000000200020
0x0000000023b0ef60:   00000000221fdbe0 0000000003608c67
0x0000000023b0ef70:   000000001e45a660 00000000717184ea 

Instructions: (pc=0x00000000717a6489)
0x00000000717a6469:   a9 00 00 00 30 74 08 48 8b cb e8 28 dd 0f 00 c7
0x00000000717a6479:   83 70 02 00 00 06 00 00 00 80 3d b8 04 6d 00 00
0x00000000717a6489:   48 8b 0f b8 10 00 00 00 ba 0c 00 00 00 0f 45 c2
0x00000000717a6499:   48 98 8b 3c 08 c7 83 70 02 00 00 07 00 00 00 83 


Register to memory mapping:

RAX=0x0000000000000000 is an unknown value
RBX=0x000000001be4f800 is a thread
RCX=0x0000000000000f80 is an unknown value
RDX=0x0000000000000000 is an unknown value
RSP=0x0000000023b0ee80 is pointing into the stack for thread: 0x000000001be4f800
RBP=0x0000000023b0f018 is pointing into the stack for thread: 0x000000001be4f800
RSI=0x0000000023b0f070 is pointing into the stack for thread: 0x000000001be4f800
RDI=0x0000000000000000 is an unknown value
R8 =0x0000000023b0f070 is pointing into the stack for thread: 0x000000001be4f800
R9 =0x0000000001010001 is an unknown value
R10=0x0000000071e09eb0 is an unknown value
R11=0x000000007188cf20 is an unknown value
R12=0x0000000000000000 is an unknown value
R13=0x0000000000000000 is an unknown value
R14=0x0000000023b0f078 is pointing into the stack for thread: 0x000000001be4f800
R15=0x000000001be4f800 is a thread


Stack: [0x0000000023a10000,0x0000000023b10000],  sp=0x0000000023b0ee80,  free space=1019k
Native frames: (J=compiled Java code, j=interpreted, Vv=VM code, C=native code)
V  [jvm.dll+0x146489]
C  [dpuareu_jni.dll+0x200a]
C  0x0000000003608c67

Java frames: (J=compiled Java code, j=interpreted, Vv=VM code)
j  com.digitalpersona.uareu.jni.Dpfj.DpfjIdentify([BII[[BIILcom/digitalpersona/uareu/jni/Dpfj$IntReference;[Lcom/digitalpersona/uareu/Engine$Candidate;)I+0
j  com.digitalpersona.uareu.jni.Dpfj.identify(Lcom/digitalpersona/uareu/Fmd;I[Lcom/digitalpersona/uareu/Fmd;II)[Lcom/digitalpersona/uareu/Engine$Candidate;+148
j  com.digitalpersona.uareu.dpfj.EngineImpl.Identify(Lcom/digitalpersona/uareu/Fmd;I[Lcom/digitalpersona/uareu/Fmd;II)[Lcom/digitalpersona/uareu/Engine$Candidate;+11
j  Fingerprint.IdentificationThread.compareFmdToDatabaseFmds(Lcom/digitalpersona/uareu/Fmd;[Lcom/digitalpersona/uareu/Fmd;Ljava/util/ArrayList;)Z+158
j  Fingerprint.IdentificationThread.fmdIsAlreadyEnrolled(Lcom/digitalpersona/uareu/Fmd;Ljava/util/ArrayList;)Z+51
j  Fingerprint.EnrollmentThread.GetFmd(Lcom/digitalpersona/uareu/Fmd$Format;)Lcom/digitalpersona/uareu/Engine$PreEnrollmentFmd;+437
j  com.digitalpersona.uareu.dpfj.EngineImpl.CreateEnrollmentFmd(Lcom/digitalpersona/uareu/Fmd$Format;Lcom/digitalpersona/uareu/Engine$EnrollmentCallback;)Lcom/digitalpersona/uareu/Fmd;+82
j  Fingerprint.EnrollmentThread.startEnrollment()V+162
j  Fingerprint.EnrollmentThread.run()V+15
v  ~StubRoutines::call_stub

---------------  P R O C E S S  ---------------

Java Threads: ( => current thread )
  0x000000001be4d800 JavaThread "Thread-7" [_thread_blocked, id=13968, stack(0x0000000023b10000,0x0000000023c10000)]
=>0x000000001be4f800 JavaThread "Thread-5" [_thread_in_vm, id=26500, stack(0x0000000023a10000,0x0000000023b10000)]
  0x0000000019fca000 JavaThread "TimerQueue" daemon [_thread_blocked, id=6900, stack(0x000000001fc20000,0x000000001fd20000)]
  0x000000001c56a800 JavaThread "mysql-cj-abandoned-connection-cleanup" daemon [_thread_blocked, id=18028, stack(0x000000001f720000,0x000000001f820000)]
  0x00000000034ee800 JavaThread "DestroyJavaVM" [_thread_blocked, id=29684, stack(0x00000000033c0000,0x00000000034c0000)]
  0x000000001c4a6000 JavaThread "Thread-3" [_thread_blocked, id=17912, stack(0x000000001de50000,0x000000001df50000)]
  0x000000001c2c6000 JavaThread "AWT-EventQueue-0" [_thread_blocked, id=14380, stack(0x000000001d410000,0x000000001d510000)]
  0x000000001bfdc000 JavaThread "AWT-Windows" daemon [_thread_in_native, id=24132, stack(0x000000001c810000,0x000000001c910000)]
  0x000000001bfdb000 JavaThread "AWT-Shutdown" [_thread_blocked, id=4176, stack(0x000000001c710000,0x000000001c810000)]
  0x000000001bfda800 JavaThread "Java2D Disposer" daemon [_thread_blocked, id=30576, stack(0x000000001c610000,0x000000001c710000)]
  0x0000000019edc800 JavaThread "Service Thread" daemon [_thread_blocked, id=16048, stack(0x000000001bab0000,0x000000001bbb0000)]
  0x0000000019e60000 JavaThread "C1 CompilerThread3" daemon [_thread_blocked, id=11588, stack(0x000000001b9b0000,0x000000001bab0000)]
  0x0000000019e5f800 JavaThread "C2 CompilerThread2" daemon [_thread_blocked, id=18508, stack(0x000000001b8b0000,0x000000001b9b0000)]
  0x0000000019e5e800 JavaThread "C2 CompilerThread1" daemon [_thread_blocked, id=24004, stack(0x000000001b7b0000,0x000000001b8b0000)]
  0x0000000019e5b000 JavaThread "C2 CompilerThread0" daemon [_thread_blocked, id=20144, stack(0x000000001b6b0000,0x000000001b7b0000)]
  0x0000000019e56800 JavaThread "Attach Listener" daemon [_thread_blocked, id=30836, stack(0x000000001b5b0000,0x000000001b6b0000)]
  0x0000000019e55000 JavaThread "Signal Dispatcher" daemon [_thread_blocked, id=16656, stack(0x000000001b4b0000,0x000000001b5b0000)]
  0x0000000018636800 JavaThread "Finalizer" daemon [_thread_blocked, id=16156, stack(0x000000001b2a0000,0x000000001b3a0000)]
  0x0000000019e43800 JavaThread "Reference Handler" daemon [_thread_blocked, id=18304, stack(0x000000001b1a0000,0x000000001b2a0000)]

Other Threads:
  0x0000000019e21800 VMThread [stack: 0x000000001b0a0000,0x000000001b1a0000] [id=21880]
  0x0000000019f07000 WatcherThread [stack: 0x000000001bbb0000,0x000000001bcb0000] [id=25140]

VM state:not at safepoint (normal execution)

VM Mutex/Monitor currently owned by a thread: None

heap address: 0x0000000085800000, size: 1960 MB, Compressed Oops mode: 32-bit
Narrow klass base: 0x0000000000000000, Narrow klass shift: 3
Compressed class space size: 1073741824 Address: 0x0000000100000000

Heap:
 PSYoungGen      total 47104K, used 21293K [0x00000000d7300000, 0x00000000e0500000, 0x0000000100000000)
  eden space 41984K, 38% used [0x00000000d7300000,0x00000000d82cdde0,0x00000000d9c00000)
  from space 5120K, 99% used [0x00000000d9c00000,0x00000000da0fd640,0x00000000da100000)
  to   space 49152K, 0% used [0x00000000dd500000,0x00000000dd500000,0x00000000e0500000)
 ParOldGen       total 111104K, used 45425K [0x0000000085800000, 0x000000008c480000, 0x00000000d7300000)
  object space 111104K, 40% used [0x0000000085800000,0x000000008845c728,0x000000008c480000)
 Metaspace       used 27833K, capacity 28734K, committed 28928K, reserved 1075200K
  class space    used 3502K, capacity 3754K, committed 3840K, reserved 1048576K

Card table byte_map: [0x00000000129b0000,0x0000000012d90000] byte_map_base: 0x0000000012584000

Marking Bits: (ParMarkBitMap*) 0x0000000071e85ce0
 Begin Bits: [0x0000000013b20000, 0x00000000159c0000)
 End Bits:   [0x00000000159c0000, 0x0000000017860000)

Polling page: 0x00000000014b0000

CodeCache: size=245760Kb used=12103Kb max_used=12112Kb free=233656Kb
 bounds [0x00000000035f0000, 0x00000000041d0000, 0x00000000125f0000]
 total_blobs=4367 nmethods=3691 adapters=587
 compilation: enabled

Compilation events (10 events):
Event: 17.118 Thread 0x0000000019e5e800 4031       4       java.awt.EventQueue::eventToCacheIndex (80 bytes)
Event: 17.120 Thread 0x0000000019e5e800 nmethod 4031 0x00000000041c6a10 code [0x00000000041c6b60, 0x00000000041c6c18]
Event: 18.623 Thread 0x0000000019e5b000 4032       4       java.lang.ClassLoader::checkName (43 bytes)
Event: 18.625 Thread 0x0000000019e5b000 nmethod 4032 0x00000000041c6410 code [0x00000000041c6560, 0x00000000041c6778]
Event: 18.628 Thread 0x0000000019e60000 4033  s    3       sun.font.T2KFontScaler::getGlyphMetrics (45 bytes)
Event: 18.629 Thread 0x0000000019e60000 nmethod 4033 0x00000000041cd890 code [0x00000000041cda40, 0x00000000041ce308]
Event: 18.629 Thread 0x0000000019e60000 4035       3       sun.font.FileFontStrike::getSlot0GlyphImagePtrs (129 bytes)
Event: 18.630 Thread 0x0000000019e60000 nmethod 4035 0x00000000041cab90 code [0x00000000041caea0, 0x00000000041cc6f8]
Event: 18.636 Thread 0x0000000019e60000 4036       3       com.mysql.cj.util.StringInspector::getChar (25 bytes)
Event: 18.636 Thread 0x0000000019e60000 nmethod 4036 0x00000000041cea10 code [0x00000000041ceba0, 0x00000000041cef48]

GC Heap History (10 events):
Event: 2.141 GC heap before
{Heap before GC invocations=2 (full 0):
 PSYoungGen      total 36864K, used 36835K [0x00000000d7300000, 0x00000000d9c00000, 0x0000000100000000)
  eden space 31744K, 100% used [0x00000000d7300000,0x00000000d9200000,0x00000000d9200000)
  from space 5120K, 99% used [0x00000000d9200000,0x00000000d96f8c48,0x00000000d9700000)
  to   space 5120K, 0% used [0x00000000d9700000,0x00000000d9700000,0x00000000d9c00000)
 ParOldGen       total 84992K, used 15668K [0x0000000085800000, 0x000000008ab00000, 0x00000000d7300000)
  object space 84992K, 18% used [0x0000000085800000,0x000000008674d028,0x000000008ab00000)
 Metaspace       used 20541K, capacity 21132K, committed 21248K, reserved 1067008K
  class space    used 2565K, capacity 2737K, committed 2816K, reserved 1048576K
Event: 2.151 GC heap after
Heap after GC invocations=2 (full 0):
 PSYoungGen      total 36864K, used 5097K [0x00000000d7300000, 0x00000000d9c00000, 0x0000000100000000)
  eden space 31744K, 0% used [0x00000000d7300000,0x00000000d7300000,0x00000000d9200000)
  from space 5120K, 99% used [0x00000000d9700000,0x00000000d9bfa798,0x00000000d9c00000)
  to   space 5120K, 0% used [0x00000000d9200000,0x00000000d9200000,0x00000000d9700000)
 ParOldGen       total 84992K, used 51356K [0x0000000085800000, 0x000000008ab00000, 0x00000000d7300000)
  object space 84992K, 60% used [0x0000000085800000,0x0000000088a273f0,0x000000008ab00000)
 Metaspace       used 20541K, capacity 21132K, committed 21248K, reserved 1067008K
  class space    used 2565K, capacity 2737K, committed 2816K, reserved 1048576K
}
Event: 2.151 GC heap before
{Heap before GC invocations=3 (full 1):
 PSYoungGen      total 36864K, used 5097K [0x00000000d7300000, 0x00000000d9c00000, 0x0000000100000000)
  eden space 31744K, 0% used [0x00000000d7300000,0x00000000d7300000,0x00000000d9200000)
  from space 5120K, 99% used [0x00000000d9700000,0x00000000d9bfa798,0x00000000d9c00000)
  to   space 5120K, 0% used [0x00000000d9200000,0x00000000d9200000,0x00000000d9700000)
 ParOldGen       total 84992K, used 51356K [0x0000000085800000, 0x000000008ab00000, 0x00000000d7300000)
  object space 84992K, 60% used [0x0000000085800000,0x0000000088a273f0,0x000000008ab00000)
 Metaspace       used 20541K, capacity 21132K, committed 21248K, reserved 1067008K
  class space    used 2565K, capacity 2737K, committed 2816K, reserved 1048576K
Event: 2.174 GC heap after
Heap after GC invocations=3 (full 1):
 PSYoungGen      total 36864K, used 0K [0x00000000d7300000, 0x00000000d9c00000, 0x0000000100000000)
  eden space 31744K, 0% used [0x00000000d7300000,0x00000000d7300000,0x00000000d9200000)
  from space 5120K, 0% used [0x00000000d9700000,0x00000000d9700000,0x00000000d9c00000)
  to   space 5120K, 0% used [0x00000000d9200000,0x00000000d9200000,0x00000000d9700000)
 ParOldGen       total 111104K, used 18521K [0x0000000085800000, 0x000000008c480000, 0x00000000d7300000)
  object space 111104K, 16% used [0x0000000085800000,0x0000000086a16440,0x000000008c480000)
 Metaspace       used 20541K, capacity 21132K, committed 21248K, reserved 1067008K
  class space    used 2565K, capacity 2737K, committed 2816K, reserved 1048576K
}
Event: 6.572 GC heap before
{Heap before GC invocations=4 (full 1):
 PSYoungGen      total 36864K, used 31744K [0x00000000d7300000, 0x00000000d9c00000, 0x0000000100000000)
  eden space 31744K, 100% used [0x00000000d7300000,0x00000000d9200000,0x00000000d9200000)
  from space 5120K, 0% used [0x00000000d9700000,0x00000000d9700000,0x00000000d9c00000)
  to   space 5120K, 0% used [0x00000000d9200000,0x00000000d9200000,0x00000000d9700000)
 ParOldGen       total 111104K, used 18521K [0x0000000085800000, 0x000000008c480000, 0x00000000d7300000)
  object space 111104K, 16% used [0x0000000085800000,0x0000000086a16440,0x000000008c480000)
 Metaspace       used 23225K, capacity 23882K, committed 24064K, reserved 1071104K
  class space    used 2875K, capacity 3050K, committed 3072K, reserved 1048576K
Event: 6.575 GC heap after
Heap after GC invocations=4 (full 1):
 PSYoungGen      total 36864K, used 3456K [0x00000000d7300000, 0x00000000da600000, 0x0000000100000000)
  eden space 31744K, 0% used [0x00000000d7300000,0x00000000d7300000,0x00000000d9200000)
  from space 5120K, 67% used [0x00000000d9200000,0x00000000d95603d0,0x00000000d9700000)
  to   space 5120K, 0% used [0x00000000da100000,0x00000000da100000,0x00000000da600000)
 ParOldGen       total 111104K, used 18529K [0x0000000085800000, 0x000000008c480000, 0x00000000d7300000)
  object space 111104K, 16% used [0x0000000085800000,0x0000000086a18440,0x000000008c480000)
 Metaspace       used 23225K, capacity 23882K, committed 24064K, reserved 1071104K
  class space    used 2875K, capacity 3050K, committed 3072K, reserved 1048576K
}
Event: 9.831 GC heap before
{Heap before GC invocations=5 (full 1):
 PSYoungGen      total 36864K, used 35200K [0x00000000d7300000, 0x00000000da600000, 0x0000000100000000)
  eden space 31744K, 100% used [0x00000000d7300000,0x00000000d9200000,0x00000000d9200000)
  from space 5120K, 67% used [0x00000000d9200000,0x00000000d95603d0,0x00000000d9700000)
  to   space 5120K, 0% used [0x00000000da100000,0x00000000da100000,0x00000000da600000)
 ParOldGen       total 111104K, used 18529K [0x0000000085800000, 0x000000008c480000, 0x00000000d7300000)
  object space 111104K, 16% used [0x0000000085800000,0x0000000086a18440,0x000000008c480000)
 Metaspace       used 27012K, capacity 27868K, committed 28032K, reserved 1073152K
  class space    used 3416K, capacity 3645K, committed 3712K, reserved 1048576K
Event: 9.837 GC heap after
Heap after GC invocations=5 (full 1):
 PSYoungGen      total 45568K, used 5095K [0x00000000d7300000, 0x00000000da600000, 0x0000000100000000)
  eden space 40448K, 0% used [0x00000000d7300000,0x00000000d7300000,0x00000000d9a80000)
  from space 5120K, 99% used [0x00000000da100000,0x00000000da5f9e88,0x00000000da600000)
  to   space 5120K, 0% used [0x00000000d9c00000,0x00000000d9c00000,0x00000000da100000)
 ParOldGen       total 111104K, used 43464K [0x0000000085800000, 0x000000008c480000, 0x00000000d7300000)
  object space 111104K, 39% used [0x0000000085800000,0x00000000882720b8,0x000000008c480000)
 Metaspace       used 27012K, capacity 27868K, committed 28032K, reserved 1073152K
  class space    used 3416K, capacity 3645K, committed 3712K, reserved 1048576K
}
Event: 11.614 GC heap before
{Heap before GC invocations=6 (full 1):
 PSYoungGen      total 45568K, used 45543K [0x00000000d7300000, 0x00000000da600000, 0x0000000100000000)
  eden space 40448K, 100% used [0x00000000d7300000,0x00000000d9a80000,0x00000000d9a80000)
  from space 5120K, 99% used [0x00000000da100000,0x00000000da5f9e88,0x00000000da600000)
  to   space 5120K, 0% used [0x00000000d9c00000,0x00000000d9c00000,0x00000000da100000)
 ParOldGen       total 111104K, used 43464K [0x0000000085800000, 0x000000008c480000, 0x00000000d7300000)
  object space 111104K, 39% used [0x0000000085800000,0x00000000882720b8,0x000000008c480000)
 Metaspace       used 27296K, capacity 28078K, committed 28288K, reserved 1073152K
  class space    used 3446K, capacity 3648K, committed 3712K, reserved 1048576K
Event: 11.619 GC heap after
Heap after GC invocations=6 (full 1):
 PSYoungGen      total 47104K, used 5109K [0x00000000d7300000, 0x00000000e0500000, 0x0000000100000000)
  eden space 41984K, 0% used [0x00000000d7300000,0x00000000d7300000,0x00000000d9c00000)
  from space 5120K, 99% used [0x00000000d9c00000,0x00000000da0fd640,0x00000000da100000)
  to   space 49152K, 0% used [0x00000000dd500000,0x00000000dd500000,0x00000000e0500000)
 ParOldGen       total 111104K, used 45425K [0x0000000085800000, 0x000000008c480000, 0x00000000d7300000)
  object space 111104K, 40% used [0x0000000085800000,0x000000008845c728,0x000000008c480000)
 Metaspace       used 27296K, capacity 28078K, committed 28288K, reserved 1073152K
  class space    used 3446K, capacity 3648K, committed 3712K, reserved 1048576K
}

Deoptimization events (10 events):
Event: 9.784 Thread 0x000000001c2c6000 Uncommon trap: reason=bimorphic action=maybe_recompile pc=0x0000000003da0afc method=javax.swing.UIDefaults.getFromHashtable(Ljava/lang/Object;)Ljava/lang/Object; @ 231
Event: 9.805 Thread 0x000000001c2c6000 Uncommon trap: reason=bimorphic action=maybe_recompile pc=0x0000000003da0afc method=javax.swing.UIDefaults.getFromHashtable(Ljava/lang/Object;)Ljava/lang/Object; @ 231
Event: 9.893 Thread 0x000000001c2c6000 Uncommon trap: reason=class_check action=maybe_recompile pc=0x0000000003cbd0b0 method=java.util.regex.Pattern$Curly.match(Ljava/util/regex/Matcher;ILjava/lang/CharSequence;)Z @ 19
Event: 10.221 Thread 0x000000001c2c6000 Uncommon trap: reason=unstable_if action=reinterpret pc=0x000000000392dd58 method=java.util.Calendar.getSetStateFields()I @ 19
Event: 10.650 Thread 0x000000001c2c6000 Uncommon trap: reason=unstable_if action=reinterpret pc=0x0000000003c9a9ac method=sun.util.calendar.BaseCalendar.getFixedDate(IIILsun/util/calendar/BaseCalendar$Date;)J @ 90
Event: 11.798 Thread 0x000000001bfdc000 Uncommon trap: reason=unstable_if action=reinterpret pc=0x0000000003f17324 method=java.awt.Rectangle.inside(II)Z @ 35
Event: 11.923 Thread 0x000000001c2c6000 Uncommon trap: reason=null_check action=make_not_entrant pc=0x0000000003ba215c method=com.formdev.flatlaf.ui.FlatUIUtils.isCellEditor(Ljava/awt/Component;)Z @ 48
Event: 11.924 Thread 0x000000001c2c6000 Uncommon trap: reason=unstable_if action=reinterpret pc=0x0000000003f8b9e8 method=java.awt.Container.findComponentAtImpl(IIZ)Ljava/awt/Component; @ 103
Event: 11.932 Thread 0x000000001c2c6000 Uncommon trap: reason=null_check action=make_not_entrant pc=0x000000000411e4ec method=com.formdev.flatlaf.ui.FlatUIUtils.isCellEditor(Ljava/awt/Component;)Z @ 57
Event: 16.619 Thread 0x000000001c2c6000 Uncommon trap: reason=class_check action=maybe_recompile pc=0x0000000003cbd0b0 method=java.util.regex.Pattern$Curly.match(Ljava/util/regex/Matcher;ILjava/lang/CharSequence;)Z @ 19

Classes redefined (0 events):
No events

Internal exceptions (10 events):
Event: 6.638 Thread 0x000000001c2c6000 Exception <a 'java/lang/ClassNotFoundException': java/lang/ObjectCustomizer> (0x00000000d763aca8) thrown at [C:\re\workspace\8-2-build-windows-amd64-cygwin\jdk8u202\12323\hotspot\src\share\vm\classfile\systemDictionary.cpp, line 210]
Event: 6.638 Thread 0x000000001c2c6000 Exception <a 'java/lang/ArrayIndexOutOfBoundsException': 18> (0x00000000d763c810) thrown at [C:\re\workspace\8-2-build-windows-amd64-cygwin\jdk8u202\12323\hotspot\src\share\vm\interpreter\interpreterRuntime.cpp, line 368]
Event: 6.639 Thread 0x000000001c2c6000 Exception <a 'java/lang/ArrayIndexOutOfBoundsException': 22> (0x00000000d7640110) thrown at [C:\re\workspace\8-2-build-windows-amd64-cygwin\jdk8u202\12323\hotspot\src\share\vm\interpreter\interpreterRuntime.cpp, line 368]
Event: 6.639 Thread 0x000000001c2c6000 Exception <a 'java/lang/ArrayIndexOutOfBoundsException': 160> (0x00000000d7642b00) thrown at [C:\re\workspace\8-2-build-windows-amd64-cygwin\jdk8u202\12323\hotspot\src\share\vm\interpreter\interpreterRuntime.cpp, line 368]
Event: 6.640 Thread 0x000000001c2c6000 Exception <a 'java/lang/ClassNotFoundException': net/miginfocom/layout/UnitValueCustomizer> (0x00000000d764d510) thrown at [C:\re\workspace\8-2-build-windows-amd64-cygwin\jdk8u202\12323\hotspot\src\share\vm\classfile\systemDictionary.cpp, line 210]
Event: 6.641 Thread 0x000000001c2c6000 Exception <a 'java/lang/ClassNotFoundException': java/lang/ObjectCustomizer> (0x00000000d766e408) thrown at [C:\re\workspace\8-2-build-windows-amd64-cygwin\jdk8u202\12323\hotspot\src\share\vm\classfile\systemDictionary.cpp, line 210]
Event: 6.641 Thread 0x000000001c2c6000 Exception <a 'java/lang/ClassNotFoundException': net/miginfocom/layout/BoundSizeCustomizer> (0x00000000d767aa90) thrown at [C:\re\workspace\8-2-build-windows-amd64-cygwin\jdk8u202\12323\hotspot\src\share\vm\classfile\systemDictionary.cpp, line 210]
Event: 11.923 Thread 0x000000001c2c6000 Implicit null exception at 0x0000000003ba157f to 0x0000000003ba2151
Event: 11.924 Thread 0x000000001c2c6000 Implicit null exception at 0x0000000003f8b6f3 to 0x0000000003f8b9b5
Event: 11.932 Thread 0x000000001c2c6000 Implicit null exception at 0x000000000411d9fd to 0x000000000411e4e1

Events (10 events):
Event: 18.637 Thread 0x0000000019e60000 flushing nmethod 0x000000000372e390
Event: 18.637 Thread 0x0000000019e60000 flushing nmethod 0x0000000003743550
Event: 18.637 Executing VM operation: RevokeBias
Event: 18.637 Executing VM operation: RevokeBias done
Event: 18.637 Executing VM operation: RevokeBias
Event: 18.637 Executing VM operation: RevokeBias done
Event: 18.643 loading class com/digitalpersona/uareu/Engine$Candidate
Event: 18.643 loading class com/digitalpersona/uareu/Engine$Candidate done
Event: 18.643 loading class com/digitalpersona/uareu/jni/Dpfj$IntReference
Event: 18.643 loading class com/digitalpersona/uareu/jni/Dpfj$IntReference done


Dynamic libraries:
0x00007ff762700000 - 0x00007ff762737000 	C:\Program Files\Java\jdk1.8.0_202\bin\java.exe
0x00007ffc04e60000 - 0x00007ffc050c8000 	C:\Windows\SYSTEM32\ntdll.dll
0x00007ffc03480000 - 0x00007ffc03549000 	C:\Windows\System32\KERNEL32.DLL
0x00007ffc026a0000 - 0x00007ffc02a8d000 	C:\Windows\System32\KERNELBASE.dll
0x00007ffc032d0000 - 0x00007ffc03384000 	C:\Windows\System32\ADVAPI32.dll
0x00007ffc02c60000 - 0x00007ffc02d09000 	C:\Windows\System32\msvcrt.dll
0x00007ffc03390000 - 0x00007ffc03436000 	C:\Windows\System32\sechost.dll
0x00007ffc02fe0000 - 0x00007ffc030f8000 	C:\Windows\System32\RPCRT4.dll
0x00007ffc02d90000 - 0x00007ffc02f5c000 	C:\Windows\System32\USER32.dll
0x00007ffc02bd0000 - 0x00007ffc02bf7000 	C:\Windows\System32\win32u.dll
0x00007ffc03450000 - 0x00007ffc0347b000 	C:\Windows\System32\GDI32.dll
0x00007ffc02a90000 - 0x00007ffc02bc7000 	C:\Windows\System32\gdi32full.dll
0x00007ffc023d0000 - 0x00007ffc02473000 	C:\Windows\System32\msvcp_win.dll
0x00007ffc02280000 - 0x00007ffc023cb000 	C:\Windows\System32\ucrtbase.dll
0x00007ffbe1b50000 - 0x00007ffbe1dea000 	C:\Windows\WinSxS\amd64_microsoft.windows.common-controls_6595b64144ccf1df_6.0.26100.4484_none_3e0e6d4ce32ef3b3\COMCTL32.dll
0x00007ffc02c00000 - 0x00007ffc02c2f000 	C:\Windows\System32\IMM32.DLL
0x0000000071f10000 - 0x0000000071fe2000 	C:\Program Files\Java\jdk1.8.0_202\jre\bin\msvcr100.dll
0x0000000071660000 - 0x0000000071f05000 	C:\Program Files\Java\jdk1.8.0_202\jre\bin\server\jvm.dll
0x00007ffc03440000 - 0x00007ffc03448000 	C:\Windows\System32\PSAPI.DLL
0x00007ffbfc930000 - 0x00007ffbfc93a000 	C:\Windows\SYSTEM32\WSOCK32.dll
0x00007ffc02d10000 - 0x00007ffc02d84000 	C:\Windows\System32\WS2_32.dll
0x00007ffbee6f0000 - 0x00007ffbee6fb000 	C:\Windows\SYSTEM32\VERSION.dll
0x00007ffbf88a0000 - 0x00007ffbf88d5000 	C:\Windows\SYSTEM32\WINMM.dll
0x00007ffbed970000 - 0x00007ffbed97f000 	C:\Program Files\Java\jdk1.8.0_202\jre\bin\verify.dll
0x00007ffbec3a0000 - 0x00007ffbec3c9000 	C:\Program Files\Java\jdk1.8.0_202\jre\bin\java.dll
0x00007ffbec230000 - 0x00007ffbec246000 	C:\Program Files\Java\jdk1.8.0_202\jre\bin\zip.dll
0x00007ffc03f00000 - 0x00007ffc0464a000 	C:\Windows\System32\SHELL32.dll
0x00007ffc02520000 - 0x00007ffc02694000 	C:\Windows\System32\wintypes.dll
0x00007ffc049a0000 - 0x00007ffc04d26000 	C:\Windows\System32\combase.dll
0x00007ffbffbc0000 - 0x00007ffc0041b000 	C:\Windows\SYSTEM32\windows.storage.dll
0x00007ffc03bb0000 - 0x00007ffc03ca5000 	C:\Windows\System32\SHCORE.dll
0x00007ffc04650000 - 0x00007ffc046ba000 	C:\Windows\System32\shlwapi.dll
0x00007ffc01ec0000 - 0x00007ffc01eef000 	C:\Windows\SYSTEM32\profapi.dll
0x00007ffb25df0000 - 0x00007ffb25f89000 	C:\Program Files\Java\jdk1.8.0_202\jre\bin\awt.dll
0x00007ffc04d30000 - 0x00007ffc04e10000 	C:\Windows\System32\OLEAUT32.dll
0x00007ffbfea80000 - 0x00007ffbfeb1e000 	C:\Windows\SYSTEM32\apphelp.dll
0x00007ffbec210000 - 0x00007ffbec22a000 	C:\Program Files\Java\jdk1.8.0_202\jre\bin\net.dll
0x00007ffbeba50000 - 0x00007ffbebc34000 	C:\Windows\SYSTEM32\urlmon.dll
0x00007ffbeb780000 - 0x00007ffbeba4b000 	C:\Windows\SYSTEM32\iertutil.dll
0x00007ffc00a40000 - 0x00007ffc00a4d000 	C:\Windows\SYSTEM32\netutils.dll
0x00007ffbed230000 - 0x00007ffbed259000 	C:\Windows\SYSTEM32\srvcli.dll
0x00007ffc012e0000 - 0x00007ffc0134a000 	C:\Windows\system32\mswsock.dll
0x00007ffbec1c0000 - 0x00007ffbec1d2000 	C:\Program Files\Java\jdk1.8.0_202\jre\bin\nio.dll
0x00007ffbed960000 - 0x00007ffbed966000 	C:\Users\rndpo\AppData\Local\Temp\flatlaf.temp\flatlaf-windows-x86_64-10617757523360000.dll
0x00007ffbfefa0000 - 0x00007ffbfefd6000 	C:\Windows\SYSTEM32\dwmapi.dll
0x00007ffbfec80000 - 0x00007ffbfed2f000 	C:\Windows\system32\uxtheme.dll
0x00007ffc03d40000 - 0x00007ffc03ea0000 	C:\Windows\System32\MSCTF.dll
0x00007ffc03120000 - 0x00007ffc032be000 	C:\Windows\System32\ole32.dll
0x00007ffc00c90000 - 0x00007ffc00cab000 	C:\Windows\SYSTEM32\kernel.appcore.dll
0x00007ffc02480000 - 0x00007ffc02519000 	C:\Windows\System32\bcryptPrimitives.dll
0x00007ffbec0e0000 - 0x00007ffbec127000 	C:\Program Files\Java\jdk1.8.0_202\jre\bin\fontmanager.dll
0x00007ffbb46b0000 - 0x00007ffbb47c8000 	C:\Windows\system32\opengl32.dll
0x00007ffbe1ff0000 - 0x00007ffbe201d000 	C:\Windows\SYSTEM32\GLU32.dll
0x00007ffbfefe0000 - 0x00007ffbff02d000 	C:\Windows\SYSTEM32\dxcore.dll
0x00007ffbec200000 - 0x00007ffbec207000 	C:\Program Files\Java\jdk1.8.0_202\jre\bin\jawt.dll
0x00007ffbec090000 - 0x00007ffbec0d2000 	C:\Program Files\Java\jdk1.8.0_202\jre\bin\t2k.dll
0x00007ffc015a0000 - 0x00007ffc015bb000 	C:\Windows\SYSTEM32\CRYPTSP.dll
0x00007ffc00cb0000 - 0x00007ffc00ceb000 	C:\Windows\system32\rsaenh.dll
0x00007ffc01380000 - 0x00007ffc013ab000 	C:\Windows\SYSTEM32\USERENV.dll
0x00007ffc01e90000 - 0x00007ffc01eb6000 	C:\Windows\SYSTEM32\bcrypt.dll
0x00007ffc01590000 - 0x00007ffc0159c000 	C:\Windows\SYSTEM32\CRYPTBASE.dll
0x00007ffc00720000 - 0x00007ffc00753000 	C:\Windows\SYSTEM32\IPHLPAPI.DLL
0x00007ffc02c50000 - 0x00007ffc02c5a000 	C:\Windows\System32\NSI.dll
0x00007ffbfa820000 - 0x00007ffbfa83f000 	C:\Windows\SYSTEM32\dhcpcsvc6.DLL
0x00007ffbfa7a0000 - 0x00007ffbfa7c5000 	C:\Windows\SYSTEM32\dhcpcsvc.DLL
0x00007ffc007b0000 - 0x00007ffc008d6000 	C:\Windows\SYSTEM32\DNSAPI.dll
0x00007ffbe58c0000 - 0x00007ffbe5a10000 	C:\Windows\SYSTEM32\textinputframework.dll
0x00007ffbec060000 - 0x00007ffbec08a000 	C:\Program Files\Java\jdk1.8.0_202\jre\bin\dcpr.dll
0x00007ffbfe6a0000 - 0x00007ffbfe7c5000 	C:\Windows\SYSTEM32\CoreMessaging.dll
0x00007ffbfa960000 - 0x00007ffbfac43000 	C:\Windows\SYSTEM32\CoreUIComponents.dll
0x00007ffc039e0000 - 0x00007ffc03a88000 	C:\Windows\System32\clbcatq.dll
0x00007ffbfd2a0000 - 0x00007ffbfd4db000 	C:\Windows\SYSTEM32\WindowsCodecs.dll
0x00007ffbe4ee0000 - 0x00007ffbe4f3a000 	C:\Windows\system32\dataexchange.dll
0x00007ffbef960000 - 0x00007ffbefb98000 	C:\Windows\system32\twinapi.appcore.dll
0x00007ffbf0360000 - 0x00007ffbf036b000 	C:\Windows\System32\rasadhlp.dll
0x00007ffbfb0c0000 - 0x00007ffbfb146000 	C:\Windows\System32\fwpuclnt.dll
0x00007ffbec030000 - 0x00007ffbec054000 	C:\Program Files\Java\jdk1.8.0_202\jre\bin\sunec.dll
0x00007ffbebe10000 - 0x00007ffbebe41000 	C:\Windows\System32\dpuareu_jni.dll
0x00007ffb6ef70000 - 0x00007ffb6efd6000 	C:\Windows\SYSTEM32\dpfj.dll
0x00007ffbebdc0000 - 0x00007ffbebe02000 	C:\Windows\SYSTEM32\dpfr6.dll
0x00007ffbebd60000 - 0x00007ffbebd9d000 	C:\Windows\SYSTEM32\dpfpdd.dll
0x00007ffb6eba0000 - 0x00007ffb6ec13000 	C:\Windows\SYSTEM32\nex_sdk.dll
0x00007ffbee470000 - 0x00007ffbee51f000 	C:\Windows\SYSTEM32\DPFPApi.DLL
0x00007ffc01fb0000 - 0x00007ffc02127000 	C:\Windows\System32\CRYPT32.dll
0x00007ffbedcd0000 - 0x00007ffbedd28000 	C:\Windows\system32\DPCLBACK.dll
0x00007ffbee700000 - 0x00007ffbee71a000 	C:\Windows\SYSTEM32\NETAPI32.dll
0x00007ffc00e80000 - 0x00007ffc00eb6000 	C:\Windows\SYSTEM32\ntmarta.dll
0x00007ffbed150000 - 0x00007ffbed194000 	C:\Windows\SYSTEM32\dpDevDatx64.dll
0x00007ffb5faa0000 - 0x00007ffb5fb07000 	C:\Windows\SYSTEM32\dpfpdd5000.dll
0x00007ffc03550000 - 0x00007ffc039d6000 	C:\Windows\System32\SETUPAPI.dll
0x00007ffc01b20000 - 0x00007ffc01b77000 	C:\Windows\SYSTEM32\cfgmgr32.DLL
0x00007ffbec000000 - 0x00007ffbec02f000 	C:\Windows\SYSTEM32\dpfpdd_ptapi.dll
0x0000000047000000 - 0x000000004710b000 	C:\Windows\SYSTEM32\tfm.dll
0x00007ffc02130000 - 0x00007ffc021b4000 	C:\Windows\System32\WINTRUST.dll
0x00007ffc00420000 - 0x00007ffc0042f000 	C:\Windows\SYSTEM32\HID.DLL
0x00007ffc016c0000 - 0x00007ffc016d3000 	C:\Windows\SYSTEM32\MSASN1.dll
0x00007ffbe4710000 - 0x00007ffbe475b000 	C:\Windows\SYSTEM32\dpfpdd7k.dll
0x00007ffc01af0000 - 0x00007ffc01b1d000 	C:\Windows\SYSTEM32\DEVOBJ.dll
0x00007ffbff5f0000 - 0x00007ffbff831000 	C:\Windows\SYSTEM32\dbghelp.dll

VM Arguments:
java_command: com.trialapp.trialams1.TrialAMS1
java_class_path (initial): C:\Users\rndpo\OneDrive\Desktop\NetBeansProjects\MockICTAcess\target\classes;C:\Users\rndpo\.m2\repository\com\formdev\flatlaf\3.5.4\flatlaf-3.5.4.jar;C:\Users\rndpo\.m2\repository\org\netbeans\external\AbsoluteLayout\RELEASE220\AbsoluteLayout-RELEASE220.jar;C:\Users\rndpo\.m2\repository\net\java\dev\timingframework\timingframework\1.0\timingframework-1.0.jar;C:\Users\rndpo\.m2\repository\com\miglayout\miglayout-swing\5.2\miglayout-swing-5.2.jar;C:\Users\rndpo\.m2\repository\coom\raven\swing-glasspane-pop-up\1.3.0\swing-glasspane-pop-up-1.3.0.jar;C:\Users\rndpo\.m2\repository\com\formdev\flatlaf-extras\3.2.5\flatlaf-extras-3.2.5.jar;C:\Users\rndpo\.m2\repository\com\github\weisj\jsvg\1.2.0\jsvg-1.2.0.jar;C:\Users\rndpo\.m2\repository\com\miglayout\miglayout-core\5.2\miglayout-core-5.2.jar;C:\Users\rndpo\.m2\repository\com\mysql\mysql-connector-j\8.3.0\mysql-connector-j-8.3.0.jar;C:\Users\rndpo\.m2\repository\com\google\protobuf\protobuf-java\3.25.1\protobuf-java-3.25.1.jar;C:\Users\rndpo\.m2\repository\org\mindrot\jbcrypt\0.4\jbcrypt-0.4.jar;C:\Users\rndpo\.m2\repository\net\proteanit\rs2xml\1.0\rs2xml-1.0.jar;C:\Users\rndpo\.m2\repository\com\toedter\jcalendar\1.4\jcalendar-1.4.jar;C:\Users\rndpo\.m2\repository\com\github\lgooddatepicker\LGoodDatePicker\11.2.1\LGoodDatePicker-11.2.1.jar;C:\Users\rndpo\.m2\repository\com\digitalpersona\dpuareu\1.0.0\dpuareu-1.0.0.jar;C:\Users\rndpo\.m2\repository\com\digitalpersona\onetouch\xmlParserAPIs\1.0.0\xmlParserAPIs-1.0.0.jar;C:\Users\rndpo\.m2\repository\com\digitalpersona\onetouch\xercesImpl\2.6.2\xercesImpl-2.6.2.jar;C:\Users\rndpo\.m2\repository\com\digitalpersona\onetouch\jpos113\1.0.0\jpos113-1.0.0.jar;C:\Users\rndpo\.m2\repository\com\digitalpersona\onetouch\dpjavapos\1.0.0\dpjavapos-1.0.0.jar
Launcher Type: SUN_STANDARD

Environment Variables:
JAVA_HOME=C:\Program Files\Java\jdk1.8.0_202
PATH=C:\Program Files\Java\jdk1.8.0_202\bin;C:\Program Files (x86)\Common Files\Oracle\Java\javapath;C:\Program Files\Common Files\Oracle\Java\javapath;C:\Windows\system32;C:\Windows;C:\Windows\System32\Wbem;C:\Windows\System32\WindowsPowerShell\v1.0\;C:\Windows\System32\OpenSSH\;C:\Program Files\apache-maven-3.9.10\bin;C:\cygwin64\bin;C:\Users\rndpo\AppData\Local\Microsoft\WindowsApps;
USERNAME=rndpo
OS=Windows_NT
PROCESSOR_IDENTIFIER=Intel64 Family 6 Model 170 Stepping 4, GenuineIntel



---------------  S Y S T E M  ---------------

OS: Windows 10.0 , 64 bit Build 26100 (10.0.26100.4484)

CPU:total 14 (initial active 14) (7 cores per cpu, 2 threads per core) family 6 model 170 stepping 4, cmov, cx8, fxsr, mmx, sse, sse2, sse3, ssse3, sse4.1, sse4.2, popcnt, avx, avx2, aes, clmul, erms, 3dnowpref, lzcnt, ht, tsc, tscinvbit, bmi1, bmi2, adx

Memory: 4k page, physical 8020176k(719488k free), swap 16526884k(379000k free)

vm_info: Java HotSpot(TM) 64-Bit Server VM (25.202-b08) for windows-amd64 JRE (1.8.0_202-b08), built on Dec 15 2018 19:54:30 by "java_re" with MS VC++ 10.0 (VS2010)

time: Mon Jul 28 16:50:24 2025
timezone: Malay Peninsula Standard Time
elapsed time: 18 seconds (0d 0h 0m 18s)

