#
# A fatal error has been detected by the Java Runtime Environment:
#
#  EXCEPTION_ACCESS_VIOLATION (0xc0000005) at pc=0x00007ffb7c55c150, pid=26968, tid=17728
#
# JRE version: Java(TM) SE Runtime Environment (17.0.12+8) (build 17.0.12+8-LTS-286)
# Java VM: Java HotSpot(TM) 64-Bit Server VM (17.0.12+8-LTS-286, mixed mode, sharing, tiered, compressed oops, compressed class ptrs, g1 gc, windows-amd64)
# Problematic frame:
# V  [jvm.dll+0xc150]
#
# No core dump will be written. Minidumps are not enabled by default on client versions of Windows
#
# If you would like to submit a bug report, please visit:
#   https://bugreport.java.com/bugreport/crash.jsp
#

---------------  S U M M A R Y ------------

Command Line: com.trialapp.trialams1.TrialAMS1

Host: Intel(R) Core(TM) Ultra 5 125U, 14 cores, 7G,  Windows 11 , 64 bit Build 26100 (10.0.26100.4484)
Time: Mon Jul 28 15:03:25 2025 Malay Peninsula Standard Time elapsed time: 17.380487 seconds (0d 0h 0m 17s)

---------------  T H R E A D  ---------------

Current thread (0x0000023cf8b239b0):  JavaThread "Thread-1" [_thread_in_vm, id=17728, stack(0x000000c489500000,0x000000c489600000)]

Stack: [0x000000c489500000,0x000000c489600000],  sp=0x000000c4895fee28,  free space=1019k
Native frames: (J=compiled Java code, j=interpreted, Vv=VM code, C=native code)
V  [jvm.dll+0xc150]

Java frames: (J=compiled Java code, j=interpreted, Vv=VM code)
j  com.digitalpersona.uareu.jni.Dpfj.DpfjIdentify([BII[[BIILcom/digitalpersona/uareu/jni/Dpfj$IntReference;[Lcom/digitalpersona/uareu/Engine$Candidate;)I+0
j  com.digitalpersona.uareu.jni.Dpfj.identify(Lcom/digitalpersona/uareu/Fmd;I[Lcom/digitalpersona/uareu/Fmd;II)[Lcom/digitalpersona/uareu/Engine$Candidate;+148
j  com.digitalpersona.uareu.dpfj.EngineImpl.Identify(Lcom/digitalpersona/uareu/Fmd;I[Lcom/digitalpersona/uareu/Fmd;II)[Lcom/digitalpersona/uareu/Engine$Candidate;+11
j  Fingerprint.IdentificationThread.compareFmdToDatabaseFmds(Lcom/digitalpersona/uareu/Fmd;[Lcom/digitalpersona/uareu/Fmd;Ljava/util/ArrayList;)Z+73
j  Fingerprint.IdentificationThread.fmdIsAlreadyEnrolled(Lcom/digitalpersona/uareu/Fmd;Ljava/util/ArrayList;)Z+9
j  Fingerprint.EnrollmentThread.GetFmd(Lcom/digitalpersona/uareu/Fmd$Format;)Lcom/digitalpersona/uareu/Engine$PreEnrollmentFmd;+82
j  com.digitalpersona.uareu.dpfj.EngineImpl.CreateEnrollmentFmd(Lcom/digitalpersona/uareu/Fmd$Format;Lcom/digitalpersona/uareu/Engine$EnrollmentCallback;)Lcom/digitalpersona/uareu/Fmd;+82
j  Fingerprint.EnrollmentThread.startEnrollment()V+79
j  Fingerprint.EnrollmentThread.run()V+7
v  ~StubRoutines::call_stub

siginfo: EXCEPTION_ACCESS_VIOLATION (0xc0000005), reading address 0x0000000000000000


Registers:
RAX=0x0000000000000000, RBX=0x0000023cf8b239b0, RCX=0x0000000000000000, RDX=0x0000000000000000
RSP=0x000000c4895fee28, RBP=0x000000c4895fefd0, RSI=0x000000c4895ff028, RDI=0x0000000000000000
R8 =0x000000c4895ff028, R9 =0x0000000001010001, R10=0x00007ffb7cff3670, R11=0x0000000000000101
R12=0x0000000000000000, R13=0x0000000000000000, R14=0x000000c4895ff030, R15=0x0000023cf8b239b0
RIP=0x00007ffb7c55c150, EFLAGS=0x0000000000010246


Register to memory mapping:

RIP=0x00007ffb7c55c150 jvm.dll
RAX=0x0 is NULL
RBX=0x0000023cf8b239b0 is a thread
RCX=0x0 is NULL
RDX=0x0 is NULL
RSP=0x000000c4895fee28 is pointing into the stack for thread: 0x0000023cf8b239b0
RBP=0x000000c4895fefd0 is pointing into the stack for thread: 0x0000023cf8b239b0
RSI=0x000000c4895ff028 is pointing into the stack for thread: 0x0000023cf8b239b0
RDI=0x0 is NULL
R8 =0x000000c4895ff028 is pointing into the stack for thread: 0x0000023cf8b239b0
R9 =0x0000000001010001 is an unknown value
R10=0x00007ffb7cff3670 jvm.dll
R11=0x0000000000000101 is an unknown value
R12=0x0 is NULL
R13=0x0 is NULL
R14=0x000000c4895ff030 is pointing into the stack for thread: 0x0000023cf8b239b0
R15=0x0000023cf8b239b0 is a thread


Top of Stack: (sp=0x000000c4895fee28)
0x000000c4895fee28:   00007ffb7c93149a 000000000000000a
0x000000c4895fee38:   0000001b955b55b4 0000023cf4474a98
0x000000c4895fee48:   0000023cf8b239b0 0000000000000000
0x000000c4895fee58:   00007ffbebdb200a 0000023cf8b23c60
0x000000c4895fee68:   000000c4895ff028 000000c4895ff030
0x000000c4895fee78:   0000023cf4474a98 0000000000000000
0x000000c4895fee88:   0000000000000000 0000000000000000
0x000000c4895fee98:   0000023cf8b239b0 000000c4895fefd0
0x000000c4895feea8:   00007ffb7c8d02a2 000000c4895feed0
0x000000c4895feeb8:   0000023ca1ea8195 000001b6955b55b4
0x000000c4895feec8:   0000023cf8b239b0 0000023cf4474a98
0x000000c4895feed8:   0000023cf8b239b0 0000023cf8b239b0
0x000000c4895feee8:   000000c4895ff030 0000023cf4474a98
0x000000c4895feef8:   0000000000000000 0000000000000000
0x000000c4895fef08:   0000000000000000 0000023cf4474a98
0x000000c4895fef18:   0000023ca1e8d5d6 000000c4895ff030 

Instructions: (pc=0x00007ffb7c55c150)
0x00007ffb7c55c050:   cc cf a8 00 48 83 c4 20 5b 48 ff e0 48 8d 05 ed
0x00007ffb7c55c060:   00 00 00 48 8b cb 48 89 05 b3 cf a8 00 48 83 c4
0x00007ffb7c55c070:   20 5b 48 ff e0 48 8d 05 d4 00 00 00 48 8b cb 48
0x00007ffb7c55c080:   89 05 9a cf a8 00 48 83 c4 20 5b 48 ff e0 48 8b
0x00007ffb7c55c090:   0d bb c5 ae 00 8b 51 10 83 ea 01 0f 84 91 00 00
0x00007ffb7c55c0a0:   00 83 ea 01 74 73 83 ea 01 74 55 83 fa 01 74 37
0x00007ffb7c55c0b0:   4c 8d 0d 99 da 82 00 41 b8 e9 00 00 00 48 8d 15
0x00007ffb7c55c0c0:   c4 da 82 00 b9 00 00 00 e0 e8 62 8c 23 00 e8 8d
0x00007ffb7c55c0d0:   da 66 00 33 c0 48 8b cb 48 89 05 41 cf a8 00 48
0x00007ffb7c55c0e0:   83 c4 20 5b 48 ff e0 48 8d 05 72 00 00 00 48 8b
0x00007ffb7c55c0f0:   cb 48 89 05 28 cf a8 00 48 83 c4 20 5b 48 ff e0
0x00007ffb7c55c100:   48 8d 05 49 00 00 00 48 8b cb 48 89 05 0f cf a8
0x00007ffb7c55c110:   00 48 83 c4 20 5b 48 ff e0 48 8d 05 30 00 00 00
0x00007ffb7c55c120:   48 8b cb 48 89 05 f6 ce a8 00 48 83 c4 20 5b 48
0x00007ffb7c55c130:   ff e0 48 8d 05 17 00 00 00 48 8b cb 48 89 05 dd
0x00007ffb7c55c140:   ce a8 00 48 83 c4 20 5b 48 ff e0 cc cc cc cc cc
0x00007ffb7c55c150:   48 8b 01 c3 cc cc cc cc cc cc cc cc cc cc cc cc
0x00007ffb7c55c160:   48 89 5c 24 08 57 48 83 ec 20 48 8b 39 48 8b d9
0x00007ffb7c55c170:   48 85 3d 11 a6 b3 00 75 0e 48 8b c7 48 8b 5c 24
0x00007ffb7c55c180:   30 48 83 c4 20 5f c3 48 8b cf e8 11 ff 7f 00 48
0x00007ffb7c55c190:   8b d0 48 85 c0 74 20 48 8b c7 f0 48 0f b1 13 74
0x00007ffb7c55c1a0:   16 48 85 05 e0 a5 b3 00 74 0d 48 8b c8 f0 48 0f
0x00007ffb7c55c1b0:   b1 13 48 3b c1 75 ea 48 8b 5c 24 30 48 8b c2 48
0x00007ffb7c55c1c0:   83 c4 20 5f c3 cc cc cc cc cc cc cc cc cc cc cc
0x00007ffb7c55c1d0:   8b 44 24 30 45 03 c9 44 2b 4c 24 28 83 c0 0b 44
0x00007ffb7c55c1e0:   03 ca 45 03 c8 41 03 c1 c3 cc cc cc cc cc cc cc
0x00007ffb7c55c1f0:   48 8b 41 08 0f b7 48 2a 0f b7 40 28 83 c0 48 03
0x00007ffb7c55c200:   c1 c3 cc cc cc cc cc cc cc cc cc cc cc cc cc cc
0x00007ffb7c55c210:   48 89 5c 24 08 57 48 83 ec 20 0f b6 05 4f ad b3
0x00007ffb7c55c220:   00 48 8b fa 48 8b d9 84 c0 74 4f 48 85 15 56 a5
0x00007ffb7c55c230:   b3 00 74 38 48 8b ca e8 74 01 80 00 48 8b d0 48
0x00007ffb7c55c240:   85 db 74 25 48 85 c0 74 20 48 8b c7 f0 48 0f b1 


Stack slot to memory mapping:
stack at sp + 0 slots: 0x00007ffb7c93149a jvm.dll
stack at sp + 1 slots: 0x000000000000000a is an unknown value
stack at sp + 2 slots: 0x0000001b955b55b4 is an unknown value
stack at sp + 3 slots: {method} {0x0000023cf4474aa0} 'DpfjIdentify' '([BII[[BIILcom/digitalpersona/uareu/jni/Dpfj$IntReference;[Lcom/digitalpersona/uareu/Engine$Candidate;)I' in 'com/digitalpersona/uareu/jni/Dpfj'
stack at sp + 4 slots: 0x0000023cf8b239b0 is a thread
stack at sp + 5 slots: 0x0 is NULL
stack at sp + 6 slots: 0x00007ffbebdb200a dpuareu_jni.dll
stack at sp + 7 slots: 0x0000023cf8b23c60 points into unknown readable memory: 0x00007ffb7cff3670 | 70 36 ff 7c fb 7f 00 00


---------------  P R O C E S S  ---------------

Threads class SMR info:
_java_thread_list=0x0000023cfa4d6060, length=22, elements={
0x0000023cb1ddf660, 0x0000023cb1de2030, 0x0000023cb1df5650, 0x0000023cb1df6010,
0x0000023cb1df69d0, 0x0000023cb1df93a0, 0x0000023cb1dfa140, 0x0000023cb1dfabf0,
0x0000023cb1dfc510, 0x0000023cf70edd50, 0x0000023cf7119240, 0x0000023cf7578d30,
0x0000023cf757b220, 0x0000023cf757b700, 0x0000023cf7a47bf0, 0x0000023cf7c9c0c0,
0x0000023cf7c9cff0, 0x0000023cf8b243d0, 0x0000023cf8b23ec0, 0x0000023cf8b26740,
0x0000023cf8b239b0, 0x0000023cf8b25810
}

Java Threads: ( => current thread )
  0x0000023cb1ddf660 JavaThread "Reference Handler" daemon [_thread_blocked, id=12060, stack(0x000000c486d00000,0x000000c486e00000)]
  0x0000023cb1de2030 JavaThread "Finalizer" daemon [_thread_blocked, id=16572, stack(0x000000c486e00000,0x000000c486f00000)]
  0x0000023cb1df5650 JavaThread "Signal Dispatcher" daemon [_thread_blocked, id=9608, stack(0x000000c486f00000,0x000000c487000000)]
  0x0000023cb1df6010 JavaThread "Attach Listener" daemon [_thread_blocked, id=25480, stack(0x000000c487000000,0x000000c487100000)]
  0x0000023cb1df69d0 JavaThread "Service Thread" daemon [_thread_blocked, id=22396, stack(0x000000c487100000,0x000000c487200000)]
  0x0000023cb1df93a0 JavaThread "Monitor Deflation Thread" daemon [_thread_blocked, id=19688, stack(0x000000c487200000,0x000000c487300000)]
  0x0000023cb1dfa140 JavaThread "C2 CompilerThread0" daemon [_thread_blocked, id=1652, stack(0x000000c487300000,0x000000c487400000)]
  0x0000023cb1dfabf0 JavaThread "C1 CompilerThread0" daemon [_thread_blocked, id=28344, stack(0x000000c487400000,0x000000c487500000)]
  0x0000023cb1dfc510 JavaThread "Sweeper thread" daemon [_thread_blocked, id=29048, stack(0x000000c487500000,0x000000c487600000)]
  0x0000023cf70edd50 JavaThread "Notification Thread" daemon [_thread_blocked, id=13420, stack(0x000000c487600000,0x000000c487700000)]
  0x0000023cf7119240 JavaThread "Common-Cleaner" daemon [_thread_blocked, id=24096, stack(0x000000c487800000,0x000000c487900000)]
  0x0000023cf7578d30 JavaThread "Java2D Disposer" daemon [_thread_blocked, id=16596, stack(0x000000c487900000,0x000000c487a00000)]
  0x0000023cf757b220 JavaThread "AWT-Shutdown" [_thread_blocked, id=23884, stack(0x000000c487a00000,0x000000c487b00000)]
  0x0000023cf757b700 JavaThread "AWT-Windows" daemon [_thread_in_native, id=9412, stack(0x000000c487b00000,0x000000c487c00000)]
  0x0000023cf7a47bf0 JavaThread "AWT-EventQueue-0" [_thread_blocked, id=25820, stack(0x000000c487e00000,0x000000c487f00000)]
  0x0000023cf7c9c0c0 JavaThread "Thread-0" [_thread_blocked, id=10920, stack(0x000000c488b00000,0x000000c488c00000)]
  0x0000023cf7c9cff0 JavaThread "DestroyJavaVM" [_thread_blocked, id=10892, stack(0x000000c486600000,0x000000c486700000)]
  0x0000023cf8b243d0 JavaThread "mysql-cj-abandoned-connection-cleanup" daemon [_thread_blocked, id=1900, stack(0x000000c488e00000,0x000000c488f00000)]
  0x0000023cf8b23ec0 JavaThread "TimerQueue" daemon [_thread_blocked, id=19676, stack(0x000000c487c00000,0x000000c487d00000)]
  0x0000023cf8b26740 JavaThread "Image Fetcher 0" daemon [_thread_blocked, id=20708, stack(0x000000c489000000,0x000000c489100000)]
=>0x0000023cf8b239b0 JavaThread "Thread-1" [_thread_in_vm, id=17728, stack(0x000000c489500000,0x000000c489600000)]
  0x0000023cf8b25810 JavaThread "Thread-3" [_thread_blocked, id=23680, stack(0x000000c489600000,0x000000c489700000)]

Other Threads:
  0x0000023cb1dd8ca0 VMThread "VM Thread" [stack: 0x000000c486c00000,0x000000c486d00000] [id=21112]
  0x0000023c930e3c40 WatcherThread [stack: 0x000000c487700000,0x000000c487800000] [id=28652]
  0x0000023c930bb180 GCTaskThread "GC Thread#0" [stack: 0x000000c486700000,0x000000c486800000] [id=11960]
  0x0000023cf7d53e80 GCTaskThread "GC Thread#1" [stack: 0x000000c488000000,0x000000c488100000] [id=15772]
  0x0000023cf75b9bb0 GCTaskThread "GC Thread#2" [stack: 0x000000c488100000,0x000000c488200000] [id=21316]
  0x0000023cf75b9e70 GCTaskThread "GC Thread#3" [stack: 0x000000c488200000,0x000000c488300000] [id=18680]
  0x0000023cf75ba130 GCTaskThread "GC Thread#4" [stack: 0x000000c488300000,0x000000c488400000] [id=6160]
  0x0000023cf75ba3f0 GCTaskThread "GC Thread#5" [stack: 0x000000c488400000,0x000000c488500000] [id=18776]
  0x0000023cf879abc0 GCTaskThread "GC Thread#6" [stack: 0x000000c488500000,0x000000c488600000] [id=26496]
  0x0000023cf87dbfe0 GCTaskThread "GC Thread#7" [stack: 0x000000c488600000,0x000000c488700000] [id=23068]
  0x0000023cf87dc2a0 GCTaskThread "GC Thread#8" [stack: 0x000000c488700000,0x000000c488800000] [id=11888]
  0x0000023cf87dc560 GCTaskThread "GC Thread#9" [stack: 0x000000c488800000,0x000000c488900000] [id=24544]
  0x0000023cf87df2e0 GCTaskThread "GC Thread#10" [stack: 0x000000c488900000,0x000000c488a00000] [id=11708]
  0x0000023c930cd2b0 ConcurrentGCThread "G1 Main Marker" [stack: 0x000000c486800000,0x000000c486900000] [id=29184]
  0x0000023c930cfb80 ConcurrentGCThread "G1 Conc#0" [stack: 0x000000c486900000,0x000000c486a00000] [id=16220]
  0x0000023cf79593b0 ConcurrentGCThread "G1 Conc#1" [stack: 0x000000c489100000,0x000000c489200000] [id=17320]
  0x0000023cf7959670 ConcurrentGCThread "G1 Conc#2" [stack: 0x000000c489200000,0x000000c489300000] [id=13084]
  0x0000023c9312e0d0 ConcurrentGCThread "G1 Refine#0" [stack: 0x000000c486a00000,0x000000c486b00000] [id=3228]
  0x0000023cf75baab0 ConcurrentGCThread "G1 Refine#1" [stack: 0x000000c488a00000,0x000000c488b00000] [id=3180]
  0x0000023c9312e9a0 ConcurrentGCThread "G1 Service" [stack: 0x000000c486b00000,0x000000c486c00000] [id=29016]

Threads with active compile tasks:

VM state: not at safepoint (normal execution)

VM Mutex/Monitor currently owned by a thread: None

Heap address: 0x0000000085800000, size: 1960 MB, Compressed Oops mode: 32-bit

CDS archive(s) mapped at: [0x0000023cb2000000-0x0000023cb2bd0000-0x0000023cb2bd0000), size 12386304, SharedBaseAddress: 0x0000023cb2000000, ArchiveRelocationMode: 1.
Compressed class space mapped at: 0x0000023cb3000000-0x0000023cf3000000, reserved size: 1073741824
Narrow klass base: 0x0000023cb2000000, Narrow klass shift: 0, Narrow klass range: 0x100000000

GC Precious Log:
 CPUs: 14 total, 14 available
 Memory: 7832M
 Large Page Support: Disabled
 NUMA Support: Disabled
 Compressed Oops: Enabled (32-bit)
 Heap Region Size: 1M
 Heap Min Capacity: 8M
 Heap Initial Capacity: 124M
 Heap Max Capacity: 1960M
 Pre-touch: Disabled
 Parallel Workers: 11
 Concurrent Workers: 3
 Concurrent Refinement Workers: 11
 Periodic GC: Disabled

Heap:
 garbage-first heap   total 75776K, used 53389K [0x0000000085800000, 0x0000000100000000)
  region size 1024K, 9 young (9216K), 1 survivors (1024K)
 Metaspace       used 24816K, committed 25152K, reserved 1114112K
  class space    used 2895K, committed 3072K, reserved 1048576K

Heap Regions: E=young(eden), S=young(survivor), O=old, HS=humongous(starts), HC=humongous(continues), CS=collection set, F=free, OA=open archive, CA=closed archive, TAMS=top-at-mark-start (previous, next)
|   0|0x0000000085800000, 0x0000000085900000, 0x0000000085900000|100%| O|  |TAMS 0x0000000085900000, 0x0000000085800000| Untracked 
|   1|0x0000000085900000, 0x0000000085a00000, 0x0000000085a00000|100%| O|  |TAMS 0x0000000085a00000, 0x0000000085900000| Untracked 
|   2|0x0000000085a00000, 0x0000000085b00000, 0x0000000085b00000|100%| O|  |TAMS 0x0000000085b00000, 0x0000000085a00000| Untracked 
|   3|0x0000000085b00000, 0x0000000085c00000, 0x0000000085c00000|100%|HS|  |TAMS 0x0000000085b00000, 0x0000000085b00000| Complete 
|   4|0x0000000085c00000, 0x0000000085d00000, 0x0000000085d00000|100%|HC|  |TAMS 0x0000000085c00000, 0x0000000085c00000| Complete 
|   5|0x0000000085d00000, 0x0000000085e00000, 0x0000000085e00000|100%|HS|  |TAMS 0x0000000085e00000, 0x0000000085d00000| Complete 
|   6|0x0000000085e00000, 0x0000000085f00000, 0x0000000085f00000|100%|HC|  |TAMS 0x0000000085f00000, 0x0000000085e00000| Complete 
|   7|0x0000000085f00000, 0x0000000086000000, 0x0000000086000000|100%|HS|  |TAMS 0x0000000086000000, 0x0000000085f00000| Complete 
|   8|0x0000000086000000, 0x0000000086100000, 0x0000000086100000|100%| O|  |TAMS 0x0000000086100000, 0x0000000086000000| Untracked 
|   9|0x0000000086100000, 0x0000000086200000, 0x0000000086200000|100%|HS|  |TAMS 0x0000000086200000, 0x0000000086100000| Complete 
|  10|0x0000000086200000, 0x0000000086300000, 0x0000000086300000|100%|HC|  |TAMS 0x0000000086300000, 0x0000000086200000| Complete 
|  11|0x0000000086300000, 0x0000000086400000, 0x0000000086400000|100%|HC|  |TAMS 0x0000000086400000, 0x0000000086300000| Complete 
|  12|0x0000000086400000, 0x0000000086500000, 0x0000000086500000|100%|HC|  |TAMS 0x0000000086500000, 0x0000000086400000| Complete 
|  13|0x0000000086500000, 0x0000000086600000, 0x0000000086600000|100%|HC|  |TAMS 0x0000000086600000, 0x0000000086500000| Complete 
|  14|0x0000000086600000, 0x0000000086700000, 0x0000000086700000|100%|HC|  |TAMS 0x0000000086700000, 0x0000000086600000| Complete 
|  15|0x0000000086700000, 0x0000000086800000, 0x0000000086800000|100%|HC|  |TAMS 0x0000000086800000, 0x0000000086700000| Complete 
|  16|0x0000000086800000, 0x0000000086900000, 0x0000000086900000|100%|HC|  |TAMS 0x0000000086900000, 0x0000000086800000| Complete 
|  17|0x0000000086900000, 0x0000000086a00000, 0x0000000086a00000|100%|HS|  |TAMS 0x0000000086a00000, 0x0000000086900000| Complete 
|  18|0x0000000086a00000, 0x0000000086b00000, 0x0000000086b00000|100%|HC|  |TAMS 0x0000000086b00000, 0x0000000086a00000| Complete 
|  19|0x0000000086b00000, 0x0000000086c00000, 0x0000000086c00000|100%|HC|  |TAMS 0x0000000086c00000, 0x0000000086b00000| Complete 
|  20|0x0000000086c00000, 0x0000000086d00000, 0x0000000086d00000|100%| O|  |TAMS 0x0000000086d00000, 0x0000000086c00000| Untracked 
|  21|0x0000000086d00000, 0x0000000086e00000, 0x0000000086e00000|100%| O|  |TAMS 0x0000000086e00000, 0x0000000086d00000| Untracked 
|  22|0x0000000086e00000, 0x0000000086e00000, 0x0000000086f00000|  0%| F|  |TAMS 0x0000000086e00000, 0x0000000086e00000| Untracked 
|  23|0x0000000086f00000, 0x0000000087000000, 0x0000000087000000|100%| O|  |TAMS 0x0000000087000000, 0x0000000086f00000| Untracked 
|  24|0x0000000087000000, 0x0000000087100000, 0x0000000087100000|100%| O|  |TAMS 0x0000000087100000, 0x0000000087000000| Untracked 
|  25|0x0000000087100000, 0x00000000871dbe00, 0x0000000087200000| 85%| O|  |TAMS 0x00000000871dbe00, 0x0000000087100000| Complete 
|  26|0x0000000087200000, 0x0000000087300000, 0x0000000087300000|100%|HS|  |TAMS 0x0000000087300000, 0x0000000087200000| Complete 
|  27|0x0000000087300000, 0x0000000087400000, 0x0000000087400000|100%|HC|  |TAMS 0x0000000087400000, 0x0000000087300000| Complete 
|  28|0x0000000087400000, 0x0000000087500000, 0x0000000087500000|100%|HC|  |TAMS 0x0000000087500000, 0x0000000087400000| Complete 
|  29|0x0000000087500000, 0x0000000087600000, 0x0000000087600000|100%|HC|  |TAMS 0x0000000087600000, 0x0000000087500000| Complete 
|  30|0x0000000087600000, 0x0000000087700000, 0x0000000087700000|100%|HC|  |TAMS 0x0000000087700000, 0x0000000087600000| Complete 
|  31|0x0000000087700000, 0x0000000087800000, 0x0000000087800000|100%|HC|  |TAMS 0x0000000087800000, 0x0000000087700000| Complete 
|  32|0x0000000087800000, 0x0000000087900000, 0x0000000087900000|100%|HC|  |TAMS 0x0000000087900000, 0x0000000087800000| Complete 
|  33|0x0000000087900000, 0x0000000087a00000, 0x0000000087a00000|100%|HC|  |TAMS 0x0000000087a00000, 0x0000000087900000| Complete 
|  34|0x0000000087a00000, 0x0000000087b00000, 0x0000000087b00000|100%| O|  |TAMS 0x0000000087b00000, 0x0000000087a00000| Untracked 
|  35|0x0000000087b00000, 0x0000000087c00000, 0x0000000087c00000|100%| O|  |TAMS 0x0000000087c00000, 0x0000000087b00000| Untracked 
|  36|0x0000000087c00000, 0x0000000087c3a200, 0x0000000087d00000| 22%| O|  |TAMS 0x0000000087c3a200, 0x0000000087c00000| Untracked 
|  37|0x0000000087d00000, 0x0000000087e00000, 0x0000000087e00000|100%|HS|  |TAMS 0x0000000087d00000, 0x0000000087d00000| Complete 
|  38|0x0000000087e00000, 0x0000000087f00000, 0x0000000087f00000|100%|HC|  |TAMS 0x0000000087e00000, 0x0000000087e00000| Complete 
|  39|0x0000000087f00000, 0x0000000088000000, 0x0000000088000000|100%|HS|  |TAMS 0x0000000087f00000, 0x0000000087f00000| Complete 
|  40|0x0000000088000000, 0x0000000088100000, 0x0000000088100000|100%|HC|  |TAMS 0x0000000088000000, 0x0000000088000000| Complete 
|  41|0x0000000088100000, 0x0000000088200000, 0x0000000088200000|100%|HC|  |TAMS 0x0000000088100000, 0x0000000088100000| Complete 
|  42|0x0000000088200000, 0x0000000088300000, 0x0000000088300000|100%|HC|  |TAMS 0x0000000088200000, 0x0000000088200000| Complete 
|  43|0x0000000088300000, 0x0000000088400000, 0x0000000088400000|100%|HC|  |TAMS 0x0000000088300000, 0x0000000088300000| Complete 
|  44|0x0000000088400000, 0x0000000088500000, 0x0000000088500000|100%|HC|  |TAMS 0x0000000088400000, 0x0000000088400000| Complete 
|  45|0x0000000088500000, 0x0000000088600000, 0x0000000088600000|100%|HC|  |TAMS 0x0000000088500000, 0x0000000088500000| Complete 
|  46|0x0000000088600000, 0x0000000088700000, 0x0000000088700000|100%|HC|  |TAMS 0x0000000088600000, 0x0000000088600000| Complete 
|  47|0x0000000088700000, 0x0000000088700000, 0x0000000088800000|  0%| F|  |TAMS 0x0000000088700000, 0x0000000088700000| Untracked 
|  48|0x0000000088800000, 0x0000000088800000, 0x0000000088900000|  0%| F|  |TAMS 0x0000000088800000, 0x0000000088800000| Untracked 
|  49|0x0000000088900000, 0x0000000088900000, 0x0000000088a00000|  0%| F|  |TAMS 0x0000000088900000, 0x0000000088900000| Untracked 
|  50|0x0000000088a00000, 0x0000000088a00000, 0x0000000088b00000|  0%| F|  |TAMS 0x0000000088a00000, 0x0000000088a00000| Untracked 
|  51|0x0000000088b00000, 0x0000000088b0d570, 0x0000000088c00000|  5%| S|CS|TAMS 0x0000000088b00000, 0x0000000088b00000| Complete 
|  52|0x0000000088c00000, 0x0000000088c00000, 0x0000000088d00000|  0%| F|  |TAMS 0x0000000088c00000, 0x0000000088c00000| Untracked 
|  53|0x0000000088d00000, 0x0000000088d00000, 0x0000000088e00000|  0%| F|  |TAMS 0x0000000088d00000, 0x0000000088d00000| Untracked 
|  54|0x0000000088e00000, 0x0000000088e00000, 0x0000000088f00000|  0%| F|  |TAMS 0x0000000088e00000, 0x0000000088e00000| Untracked 
|  55|0x0000000088f00000, 0x0000000088f00000, 0x0000000089000000|  0%| F|  |TAMS 0x0000000088f00000, 0x0000000088f00000| Untracked 
|  56|0x0000000089000000, 0x0000000089000000, 0x0000000089100000|  0%| F|  |TAMS 0x0000000089000000, 0x0000000089000000| Untracked 
|  57|0x0000000089100000, 0x0000000089100000, 0x0000000089200000|  0%| F|  |TAMS 0x0000000089100000, 0x0000000089100000| Untracked 
|  58|0x0000000089200000, 0x0000000089200000, 0x0000000089300000|  0%| F|  |TAMS 0x0000000089200000, 0x0000000089200000| Untracked 
|  59|0x0000000089300000, 0x0000000089300000, 0x0000000089400000|  0%| F|  |TAMS 0x0000000089300000, 0x0000000089300000| Untracked 
|  60|0x0000000089400000, 0x0000000089400000, 0x0000000089500000|  0%| F|  |TAMS 0x0000000089400000, 0x0000000089400000| Untracked 
|  61|0x0000000089500000, 0x0000000089500000, 0x0000000089600000|  0%| F|  |TAMS 0x0000000089500000, 0x0000000089500000| Untracked 
|  62|0x0000000089600000, 0x0000000089600000, 0x0000000089700000|  0%| F|  |TAMS 0x0000000089600000, 0x0000000089600000| Untracked 
|  63|0x0000000089700000, 0x0000000089700000, 0x0000000089800000|  0%| F|  |TAMS 0x0000000089700000, 0x0000000089700000| Untracked 
|  64|0x0000000089800000, 0x0000000089800000, 0x0000000089900000|  0%| F|  |TAMS 0x0000000089800000, 0x0000000089800000| Untracked 
|  65|0x0000000089900000, 0x0000000089900000, 0x0000000089a00000|  0%| F|  |TAMS 0x0000000089900000, 0x0000000089900000| Untracked 
|  66|0x0000000089a00000, 0x0000000089a88258, 0x0000000089b00000| 53%| E|  |TAMS 0x0000000089a00000, 0x0000000089a00000| Complete 
|  67|0x0000000089b00000, 0x0000000089c00000, 0x0000000089c00000|100%| E|CS|TAMS 0x0000000089b00000, 0x0000000089b00000| Complete 
|  68|0x0000000089c00000, 0x0000000089d00000, 0x0000000089d00000|100%| E|CS|TAMS 0x0000000089c00000, 0x0000000089c00000| Complete 
|  69|0x0000000089d00000, 0x0000000089e00000, 0x0000000089e00000|100%| E|CS|TAMS 0x0000000089d00000, 0x0000000089d00000| Complete 
|  70|0x0000000089e00000, 0x0000000089f00000, 0x0000000089f00000|100%| E|CS|TAMS 0x0000000089e00000, 0x0000000089e00000| Complete 
|  71|0x0000000089f00000, 0x000000008a000000, 0x000000008a000000|100%| E|CS|TAMS 0x0000000089f00000, 0x0000000089f00000| Complete 
| 104|0x000000008c000000, 0x000000008c100000, 0x000000008c100000|100%| E|CS|TAMS 0x000000008c000000, 0x000000008c000000| Complete 
| 123|0x000000008d300000, 0x000000008d400000, 0x000000008d400000|100%| E|CS|TAMS 0x000000008d300000, 0x000000008d300000| Complete 

Card table byte_map: [0x0000023caaae0000,0x0000023caaec0000] _byte_map_base: 0x0000023caa6b4000

Marking Bits (Prev, Next): (CMBitMap*) 0x0000023c930bc7b0, (CMBitMap*) 0x0000023c930bc7f0
 Prev Bits: [0x0000023cab2a0000, 0x0000023cad140000)
 Next Bits: [0x0000023cad140000, 0x0000023caefe0000)

Polling page: 0x0000023c93130000

Metaspace:

Usage:
  Non-class:     21.41 MB used.
      Class:      2.83 MB used.
       Both:     24.23 MB used.

Virtual space:
  Non-class space:       64.00 MB reserved,      21.56 MB ( 34%) committed,  1 nodes.
      Class space:        1.00 GB reserved,       3.00 MB ( <1%) committed,  1 nodes.
             Both:        1.06 GB reserved,      24.56 MB (  2%) committed. 

Chunk freelists:
   Non-Class:  10.44 MB
       Class:  12.98 MB
        Both:  23.42 MB

MaxMetaspaceSize: unlimited
CompressedClassSpaceSize: 1.00 GB
Initial GC threshold: 21.00 MB
Current GC threshold: 39.81 MB
CDS: on
MetaspaceReclaimPolicy: balanced
 - commit_granule_bytes: 65536.
 - commit_granule_words: 8192.
 - virtual_space_node_default_size: 8388608.
 - enlarge_chunks_in_place: 1.
 - new_chunks_are_fully_committed: 0.
 - uncommit_free_chunks: 1.
 - use_allocation_guard: 0.
 - handle_deallocations: 1.


Internal statistics:

num_allocs_failed_limit: 3.
num_arena_births: 292.
num_arena_deaths: 0.
num_vsnodes_births: 2.
num_vsnodes_deaths: 0.
num_space_committed: 393.
num_space_uncommitted: 0.
num_chunks_returned_to_freelist: 3.
num_chunks_taken_from_freelist: 709.
num_chunk_merges: 0.
num_chunk_splits: 429.
num_chunks_enlarged: 257.
num_inconsistent_stats: 0.

CodeHeap 'non-profiled nmethods': size=120000Kb used=2292Kb max_used=2292Kb free=117707Kb
 bounds [0x0000023ca2420000, 0x0000023ca2690000, 0x0000023ca9950000]
CodeHeap 'profiled nmethods': size=120000Kb used=9646Kb max_used=9646Kb free=110353Kb
 bounds [0x0000023c9a950000, 0x0000023c9b2c0000, 0x0000023ca1e80000]
CodeHeap 'non-nmethods': size=5760Kb used=1427Kb max_used=1491Kb free=4333Kb
 bounds [0x0000023ca1e80000, 0x0000023ca20f0000, 0x0000023ca2420000]
 total_blobs=5297 nmethods=4504 adapters=705
 compilation: enabled
              stopped_count=0, restarted_count=0
 full_count=0

Compilation events (20 events):
Event: 15.429 Thread 0x0000023cb1dfabf0 nmethod 4489 0x0000023c9b2b5690 code [0x0000023c9b2b5840, 0x0000023c9b2b5a48]
Event: 15.429 Thread 0x0000023cb1dfa140 nmethod 4490 0x0000023ca265c790 code [0x0000023ca265c900, 0x0000023ca265c9b8]
Event: 15.431 Thread 0x0000023cb1dfabf0 4494  s!   3       sun.font.FileFontStrike::setCachedGlyphPtr (78 bytes)
Event: 15.431 Thread 0x0000023cb1dfabf0 nmethod 4494 0x0000023c9b2b5b10 code [0x0000023c9b2b5d40, 0x0000023c9b2b64f8]
Event: 15.431 Thread 0x0000023cb1dfabf0 4496       3       jdk.internal.misc.Unsafe::putFloat (8 bytes)
Event: 15.431 Thread 0x0000023cb1dfabf0 nmethod 4496 0x0000023c9b2b6790 code [0x0000023c9b2b6920, 0x0000023c9b2b6a38]
Event: 15.432 Thread 0x0000023cb1dfabf0 4497       3       sun.awt.geom.Order0::<init> (16 bytes)
Event: 15.433 Thread 0x0000023cb1dfabf0 nmethod 4497 0x0000023c9b2b6b10 code [0x0000023c9b2b6cc0, 0x0000023c9b2b6e98]
Event: 15.433 Thread 0x0000023cb1dfabf0 4498       3       sun.awt.geom.AreaOp::addEdges (52 bytes)
Event: 15.433 Thread 0x0000023cb1dfabf0 nmethod 4498 0x0000023c9b2b6f90 code [0x0000023c9b2b7200, 0x0000023c9b2b8048]
Event: 17.300 Thread 0x0000023cb1dfabf0 4499  s    3       sun.java2d.ScreenUpdateManager::getInstance (39 bytes)
Event: 17.301 Thread 0x0000023cb1dfabf0 nmethod 4499 0x0000023c9b2b8610 code [0x0000023c9b2b88a0, 0x0000023c9b2b9728]
Event: 17.301 Thread 0x0000023cb1dfabf0 4500       3       sun.awt.geom.AreaOp$NZWindOp::classify (40 bytes)
Event: 17.301 Thread 0x0000023cb1dfabf0 nmethod 4500 0x0000023c9b2b9b90 code [0x0000023c9b2b9d40, 0x0000023c9b2b9f38]
Event: 17.301 Thread 0x0000023cb1dfabf0 4501       3       sun.java2d.marlin.DMarlinRenderingEngine$NormMode$3::getNormalizingPathIterator (2 bytes)
Event: 17.301 Thread 0x0000023cb1dfabf0 nmethod 4501 0x0000023c9b2ba010 code [0x0000023c9b2ba1a0, 0x0000023c9b2ba2b8]
Event: 17.302 Thread 0x0000023cb1dfabf0 4502  s    3       sun.font.FreetypeFontScaler::getGlyphMetrics (43 bytes)
Event: 17.302 Thread 0x0000023cb1dfabf0 nmethod 4502 0x0000023c9b2ba390 code [0x0000023c9b2ba5a0, 0x0000023c9b2bad98]
Event: 17.314 Thread 0x0000023cb1dfabf0 4504       3       com.mysql.cj.util.StringInspector::getChar (25 bytes)
Event: 17.314 Thread 0x0000023cb1dfabf0 nmethod 4504 0x0000023c9b2bb010 code [0x0000023c9b2bb220, 0x0000023c9b2bb858]

GC Heap History (12 events):
Event: 0.578 GC heap before
{Heap before GC invocations=0 (full 0):
 garbage-first heap   total 126976K, used 22528K [0x0000000085800000, 0x0000000100000000)
  region size 1024K, 23 young (23552K), 0 survivors (0K)
 Metaspace       used 10805K, committed 11008K, reserved 1114112K
  class space    used 1210K, committed 1280K, reserved 1048576K
}
Event: 0.584 GC heap after
{Heap after GC invocations=1 (full 0):
 garbage-first heap   total 126976K, used 5516K [0x0000000085800000, 0x0000000100000000)
  region size 1024K, 3 young (3072K), 3 survivors (3072K)
 Metaspace       used 10805K, committed 11008K, reserved 1114112K
  class space    used 1210K, committed 1280K, reserved 1048576K
}
Event: 7.308 GC heap before
{Heap before GC invocations=1 (full 0):
 garbage-first heap   total 126976K, used 45452K [0x0000000085800000, 0x0000000100000000)
  region size 1024K, 26 young (26624K), 3 survivors (3072K)
 Metaspace       used 19611K, committed 19840K, reserved 1114112K
  class space    used 2253K, committed 2368K, reserved 1048576K
}
Event: 7.314 GC heap after
{Heap after GC invocations=2 (full 0):
 garbage-first heap   total 126976K, used 26453K [0x0000000085800000, 0x0000000100000000)
  region size 1024K, 4 young (4096K), 4 survivors (4096K)
 Metaspace       used 19611K, committed 19840K, reserved 1114112K
  class space    used 2253K, committed 2368K, reserved 1048576K
}
Event: 7.515 GC heap before
{Heap before GC invocations=2 (full 0):
 garbage-first heap   total 126976K, used 44885K [0x0000000085800000, 0x0000000100000000)
  region size 1024K, 23 young (23552K), 4 survivors (4096K)
 Metaspace       used 21196K, committed 21504K, reserved 1114112K
  class space    used 2438K, committed 2624K, reserved 1048576K
}
Event: 7.518 GC heap after
{Heap after GC invocations=3 (full 0):
 garbage-first heap   total 126976K, used 21315K [0x0000000085800000, 0x0000000100000000)
  region size 1024K, 1 young (1024K), 1 survivors (1024K)
 Metaspace       used 21196K, committed 21504K, reserved 1114112K
  class space    used 2438K, committed 2624K, reserved 1048576K
}
Event: 12.779 GC heap before
{Heap before GC invocations=4 (full 0):
 garbage-first heap   total 75776K, used 64323K [0x0000000085800000, 0x0000000100000000)
  region size 1024K, 31 young (31744K), 1 survivors (1024K)
 Metaspace       used 24193K, committed 24448K, reserved 1114112K
  class space    used 2828K, committed 2944K, reserved 1048576K
}
Event: 12.783 GC heap after
{Heap after GC invocations=5 (full 0):
 garbage-first heap   total 75776K, used 36264K [0x0000000085800000, 0x0000000100000000)
  region size 1024K, 3 young (3072K), 3 survivors (3072K)
 Metaspace       used 24193K, committed 24448K, reserved 1114112K
  class space    used 2828K, committed 2944K, reserved 1048576K
}
Event: 12.789 GC heap before
{Heap before GC invocations=5 (full 0):
 garbage-first heap   total 75776K, used 37288K [0x0000000085800000, 0x0000000100000000)
  region size 1024K, 4 young (4096K), 3 survivors (3072K)
 Metaspace       used 24197K, committed 24448K, reserved 1114112K
  class space    used 2828K, committed 2944K, reserved 1048576K
}
Event: 12.793 GC heap after
{Heap after GC invocations=6 (full 0):
 garbage-first heap   total 75776K, used 34050K [0x0000000085800000, 0x0000000100000000)
  region size 1024K, 1 young (1024K), 1 survivors (1024K)
 Metaspace       used 24197K, committed 24448K, reserved 1114112K
  class space    used 2828K, committed 2944K, reserved 1048576K
}
Event: 12.881 GC heap before
{Heap before GC invocations=6 (full 0):
 garbage-first heap   total 75776K, used 55554K [0x0000000085800000, 0x0000000100000000)
  region size 1024K, 22 young (22528K), 1 survivors (1024K)
 Metaspace       used 24211K, committed 24448K, reserved 1114112K
  class space    used 2829K, committed 2944K, reserved 1048576K
}
Event: 12.883 GC heap after
{Heap after GC invocations=7 (full 0):
 garbage-first heap   total 75776K, used 33933K [0x0000000085800000, 0x0000000100000000)
  region size 1024K, 1 young (1024K), 1 survivors (1024K)
 Metaspace       used 24211K, committed 24448K, reserved 1114112K
  class space    used 2829K, committed 2944K, reserved 1048576K
}

Deoptimization events (20 events):
Event: 13.923 Thread 0x0000023cf7a47bf0 Uncommon trap: trap_request=0xffffff45 fr.pc=0x0000023ca25b82f4 relative=0x0000000000000574
Event: 13.923 Thread 0x0000023cf7a47bf0 Uncommon trap: reason=unstable_if action=reinterpret pc=0x0000023ca25b82f4 method=java.awt.Container.findComponentAtImpl(IIZ)Ljava/awt/Component; @ 103 c2
Event: 13.923 Thread 0x0000023cf7a47bf0 DEOPT PACKING pc=0x0000023ca25b82f4 sp=0x000000c487efe0a0
Event: 13.923 Thread 0x0000023cf7a47bf0 DEOPT UNPACKING pc=0x0000023ca1ed23a3 sp=0x000000c487efe050 mode 2
Event: 13.926 Thread 0x0000023cf7a47bf0 Uncommon trap: trap_request=0xffffff45 fr.pc=0x0000023ca260e138 relative=0x0000000000005198
Event: 13.926 Thread 0x0000023cf7a47bf0 Uncommon trap: reason=unstable_if action=reinterpret pc=0x0000023ca260e138 method=javax.swing.RepaintManager.addDirtyRegion0(Ljava/awt/Container;IIII)V @ 69 c2
Event: 13.926 Thread 0x0000023cf7a47bf0 DEOPT PACKING pc=0x0000023ca260e138 sp=0x000000c487efd120
Event: 13.926 Thread 0x0000023cf7a47bf0 DEOPT UNPACKING pc=0x0000023ca1ed23a3 sp=0x000000c487efd008 mode 2
Event: 13.926 Thread 0x0000023cf7a47bf0 Uncommon trap: trap_request=0xffffff45 fr.pc=0x0000023ca2620f20 relative=0x0000000000005580
Event: 13.926 Thread 0x0000023cf7a47bf0 Uncommon trap: reason=unstable_if action=reinterpret pc=0x0000023ca2620f20 method=javax.swing.RepaintManager.addDirtyRegion0(Ljava/awt/Container;IIII)V @ 69 c2
Event: 13.926 Thread 0x0000023cf7a47bf0 DEOPT PACKING pc=0x0000023ca2620f20 sp=0x000000c487efcf30
Event: 13.926 Thread 0x0000023cf7a47bf0 DEOPT UNPACKING pc=0x0000023ca1ed23a3 sp=0x000000c487efced8 mode 2
Event: 13.926 Thread 0x0000023cf7a47bf0 Uncommon trap: trap_request=0xffffff45 fr.pc=0x0000023ca25fe0d4 relative=0x0000000000005954
Event: 13.926 Thread 0x0000023cf7a47bf0 Uncommon trap: reason=unstable_if action=reinterpret pc=0x0000023ca25fe0d4 method=javax.swing.RepaintManager.addDirtyRegion0(Ljava/awt/Container;IIII)V @ 69 c2
Event: 13.926 Thread 0x0000023cf7a47bf0 DEOPT PACKING pc=0x0000023ca25fe0d4 sp=0x000000c487efcea0
Event: 13.926 Thread 0x0000023cf7a47bf0 DEOPT UNPACKING pc=0x0000023ca1ed23a3 sp=0x000000c487efced8 mode 2
Event: 15.430 Thread 0x0000023cf8b239b0 Uncommon trap: trap_request=0xffffff45 fr.pc=0x0000023ca25e8d98 relative=0x00000000000003d8
Event: 15.430 Thread 0x0000023cf8b239b0 Uncommon trap: reason=unstable_if action=reinterpret pc=0x0000023ca25e8d98 method=java.lang.StringConcatHelper.simpleConcat(Ljava/lang/Object;Ljava/lang/Object;)Ljava/lang/String; @ 30 c2
Event: 15.430 Thread 0x0000023cf8b239b0 DEOPT PACKING pc=0x0000023ca25e8d98 sp=0x000000c4895ff260
Event: 15.430 Thread 0x0000023cf8b239b0 DEOPT UNPACKING pc=0x0000023ca1ed23a3 sp=0x000000c4895ff208 mode 2

Classes unloaded (0 events):
No events

Classes redefined (0 events):
No events

Internal exceptions (20 events):
Event: 4.068 Thread 0x0000023cf7a47bf0 Exception <a 'java/lang/NoSuchMethodError'{0x000000008c1b5b90}: 'java.lang.Object java.lang.invoke.DirectMethodHandle$Holder.invokeStatic(java.lang.Object, java.lang.Object, java.lang.Object, java.lang.Object, int)'> (0x000000008c1b5b90) 
thrown [s\open\src\hotspot\share\interpreter\linkResolver.cpp, line 759]
Event: 4.068 Thread 0x0000023cf7a47bf0 Exception <a 'java/lang/NoSuchMethodError'{0x000000008c1ba9d8}: 'java.lang.Object java.lang.invoke.DirectMethodHandle$Holder.invokeSpecial(java.lang.Object, java.lang.Object, java.lang.Object, java.lang.Object, java.lang.Object, int)'> (0x000000008c1ba9d8) 
thrown [s\open\src\hotspot\share\interpreter\linkResolver.cpp, line 759]
Event: 7.266 Thread 0x0000023cf7a47bf0 Exception <a 'sun/nio/fs/WindowsException'{0x000000008bef5d00}> (0x000000008bef5d00) 
thrown [s\open\src\hotspot\share\prims\jni.cpp, line 516]
Event: 7.334 Thread 0x0000023cf7a47bf0 Implicit null exception at 0x0000023ca253f4b4 to 0x0000023ca253fd68
Event: 7.334 Thread 0x0000023cf7a47bf0 Implicit null exception at 0x0000023ca253dd59 to 0x0000023ca253e628
Event: 7.473 Thread 0x0000023cf7a47bf0 Exception <a 'java/lang/ClassNotFoundException'{0x000000008c247d08}: java/lang/ObjectCustomizer> (0x000000008c247d08) 
thrown [s\open\src\hotspot\share\classfile\systemDictionary.cpp, line 256]
Event: 7.474 Thread 0x0000023cf7a47bf0 Exception <a 'java/lang/IncompatibleClassChangeError'{0x000000008c24e0e8}: Found class java.lang.Object, but interface was expected> (0x000000008c24e0e8) 
thrown [s\open\src\hotspot\share\interpreter\linkResolver.cpp, line 826]
Event: 7.478 Thread 0x0000023cf7a47bf0 Exception <a 'java/lang/ClassNotFoundException'{0x000000008c261c40}: net/miginfocom/layout/UnitValueCustomizer> (0x000000008c261c40) 
thrown [s\open\src\hotspot\share\classfile\systemDictionary.cpp, line 256]
Event: 7.480 Thread 0x0000023cf7a47bf0 Exception <a 'java/lang/ClassNotFoundException'{0x000000008c2785f8}: java/lang/ObjectCustomizer> (0x000000008c2785f8) 
thrown [s\open\src\hotspot\share\classfile\systemDictionary.cpp, line 256]
Event: 7.481 Thread 0x0000023cf7a47bf0 Exception <a 'java/lang/ClassNotFoundException'{0x000000008c27fc10}: net/miginfocom/layout/BoundSizeCustomizer> (0x000000008c27fc10) 
thrown [s\open\src\hotspot\share\classfile\systemDictionary.cpp, line 256]
Event: 7.537 Thread 0x0000023cf7a47bf0 Exception <a 'java/lang/NoSuchMethodError'{0x000000008d3dd4c0}: 'java.lang.Object java.lang.invoke.DirectMethodHandle$Holder.newInvokeSpecial(java.lang.Object, java.lang.Object, int, int)'> (0x000000008d3dd4c0) 
thrown [s\open\src\hotspot\share\interpreter\linkResolver.cpp, line 759]
Event: 7.555 Thread 0x0000023cf7a47bf0 Exception <a 'java/lang/NoSuchMethodError'{0x0000000089ff24a8}: 'void java.lang.invoke.Invokers$Holder.invoke_MT(java.lang.Object, java.lang.Object, java.lang.Object, java.lang.Object)'> (0x0000000089ff24a8) 
thrown [s\open\src\hotspot\share\interpreter\linkResolver.cpp, line 759]
Event: 7.556 Thread 0x0000023cf7a47bf0 Exception <a 'java/lang/NoSuchMethodError'{0x0000000089ff6e90}: 'int java.lang.invoke.DirectMethodHandle$Holder.invokeSpecial(java.lang.Object, java.lang.Object, java.lang.Object, int)'> (0x0000000089ff6e90) 
thrown [s\open\src\hotspot\share\interpreter\linkResolver.cpp, line 759]
Event: 7.557 Thread 0x0000023cf7a47bf0 Exception <a 'java/lang/NoSuchMethodError'{0x0000000089e10cc0}: 'void java.lang.invoke.DelegatingMethodHandle$Holder.reinvoke_L(java.lang.Object, java.lang.Object, int)'> (0x0000000089e10cc0) 
thrown [s\open\src\hotspot\share\interpreter\linkResolver.cpp, line 759]
Event: 10.088 Thread 0x0000023cf7a47bf0 Implicit null exception at 0x0000023ca24e67d7 to 0x0000023ca24e6a80
Event: 12.666 Thread 0x0000023cf7a47bf0 Implicit null exception at 0x0000023ca2548391 to 0x0000023ca25484d4
Event: 12.676 Thread 0x0000023cf7a47bf0 Implicit null exception at 0x0000023ca255476e to 0x0000023ca255e380
Event: 13.923 Thread 0x0000023cf7a47bf0 Implicit null exception at 0x0000023ca25b7fcb to 0x0000023ca25b82bc
Event: 15.429 Thread 0x0000023cf8b239b0 Exception <a 'java/lang/NoSuchMethodError'{0x0000000089bf0e38}: 'java.lang.Object java.lang.invoke.DirectMethodHandle$Holder.newInvokeSpecial(java.lang.Object, java.lang.Object, int, java.lang.Object)'> (0x0000000089bf0e38) 
thrown [s\open\src\hotspot\share\interpreter\linkResolver.cpp, line 759]
Event: 15.429 Thread 0x0000023cf8b239b0 Exception <a 'java/lang/NoSuchMethodError'{0x0000000089bf50c0}: 'java.lang.Object java.lang.invoke.DirectMethodHandle$Holder.invokeSpecial(java.lang.Object, java.lang.Object, java.lang.Object, int, java.lang.Object)'> (0x0000000089bf50c0) 
thrown [s\open\src\hotspot\share\interpreter\linkResolver.cpp, line 759]

VM Operations (20 events):
Event: 12.779 Executing VM operation: G1CollectForAllocation
Event: 12.783 Executing VM operation: G1CollectForAllocation done
Event: 12.789 Executing VM operation: G1CollectForAllocation
Event: 12.793 Executing VM operation: G1CollectForAllocation done
Event: 12.881 Executing VM operation: G1CollectForAllocation
Event: 12.883 Executing VM operation: G1CollectForAllocation done
Event: 12.889 Executing VM operation: G1Concurrent
Event: 12.891 Executing VM operation: G1Concurrent done
Event: 12.894 Executing VM operation: G1Concurrent
Event: 12.894 Executing VM operation: G1Concurrent done
Event: 13.924 Executing VM operation: ICBufferFull
Event: 13.924 Executing VM operation: ICBufferFull done
Event: 14.221 Executing VM operation: HandshakeAllThreads
Event: 14.221 Executing VM operation: HandshakeAllThreads done
Event: 15.217 Executing VM operation: Cleanup
Event: 15.218 Executing VM operation: Cleanup done
Event: 15.405 Executing VM operation: HandshakeAllThreads
Event: 15.405 Executing VM operation: HandshakeAllThreads done
Event: 16.415 Executing VM operation: Cleanup
Event: 16.416 Executing VM operation: Cleanup done

Events (20 events):
Event: 14.221 loading class sun/awt/geom/AreaOp$IntOp done
Event: 14.225 Thread 0x0000023cfa4dfe10 Thread added: 0x0000023cfa4dfe10
Event: 14.225 Thread 0x0000023cf71e80a0 Thread added: 0x0000023cf71e80a0
Event: 14.353 Thread 0x0000023cf71e80a0 Thread exited: 0x0000023cf71e80a0
Event: 14.538 Thread 0x0000023cfa4dfe10 Thread exited: 0x0000023cfa4dfe10
Event: 15.353 loading class javax/swing/JProgressBar$ModelListener
Event: 15.353 loading class javax/swing/JProgressBar$ModelListener done
Event: 15.354 loading class javax/swing/plaf/basic/BasicProgressBarUI
Event: 15.354 loading class javax/swing/plaf/ProgressBarUI
Event: 15.354 loading class javax/swing/plaf/ProgressBarUI done
Event: 15.355 loading class javax/swing/plaf/basic/BasicProgressBarUI done
Event: 15.355 loading class javax/swing/plaf/basic/BasicProgressBarUI$Handler
Event: 15.355 loading class javax/swing/plaf/basic/BasicProgressBarUI$Handler done
Event: 15.358 loading class java/security/AccessControlException
Event: 15.358 loading class java/security/AccessControlException done
Event: 15.360 Loaded shared library C:\Windows\System32\dpuareu_jni.dll
Event: 15.392 Thread 0x0000023cf8b239b0 Thread added: 0x0000023cf8b239b0
Event: 15.393 Thread 0x0000023cf8b25810 Thread added: 0x0000023cf8b25810
Event: 15.434 Thread 0x0000023cf8b27670 Thread added: 0x0000023cf8b27670
Event: 17.300 Thread 0x0000023cf8b27670 Thread exited: 0x0000023cf8b27670


Dynamic libraries:
0x00007ff7067b0000 - 0x00007ff7067c0000 	C:\Program Files\Java\jdk-17\bin\java.exe
0x00007ffc04e60000 - 0x00007ffc050c8000 	C:\Windows\SYSTEM32\ntdll.dll
0x00007ffc03480000 - 0x00007ffc03549000 	C:\Windows\System32\KERNEL32.DLL
0x00007ffc026a0000 - 0x00007ffc02a8d000 	C:\Windows\System32\KERNELBASE.dll
0x00007ffc02280000 - 0x00007ffc023cb000 	C:\Windows\System32\ucrtbase.dll
0x00007ffbecae0000 - 0x00007ffbecafb000 	C:\Program Files\Java\jdk-17\bin\VCRUNTIME140.dll
0x00007ffbedc20000 - 0x00007ffbedc39000 	C:\Program Files\Java\jdk-17\bin\jli.dll
0x00007ffc032d0000 - 0x00007ffc03384000 	C:\Windows\System32\ADVAPI32.dll
0x00007ffc02c60000 - 0x00007ffc02d09000 	C:\Windows\System32\msvcrt.dll
0x00007ffc03390000 - 0x00007ffc03436000 	C:\Windows\System32\sechost.dll
0x00007ffc02fe0000 - 0x00007ffc030f8000 	C:\Windows\System32\RPCRT4.dll
0x00007ffc02d90000 - 0x00007ffc02f5c000 	C:\Windows\System32\USER32.dll
0x00007ffbe1b50000 - 0x00007ffbe1dea000 	C:\Windows\WinSxS\amd64_microsoft.windows.common-controls_6595b64144ccf1df_6.0.26100.4484_none_3e0e6d4ce32ef3b3\COMCTL32.dll
0x00007ffc02bd0000 - 0x00007ffc02bf7000 	C:\Windows\System32\win32u.dll
0x00007ffc03450000 - 0x00007ffc0347b000 	C:\Windows\System32\GDI32.dll
0x00007ffc02a90000 - 0x00007ffc02bc7000 	C:\Windows\System32\gdi32full.dll
0x00007ffc023d0000 - 0x00007ffc02473000 	C:\Windows\System32\msvcp_win.dll
0x00007ffbee6f0000 - 0x00007ffbee6fb000 	C:\Windows\SYSTEM32\VERSION.dll
0x00007ffc02c00000 - 0x00007ffc02c2f000 	C:\Windows\System32\IMM32.DLL
0x00007ffbfc920000 - 0x00007ffbfc92c000 	C:\Program Files\Java\jdk-17\bin\vcruntime140_1.dll
0x00007ffbdbbe0000 - 0x00007ffbdbc6e000 	C:\Program Files\Java\jdk-17\bin\msvcp140.dll
0x00007ffb7c550000 - 0x00007ffb7d130000 	C:\Program Files\Java\jdk-17\bin\server\jvm.dll
0x00007ffc03440000 - 0x00007ffc03448000 	C:\Windows\System32\PSAPI.DLL
0x00007ffbfc930000 - 0x00007ffbfc93a000 	C:\Windows\SYSTEM32\WSOCK32.dll
0x00007ffbf88a0000 - 0x00007ffbf88d5000 	C:\Windows\SYSTEM32\WINMM.dll
0x00007ffc02d10000 - 0x00007ffc02d84000 	C:\Windows\System32\WS2_32.dll
0x00007ffc00c90000 - 0x00007ffc00cab000 	C:\Windows\SYSTEM32\kernel.appcore.dll
0x00007ffbfc8f0000 - 0x00007ffbfc8fa000 	C:\Program Files\Java\jdk-17\bin\jimage.dll
0x00007ffbff5f0000 - 0x00007ffbff831000 	C:\Windows\SYSTEM32\DBGHELP.DLL
0x00007ffc049a0000 - 0x00007ffc04d26000 	C:\Windows\System32\combase.dll
0x00007ffc04d30000 - 0x00007ffc04e10000 	C:\Windows\System32\OLEAUT32.dll
0x00007ffbcd5e0000 - 0x00007ffbcd623000 	C:\Windows\SYSTEM32\dbgcore.DLL
0x00007ffc02480000 - 0x00007ffc02519000 	C:\Windows\System32\bcryptPrimitives.dll
0x00007ffbea510000 - 0x00007ffbea535000 	C:\Program Files\Java\jdk-17\bin\java.dll
0x00007ffbb4970000 - 0x00007ffbb4a47000 	C:\Program Files\Java\jdk-17\bin\jsvml.dll
0x00007ffc03f00000 - 0x00007ffc0464a000 	C:\Windows\System32\SHELL32.dll
0x00007ffc02520000 - 0x00007ffc02694000 	C:\Windows\System32\wintypes.dll
0x00007ffbffbc0000 - 0x00007ffc0041b000 	C:\Windows\SYSTEM32\windows.storage.dll
0x00007ffc03bb0000 - 0x00007ffc03ca5000 	C:\Windows\System32\SHCORE.dll
0x00007ffc04650000 - 0x00007ffc046ba000 	C:\Windows\System32\shlwapi.dll
0x00007ffc01ec0000 - 0x00007ffc01eef000 	C:\Windows\SYSTEM32\profapi.dll
0x00007ffbe7a30000 - 0x00007ffbe7a49000 	C:\Program Files\Java\jdk-17\bin\net.dll
0x00007ffbfa4a0000 - 0x00007ffbfa5be000 	C:\Windows\SYSTEM32\WINHTTP.dll
0x00007ffc012e0000 - 0x00007ffc0134a000 	C:\Windows\system32\mswsock.dll
0x00007ffbe4fb0000 - 0x00007ffbe4fc6000 	C:\Program Files\Java\jdk-17\bin\nio.dll
0x00007ffbe2830000 - 0x00007ffbe2848000 	C:\Program Files\Java\jdk-17\bin\zip.dll
0x00007ffbb47d0000 - 0x00007ffbb4961000 	C:\Program Files\Java\jdk-17\bin\awt.dll
0x00007ffbfea80000 - 0x00007ffbfeb1e000 	C:\Windows\SYSTEM32\apphelp.dll
0x00007ffbfec80000 - 0x00007ffbfed2f000 	C:\Windows\system32\uxtheme.dll
0x00007ffc03d40000 - 0x00007ffc03ea0000 	C:\Windows\System32\MSCTF.dll
0x00007ffc03120000 - 0x00007ffc032be000 	C:\Windows\System32\ole32.dll
0x00007ffbfefa0000 - 0x00007ffbfefd6000 	C:\Windows\system32\DWMAPI.DLL
0x00007ffbb52a0000 - 0x00007ffbb5327000 	C:\Program Files\Java\jdk-17\bin\freetype.dll
0x00007ffbb45c0000 - 0x00007ffbb46a1000 	C:\Program Files\Java\jdk-17\bin\fontmanager.dll
0x00007ffbb46b0000 - 0x00007ffbb47c8000 	C:\Windows\system32\opengl32.dll
0x00007ffbe1ff0000 - 0x00007ffbe201d000 	C:\Windows\SYSTEM32\GLU32.dll
0x00007ffbfefe0000 - 0x00007ffbff02d000 	C:\Windows\SYSTEM32\dxcore.dll
0x00007ffbed820000 - 0x00007ffbed826000 	C:\Users\rndpo\AppData\Local\Temp\flatlaf.temp\flatlaf-windows-x86_64-10553586381544990.dll
0x00007ffbedbb0000 - 0x00007ffbedbb7000 	C:\Program Files\Java\jdk-17\bin\jawt.dll
0x00007ffc015a0000 - 0x00007ffc015bb000 	C:\Windows\SYSTEM32\CRYPTSP.dll
0x00007ffc00cb0000 - 0x00007ffc00ceb000 	C:\Windows\system32\rsaenh.dll
0x00007ffc01380000 - 0x00007ffc013ab000 	C:\Windows\SYSTEM32\USERENV.dll
0x00007ffc01e90000 - 0x00007ffc01eb6000 	C:\Windows\SYSTEM32\bcrypt.dll
0x00007ffc01590000 - 0x00007ffc0159c000 	C:\Windows\SYSTEM32\CRYPTBASE.dll
0x00007ffc00720000 - 0x00007ffc00753000 	C:\Windows\SYSTEM32\IPHLPAPI.DLL
0x00007ffc02c50000 - 0x00007ffc02c5a000 	C:\Windows\System32\NSI.dll
0x00007ffbfa820000 - 0x00007ffbfa83f000 	C:\Windows\SYSTEM32\dhcpcsvc6.DLL
0x00007ffbfa7a0000 - 0x00007ffbfa7c5000 	C:\Windows\SYSTEM32\dhcpcsvc.DLL
0x00007ffc007b0000 - 0x00007ffc008d6000 	C:\Windows\SYSTEM32\DNSAPI.dll
0x00007ffbe58c0000 - 0x00007ffbe5a10000 	C:\Windows\SYSTEM32\textinputframework.dll
0x00007ffbfe6a0000 - 0x00007ffbfe7c5000 	C:\Windows\SYSTEM32\CoreMessaging.dll
0x00007ffbfa960000 - 0x00007ffbfac43000 	C:\Windows\SYSTEM32\CoreUIComponents.dll
0x00007ffc039e0000 - 0x00007ffc03a88000 	C:\Windows\System32\clbcatq.dll
0x00007ffbfd2a0000 - 0x00007ffbfd4db000 	C:\Windows\SYSTEM32\WindowsCodecs.dll
0x00007ffbe4ee0000 - 0x00007ffbe4f3a000 	C:\Windows\system32\dataexchange.dll
0x00007ffbef960000 - 0x00007ffbefb98000 	C:\Windows\system32\twinapi.appcore.dll
0x00007ffbf0360000 - 0x00007ffbf036b000 	C:\Windows\System32\rasadhlp.dll
0x00007ffbfb0c0000 - 0x00007ffbfb146000 	C:\Windows\System32\fwpuclnt.dll
0x00007ffbfc800000 - 0x00007ffbfc810000 	C:\Program Files\Java\jdk-17\bin\verify.dll
0x00007ffbed940000 - 0x00007ffbed94e000 	C:\Program Files\Java\jdk-17\bin\sunmscapi.dll
0x00007ffc01fb0000 - 0x00007ffc02127000 	C:\Windows\System32\CRYPT32.dll
0x00007ffc017b0000 - 0x00007ffc017e0000 	C:\Windows\SYSTEM32\ncrypt.dll
0x00007ffc01760000 - 0x00007ffc0179f000 	C:\Windows\SYSTEM32\NTASN1.dll
0x00007ffbebdb0000 - 0x00007ffbebde1000 	C:\Windows\System32\dpuareu_jni.dll
0x00007ffbebd40000 - 0x00007ffbebda6000 	C:\Windows\SYSTEM32\dpfj.dll
0x00007ffbe47a0000 - 0x00007ffbe47e2000 	C:\Windows\SYSTEM32\dpfr6.dll
0x00007ffbeaa90000 - 0x00007ffbeaacd000 	C:\Windows\SYSTEM32\dpfpdd.dll
0x00007ffbe4720000 - 0x00007ffbe4793000 	C:\Windows\SYSTEM32\nex_sdk.dll
0x00007ffbee470000 - 0x00007ffbee51f000 	C:\Windows\SYSTEM32\DPFPApi.DLL
0x00007ffbedcd0000 - 0x00007ffbedd28000 	C:\Windows\system32\DPCLBACK.dll
0x00007ffbee700000 - 0x00007ffbee71a000 	C:\Windows\SYSTEM32\NETAPI32.dll
0x00007ffc00a40000 - 0x00007ffc00a4d000 	C:\Windows\SYSTEM32\NETUTILS.DLL
0x00007ffc00e80000 - 0x00007ffc00eb6000 	C:\Windows\SYSTEM32\ntmarta.dll
0x00007ffbed150000 - 0x00007ffbed194000 	C:\Windows\SYSTEM32\dpDevDatx64.dll
0x00007ffbdef60000 - 0x00007ffbdefc7000 	C:\Windows\SYSTEM32\dpfpdd5000.dll
0x00007ffc03550000 - 0x00007ffc039d6000 	C:\Windows\System32\SETUPAPI.dll
0x00007ffc01b20000 - 0x00007ffc01b77000 	C:\Windows\SYSTEM32\cfgmgr32.DLL
0x00007ffbed7f0000 - 0x00007ffbed81f000 	C:\Windows\SYSTEM32\dpfpdd_ptapi.dll
0x0000000047000000 - 0x000000004710b000 	C:\Windows\SYSTEM32\tfm.dll
0x00007ffc02130000 - 0x00007ffc021b4000 	C:\Windows\System32\WINTRUST.dll
0x00007ffc00420000 - 0x00007ffc0042f000 	C:\Windows\SYSTEM32\HID.DLL
0x00007ffc016c0000 - 0x00007ffc016d3000 	C:\Windows\SYSTEM32\MSASN1.dll
0x00007ffbdef10000 - 0x00007ffbdef5b000 	C:\Windows\SYSTEM32\dpfpdd7k.dll
0x00007ffc01af0000 - 0x00007ffc01b1d000 	C:\Windows\SYSTEM32\DEVOBJ.dll

dbghelp: loaded successfully - version: 4.0.5 - missing functions: none
symbol engine: initialized successfully - sym options: 0x614 - pdb path: .;C:\Program Files\Java\jdk-17\bin;C:\Windows\SYSTEM32;C:\Windows\WinSxS\amd64_microsoft.windows.common-controls_6595b64144ccf1df_6.0.26100.4484_none_3e0e6d4ce32ef3b3;C:\Program Files\Java\jdk-17\bin\server;C:\Users\rndpo\AppData\Local\Temp\flatlaf.temp

VM Arguments:
java_command: com.trialapp.trialams1.TrialAMS1
java_class_path (initial): C:\Users\rndpo\OneDrive\Desktop\NetBeansProjects\MockICTAcess\target\classes;C:\Users\rndpo\.m2\repository\com\formdev\flatlaf\3.5.4\flatlaf-3.5.4.jar;C:\Users\rndpo\.m2\repository\org\netbeans\external\AbsoluteLayout\RELEASE220\AbsoluteLayout-RELEASE220.jar;C:\Users\rndpo\.m2\repository\net\java\dev\timingframework\timingframework\1.0\timingframework-1.0.jar;C:\Users\rndpo\.m2\repository\com\miglayout\miglayout-swing\5.2\miglayout-swing-5.2.jar;C:\Users\rndpo\.m2\repository\coom\raven\swing-glasspane-pop-up\1.3.0\swing-glasspane-pop-up-1.3.0.jar;C:\Users\rndpo\.m2\repository\com\formdev\flatlaf-extras\3.2.5\flatlaf-extras-3.2.5.jar;C:\Users\rndpo\.m2\repository\com\github\weisj\jsvg\1.2.0\jsvg-1.2.0.jar;C:\Users\rndpo\.m2\repository\com\miglayout\miglayout-core\5.2\miglayout-core-5.2.jar;C:\Users\rndpo\.m2\repository\com\mysql\mysql-connector-j\8.3.0\mysql-connector-j-8.3.0.jar;C:\Users\rndpo\.m2\repository\com\google\protobuf\protobuf-java\3.25.1\protobuf-java-3.25.1.jar;C:\Users\rndpo\.m2\repository\org\mindrot\jbcrypt\0.4\jbcrypt-0.4.jar;C:\Users\rndpo\.m2\repository\net\proteanit\rs2xml\1.0\rs2xml-1.0.jar;C:\Users\rndpo\.m2\repository\com\toedter\jcalendar\1.4\jcalendar-1.4.jar;C:\Users\rndpo\.m2\repository\com\github\lgooddatepicker\LGoodDatePicker\11.2.1\LGoodDatePicker-11.2.1.jar;C:\Users\rndpo\.m2\repository\com\digitalpersona\dpuareu\1.0.0\dpuareu-1.0.0.jar;C:\Users\rndpo\.m2\repository\com\digitalpersona\onetouch\xmlParserAPIs\1.0.0\xmlParserAPIs-1.0.0.jar;C:\Users\rndpo\.m2\repository\com\digitalpersona\onetouch\xercesImpl\2.6.2\xercesImpl-2.6.2.jar;C:\Users\rndpo\.m2\repository\com\digitalpersona\onetouch\jpos113\1.0.0\jpos113-1.0.0.jar;C:\Users\rndpo\.m2\repository\com\digitalpersona\onetouch\dpjavapos\1.0.0\dpjavapos-1.0.0.jar
Launcher Type: SUN_STANDARD

[Global flags]
     intx CICompilerCount                          = 4                                         {product} {ergonomic}
     uint ConcGCThreads                            = 3                                         {product} {ergonomic}
     uint G1ConcRefinementThreads                  = 11                                        {product} {ergonomic}
   size_t G1HeapRegionSize                         = 1048576                                   {product} {ergonomic}
    uintx GCDrainStackTargetSize                   = 64                                        {product} {ergonomic}
   size_t InitialHeapSize                          = 130023424                                 {product} {ergonomic}
   size_t MarkStackSize                            = 4194304                                   {product} {ergonomic}
   size_t MaxHeapSize                              = 2055208960                                {product} {ergonomic}
   size_t MaxNewSize                               = 1233125376                                {product} {ergonomic}
   size_t MinHeapDeltaBytes                        = 1048576                                   {product} {ergonomic}
   size_t MinHeapSize                              = 8388608                                   {product} {ergonomic}
    uintx NonNMethodCodeHeapSize                   = 5839372                                {pd product} {ergonomic}
    uintx NonProfiledCodeHeapSize                  = 122909434                              {pd product} {ergonomic}
    uintx ProfiledCodeHeapSize                     = 122909434                              {pd product} {ergonomic}
    uintx ReservedCodeCacheSize                    = 251658240                              {pd product} {ergonomic}
     bool SegmentedCodeCache                       = true                                      {product} {ergonomic}
   size_t SoftMaxHeapSize                          = 2055208960                             {manageable} {ergonomic}
     bool UseCompressedClassPointers               = true                           {product lp64_product} {ergonomic}
     bool UseCompressedOops                        = true                           {product lp64_product} {ergonomic}
     bool UseG1GC                                  = true                                      {product} {ergonomic}
     bool UseLargePagesIndividualAllocation        = false                                  {pd product} {ergonomic}

Logging:
Log output configuration:
 #0: stdout all=warning uptime,level,tags
 #1: stderr all=off uptime,level,tags

Environment Variables:
JAVA_HOME=C:\Program Files\Java\jdk-17
PATH=C:\Program Files\Java\jdk1.8.0_202\bin;C:\Program Files (x86)\Common Files\Oracle\Java\javapath;C:\Program Files\Common Files\Oracle\Java\javapath;C:\Windows\system32;C:\Windows;C:\Windows\System32\Wbem;C:\Windows\System32\WindowsPowerShell\v1.0\;C:\Windows\System32\OpenSSH\;C:\Program Files\apache-maven-3.9.10\bin;C:\cygwin64\bin;C:\Users\rndpo\AppData\Local\Microsoft\WindowsApps;
USERNAME=rndpo
OS=Windows_NT
PROCESSOR_IDENTIFIER=Intel64 Family 6 Model 170 Stepping 4, GenuineIntel



---------------  S Y S T E M  ---------------

OS:
 Windows 11 , 64 bit Build 26100 (10.0.26100.4484)
OS uptime: 12 days 5:09 hours
Hyper-V role detected

CPU: total 14 (initial active 14) (7 cores per cpu, 2 threads per core) family 6 model 170 stepping 4 microcode 0x1c, cx8, cmov, fxsr, ht, mmx, 3dnowpref, sse, sse2, sse3, ssse3, sse4.1, sse4.2, popcnt, lzcnt, tsc, tscinvbit, avx, avx2, aes, erms, clmul, bmi1, bmi2, adx, sha, fma, vzeroupper, clflush, clflushopt, clwb, hv

Memory: 4k page, system-wide physical 7832M (958M free)
TotalPageFile size 16139M (AvailPageFile size 1438M)
current process WorkingSet (physical memory assigned to process): 179M, peak: 212M
current process commit charge ("private bytes"): 212M, peak: 281M

vm_info: Java HotSpot(TM) 64-Bit Server VM (17.0.12+8-LTS-286) for windows-amd64 JRE (17.0.12+8-LTS-286), built on Jun  5 2024 06:46:59 by "mach5one" with MS VC++ 17.6 (VS2022)

END.
