#
# A fatal error has been detected by the Java Runtime Environment:
#
#  EXCEPTION_ACCESS_VIOLATION (0xc0000005) at pc=0x00000000717a6489, pid=24104, tid=0x0000000000007820
#
# JRE version: Java(TM) SE Runtime Environment (8.0_202-b08) (build 1.8.0_202-b08)
# Java VM: Java HotSpot(TM) 64-Bit Server VM (25.202-b08 mixed mode windows-amd64 compressed oops)
# Problematic frame:
# V  [jvm.dll+0x146489]
#
# Failed to write core dump. Minidumps are not enabled by default on client versions of Windows
#
# If you would like to submit a bug report, please visit:
#   http://bugreport.java.com/bugreport/crash.jsp
#

---------------  T H R E A D  ---------------

Current thread (0x000000001e859000):  JavaThread "Thread-5" [_thread_in_vm, id=30752, stack(0x00000000236c0000,0x00000000237c0000)]

siginfo: ExceptionCode=0xc0000005, reading address 0x0000000000000000

Registers:
RAX=0x0000000000000000, RBX=0x000000001e859000, RCX=0x0000000000000900, RDX=0x0000000000000000
RSP=0x00000000237bee40, RBP=0x00000000237befe0, RSI=0x00000000237bf038, RDI=0x0000000000000000
R8 =0x00000000237bf038, R9 =0x0000000001010001, R10=0x0000000071e09eb0, R11=0x000000007188cf20
R12=0x0000000000000000, R13=0x0000000000000000, R14=0x00000000237bf040, R15=0x000000001e859000
RIP=0x00000000717a6489, EFLAGS=0x0000000000010202

Top of Stack: (sp=0x00000000237bee40)
0x00000000237bee40:   00000000237bef00 0000000000000000
0x00000000237bee50:   0000000000000000 00007ffbded61fc0
0x00000000237bee60:   0000000000000000 00007ffbded6200a
0x00000000237bee70:   000000001e8591f8 0000000000000000
0x00000000237bee80:   000000001e859000 000000001bdc19b0
0x00000000237bee90:   0000000022deb448 00000000237bf040
0x00000000237beea0:   000000001bcd3690 000000007171c576
0x00000000237beeb0:   00000000237bf658 000000001c1b4300
0x00000000237beec0:   00000000000003d8 000000001c1b4310
0x00000000237beed0:   000001b622deb448 000000001e859000
0x00000000237beee0:   0000000022deb448 000000001e859000
0x00000000237beef0:   000000001e859000 00000000237bf040
0x00000000237bef00:   0000000022deb448 0000000000000000
0x00000000237bef10:   0000000000000000 0000000000200020
0x00000000237bef20:   0000000022deb448 00000000031f8c67
0x00000000237bef30:   000000001bcd3690 00000000717184ea 

Instructions: (pc=0x00000000717a6489)
0x00000000717a6469:   a9 00 00 00 30 74 08 48 8b cb e8 28 dd 0f 00 c7
0x00000000717a6479:   83 70 02 00 00 06 00 00 00 80 3d b8 04 6d 00 00
0x00000000717a6489:   48 8b 0f b8 10 00 00 00 ba 0c 00 00 00 0f 45 c2
0x00000000717a6499:   48 98 8b 3c 08 c7 83 70 02 00 00 07 00 00 00 83 


Register to memory mapping:

RAX=0x0000000000000000 is an unknown value
RBX=0x000000001e859000 is a thread
RCX=0x0000000000000900 is an unknown value
RDX=0x0000000000000000 is an unknown value
RSP=0x00000000237bee40 is pointing into the stack for thread: 0x000000001e859000
RBP=0x00000000237befe0 is pointing into the stack for thread: 0x000000001e859000
RSI=0x00000000237bf038 is pointing into the stack for thread: 0x000000001e859000
RDI=0x0000000000000000 is an unknown value
R8 =0x00000000237bf038 is pointing into the stack for thread: 0x000000001e859000
R9 =0x0000000001010001 is an unknown value
R10=0x0000000071e09eb0 is an unknown value
R11=0x000000007188cf20 is an unknown value
R12=0x0000000000000000 is an unknown value
R13=0x0000000000000000 is an unknown value
R14=0x00000000237bf040 is pointing into the stack for thread: 0x000000001e859000
R15=0x000000001e859000 is a thread


Stack: [0x00000000236c0000,0x00000000237c0000],  sp=0x00000000237bee40,  free space=1019k
Native frames: (J=compiled Java code, j=interpreted, Vv=VM code, C=native code)
V  [jvm.dll+0x146489]
C  [dpuareu_jni.dll+0x200a]
C  0x00000000031f8c67

Java frames: (J=compiled Java code, j=interpreted, Vv=VM code)
j  com.digitalpersona.uareu.jni.Dpfj.DpfjIdentify([BII[[BIILcom/digitalpersona/uareu/jni/Dpfj$IntReference;[Lcom/digitalpersona/uareu/Engine$Candidate;)I+0
j  com.digitalpersona.uareu.jni.Dpfj.identify(Lcom/digitalpersona/uareu/Fmd;I[Lcom/digitalpersona/uareu/Fmd;II)[Lcom/digitalpersona/uareu/Engine$Candidate;+148
j  com.digitalpersona.uareu.dpfj.EngineImpl.Identify(Lcom/digitalpersona/uareu/Fmd;I[Lcom/digitalpersona/uareu/Fmd;II)[Lcom/digitalpersona/uareu/Engine$Candidate;+11
j  Fingerprint.IdentificationThread.compareFmdToDatabaseFmds(Lcom/digitalpersona/uareu/Fmd;[Lcom/digitalpersona/uareu/Fmd;Ljava/util/ArrayList;)Z+73
j  Fingerprint.IdentificationThread.fmdIsAlreadyEnrolled(Lcom/digitalpersona/uareu/Fmd;Ljava/util/ArrayList;)Z+9
j  Fingerprint.EnrollmentThread.GetFmd(Lcom/digitalpersona/uareu/Fmd$Format;)Lcom/digitalpersona/uareu/Engine$PreEnrollmentFmd;+82
j  com.digitalpersona.uareu.dpfj.EngineImpl.CreateEnrollmentFmd(Lcom/digitalpersona/uareu/Fmd$Format;Lcom/digitalpersona/uareu/Engine$EnrollmentCallback;)Lcom/digitalpersona/uareu/Fmd;+82
j  Fingerprint.EnrollmentThread.startEnrollment()V+126
j  Fingerprint.EnrollmentThread.run()V+7
v  ~StubRoutines::call_stub

---------------  P R O C E S S  ---------------

Java Threads: ( => current thread )
  0x000000001e856000 JavaThread "Thread-7" [_thread_blocked, id=4908, stack(0x00000000237c0000,0x00000000238c0000)]
=>0x000000001e859000 JavaThread "Thread-5" [_thread_in_vm, id=30752, stack(0x00000000236c0000,0x00000000237c0000)]
  0x000000001c110800 JavaThread "mysql-cj-abandoned-connection-cleanup" daemon [_thread_blocked, id=25672, stack(0x000000001cce0000,0x000000001cde0000)]
  0x000000001be7d800 JavaThread "TimerQueue" daemon [_thread_blocked, id=25644, stack(0x000000001c750000,0x000000001c850000)]
  0x000000000162e800 JavaThread "DestroyJavaVM" [_thread_blocked, id=10340, stack(0x0000000002fe0000,0x00000000030e0000)]
  0x000000001c045000 JavaThread "Thread-3" [_thread_blocked, id=23280, stack(0x000000001da80000,0x000000001db80000)]
  0x000000001be4a800 JavaThread "AWT-EventQueue-0" [_thread_blocked, id=23792, stack(0x000000001d240000,0x000000001d340000)]
  0x000000001bbce800 JavaThread "AWT-Windows" daemon [_thread_in_native, id=21884, stack(0x000000001c400000,0x000000001c500000)]
  0x000000001bbc9800 JavaThread "AWT-Shutdown" [_thread_blocked, id=1636, stack(0x000000001c300000,0x000000001c400000)]
  0x000000001bbc9000 JavaThread "Java2D Disposer" daemon [_thread_blocked, id=27344, stack(0x000000001c200000,0x000000001c300000)]
  0x0000000019acb800 JavaThread "Service Thread" daemon [_thread_blocked, id=20252, stack(0x000000001b6a0000,0x000000001b7a0000)]
  0x000000001822e000 JavaThread "C1 CompilerThread3" daemon [_thread_blocked, id=23712, stack(0x000000001b5a0000,0x000000001b6a0000)]
  0x000000001822a000 JavaThread "C2 CompilerThread2" daemon [_thread_blocked, id=2536, stack(0x000000001b4a0000,0x000000001b5a0000)]
  0x0000000018229000 JavaThread "C2 CompilerThread1" daemon [_thread_blocked, id=10368, stack(0x000000001b3a0000,0x000000001b4a0000)]
  0x0000000019a3e800 JavaThread "C2 CompilerThread0" daemon [_thread_blocked, id=10432, stack(0x000000001b2a0000,0x000000001b3a0000)]
  0x0000000019a3a000 JavaThread "Attach Listener" daemon [_thread_blocked, id=9908, stack(0x000000001b1a0000,0x000000001b2a0000)]
  0x0000000019a37000 JavaThread "Signal Dispatcher" daemon [_thread_blocked, id=29336, stack(0x000000001b0a0000,0x000000001b1a0000)]
  0x0000000018222000 JavaThread "Finalizer" daemon [_thread_blocked, id=27360, stack(0x000000001ae90000,0x000000001af90000)]
  0x0000000019a24000 JavaThread "Reference Handler" daemon [_thread_blocked, id=7084, stack(0x000000001ad90000,0x000000001ae90000)]

Other Threads:
  0x0000000019a03800 VMThread [stack: 0x000000001ac90000,0x000000001ad90000] [id=14880]
  0x0000000019ad4000 WatcherThread [stack: 0x000000001b7a0000,0x000000001b8a0000] [id=4264]

VM state:not at safepoint (normal execution)

VM Mutex/Monitor currently owned by a thread: None

heap address: 0x0000000085800000, size: 1960 MB, Compressed Oops mode: 32-bit
Narrow klass base: 0x0000000000000000, Narrow klass shift: 3
Compressed class space size: 1073741824 Address: 0x0000000100000000

Heap:
 PSYoungGen      total 52224K, used 17790K [0x00000000d7300000, 0x00000000e1500000, 0x0000000100000000)
  eden space 47104K, 26% used [0x00000000d7300000,0x00000000d7f61630,0x00000000da100000)
  from space 5120K, 99% used [0x00000000da100000,0x00000000da5fe4f8,0x00000000da600000)
  to   space 51200K, 0% used [0x00000000de300000,0x00000000de300000,0x00000000e1500000)
 ParOldGen       total 104960K, used 45438K [0x0000000085800000, 0x000000008be80000, 0x00000000d7300000)
  object space 104960K, 43% used [0x0000000085800000,0x000000008845f968,0x000000008be80000)
 Metaspace       used 27778K, capacity 28726K, committed 28928K, reserved 1075200K
  class space    used 3502K, capacity 3754K, committed 3840K, reserved 1048576K

Card table byte_map: [0x00000000125a0000,0x0000000012980000] byte_map_base: 0x0000000012174000

Marking Bits: (ParMarkBitMap*) 0x0000000071e85ce0
 Begin Bits: [0x0000000013710000, 0x00000000155b0000)
 End Bits:   [0x00000000155b0000, 0x0000000017450000)

Polling page: 0x0000000001610000

CodeCache: size=245760Kb used=11867Kb max_used=11872Kb free=233892Kb
 bounds [0x00000000031e0000, 0x0000000003d90000, 0x00000000121e0000]
 total_blobs=4296 nmethods=3620 adapters=587
 compilation: enabled

Compilation events (10 events):
Event: 17.658 Thread 0x000000001822e000 3959       3       sun.awt.geom.Order0::<init> (16 bytes)
Event: 17.658 Thread 0x000000001822e000 nmethod 3959 0x0000000003d7fa90 code [0x0000000003d7fc00, 0x0000000003d7fe10]
Event: 17.658 Thread 0x000000001822e000 3960       3       sun.awt.geom.AreaOp::addEdges (52 bytes)
Event: 17.659 Thread 0x000000001822e000 nmethod 3960 0x0000000003d7ead0 code [0x0000000003d7ecc0, 0x0000000003d7f628]
Event: 17.659 Thread 0x000000001822e000 3961       3       sun.font.FileFontStrike::getGlyphImageFromWindows (116 bytes)
Event: 17.659 Thread 0x000000001822e000 nmethod 3961 0x0000000003d80d90 code [0x0000000003d81000, 0x0000000003d82078]
Event: 17.660 Thread 0x000000001822e000 3962  s    3       sun.font.T2KFontScaler::getGlyphMetrics (45 bytes)
Event: 17.660 Thread 0x000000001822e000 nmethod 3962 0x0000000003d7d950 code [0x0000000003d7db00, 0x0000000003d7e3c8]
Event: 17.672 Thread 0x000000001822e000 3964       3       com.mysql.cj.util.StringInspector::getChar (25 bytes)
Event: 17.672 Thread 0x000000001822e000 nmethod 3964 0x0000000003d7d290 code [0x0000000003d7d420, 0x0000000003d7d7c8]

GC Heap History (10 events):
Event: 2.919 GC heap before
{Heap before GC invocations=2 (full 0):
 PSYoungGen      total 36864K, used 36855K [0x00000000d7300000, 0x00000000d9c00000, 0x0000000100000000)
  eden space 31744K, 100% used [0x00000000d7300000,0x00000000d9200000,0x00000000d9200000)
  from space 5120K, 99% used [0x00000000d9200000,0x00000000d96fdf40,0x00000000d9700000)
  to   space 5120K, 0% used [0x00000000d9700000,0x00000000d9700000,0x00000000d9c00000)
 ParOldGen       total 84992K, used 15696K [0x0000000085800000, 0x000000008ab00000, 0x00000000d7300000)
  object space 84992K, 18% used [0x0000000085800000,0x0000000086754280,0x000000008ab00000)
 Metaspace       used 20470K, capacity 21028K, committed 21248K, reserved 1067008K
  class space    used 2542K, capacity 2705K, committed 2816K, reserved 1048576K
Event: 2.944 GC heap after
Heap after GC invocations=2 (full 0):
 PSYoungGen      total 36864K, used 5102K [0x00000000d7300000, 0x00000000d9c00000, 0x0000000100000000)
  eden space 31744K, 0% used [0x00000000d7300000,0x00000000d7300000,0x00000000d9200000)
  from space 5120K, 99% used [0x00000000d9700000,0x00000000d9bfb9e0,0x00000000d9c00000)
  to   space 5120K, 0% used [0x00000000d9200000,0x00000000d9200000,0x00000000d9700000)
 ParOldGen       total 84992K, used 51414K [0x0000000085800000, 0x000000008ab00000, 0x00000000d7300000)
  object space 84992K, 60% used [0x0000000085800000,0x0000000088a35a00,0x000000008ab00000)
 Metaspace       used 20470K, capacity 21028K, committed 21248K, reserved 1067008K
  class space    used 2542K, capacity 2705K, committed 2816K, reserved 1048576K
}
Event: 2.944 GC heap before
{Heap before GC invocations=3 (full 1):
 PSYoungGen      total 36864K, used 5102K [0x00000000d7300000, 0x00000000d9c00000, 0x0000000100000000)
  eden space 31744K, 0% used [0x00000000d7300000,0x00000000d7300000,0x00000000d9200000)
  from space 5120K, 99% used [0x00000000d9700000,0x00000000d9bfb9e0,0x00000000d9c00000)
  to   space 5120K, 0% used [0x00000000d9200000,0x00000000d9200000,0x00000000d9700000)
 ParOldGen       total 84992K, used 51414K [0x0000000085800000, 0x000000008ab00000, 0x00000000d7300000)
  object space 84992K, 60% used [0x0000000085800000,0x0000000088a35a00,0x000000008ab00000)
 Metaspace       used 20470K, capacity 21028K, committed 21248K, reserved 1067008K
  class space    used 2542K, capacity 2705K, committed 2816K, reserved 1048576K
Event: 2.966 GC heap after
Heap after GC invocations=3 (full 1):
 PSYoungGen      total 36864K, used 0K [0x00000000d7300000, 0x00000000d9c00000, 0x0000000100000000)
  eden space 31744K, 0% used [0x00000000d7300000,0x00000000d7300000,0x00000000d9200000)
  from space 5120K, 0% used [0x00000000d9700000,0x00000000d9700000,0x00000000d9c00000)
  to   space 5120K, 0% used [0x00000000d9200000,0x00000000d9200000,0x00000000d9700000)
 ParOldGen       total 104960K, used 18399K [0x0000000085800000, 0x000000008be80000, 0x00000000d7300000)
  object space 104960K, 17% used [0x0000000085800000,0x00000000869f7de0,0x000000008be80000)
 Metaspace       used 20470K, capacity 21028K, committed 21248K, reserved 1067008K
  class space    used 2542K, capacity 2705K, committed 2816K, reserved 1048576K
}
Event: 7.643 GC heap before
{Heap before GC invocations=4 (full 1):
 PSYoungGen      total 36864K, used 31744K [0x00000000d7300000, 0x00000000d9c00000, 0x0000000100000000)
  eden space 31744K, 100% used [0x00000000d7300000,0x00000000d9200000,0x00000000d9200000)
  from space 5120K, 0% used [0x00000000d9700000,0x00000000d9700000,0x00000000d9c00000)
  to   space 5120K, 0% used [0x00000000d9200000,0x00000000d9200000,0x00000000d9700000)
 ParOldGen       total 104960K, used 18399K [0x0000000085800000, 0x000000008be80000, 0x00000000d7300000)
  object space 104960K, 17% used [0x0000000085800000,0x00000000869f7de0,0x000000008be80000)
 Metaspace       used 23333K, capacity 24002K, committed 24320K, reserved 1071104K
  class space    used 2876K, capacity 3050K, committed 3072K, reserved 1048576K
Event: 7.647 GC heap after
Heap after GC invocations=4 (full 1):
 PSYoungGen      total 36864K, used 3634K [0x00000000d7300000, 0x00000000dab00000, 0x0000000100000000)
  eden space 31744K, 0% used [0x00000000d7300000,0x00000000d7300000,0x00000000d9200000)
  from space 5120K, 70% used [0x00000000d9200000,0x00000000d958c9c0,0x00000000d9700000)
  to   space 5120K, 0% used [0x00000000da600000,0x00000000da600000,0x00000000dab00000)
 ParOldGen       total 104960K, used 18407K [0x0000000085800000, 0x000000008be80000, 0x00000000d7300000)
  object space 104960K, 17% used [0x0000000085800000,0x00000000869f9de0,0x000000008be80000)
 Metaspace       used 23333K, capacity 24002K, committed 24320K, reserved 1071104K
  class space    used 2876K, capacity 3050K, committed 3072K, reserved 1048576K
}
Event: 11.237 GC heap before
{Heap before GC invocations=5 (full 1):
 PSYoungGen      total 36864K, used 35378K [0x00000000d7300000, 0x00000000dab00000, 0x0000000100000000)
  eden space 31744K, 100% used [0x00000000d7300000,0x00000000d9200000,0x00000000d9200000)
  from space 5120K, 70% used [0x00000000d9200000,0x00000000d958c9c0,0x00000000d9700000)
  to   space 5120K, 0% used [0x00000000da600000,0x00000000da600000,0x00000000dab00000)
 ParOldGen       total 104960K, used 18407K [0x0000000085800000, 0x000000008be80000, 0x00000000d7300000)
  object space 104960K, 17% used [0x0000000085800000,0x00000000869f9de0,0x000000008be80000)
 Metaspace       used 27029K, capacity 27860K, committed 28032K, reserved 1073152K
  class space    used 3416K, capacity 3645K, committed 3712K, reserved 1048576K
Event: 11.242 GC heap after
Heap after GC invocations=5 (full 1):
 PSYoungGen      total 50688K, used 5113K [0x00000000d7300000, 0x00000000dab00000, 0x0000000100000000)
  eden space 45568K, 0% used [0x00000000d7300000,0x00000000d7300000,0x00000000d9f80000)
  from space 5120K, 99% used [0x00000000da600000,0x00000000daafe4d8,0x00000000dab00000)
  to   space 5120K, 0% used [0x00000000da100000,0x00000000da100000,0x00000000da600000)
 ParOldGen       total 104960K, used 45320K [0x0000000085800000, 0x000000008be80000, 0x00000000d7300000)
  object space 104960K, 43% used [0x0000000085800000,0x0000000088442228,0x000000008be80000)
 Metaspace       used 27029K, capacity 27860K, committed 28032K, reserved 1073152K
  class space    used 3416K, capacity 3645K, committed 3712K, reserved 1048576K
}
Event: 13.149 GC heap before
{Heap before GC invocations=6 (full 1):
 PSYoungGen      total 50688K, used 47375K [0x00000000d7300000, 0x00000000dab00000, 0x0000000100000000)
  eden space 45568K, 92% used [0x00000000d7300000,0x00000000d9c458f8,0x00000000d9f80000)
  from space 5120K, 99% used [0x00000000da600000,0x00000000daafe4d8,0x00000000dab00000)
  to   space 5120K, 0% used [0x00000000da100000,0x00000000da100000,0x00000000da600000)
 ParOldGen       total 104960K, used 45320K [0x0000000085800000, 0x000000008be80000, 0x00000000d7300000)
  object space 104960K, 43% used [0x0000000085800000,0x0000000088442228,0x000000008be80000)
 Metaspace       used 27320K, capacity 28134K, committed 28288K, reserved 1073152K
  class space    used 3446K, capacity 3648K, committed 3712K, reserved 1048576K
Event: 13.154 GC heap after
Heap after GC invocations=6 (full 1):
 PSYoungGen      total 52224K, used 5113K [0x00000000d7300000, 0x00000000e1500000, 0x0000000100000000)
  eden space 47104K, 0% used [0x00000000d7300000,0x00000000d7300000,0x00000000da100000)
  from space 5120K, 99% used [0x00000000da100000,0x00000000da5fe4f8,0x00000000da600000)
  to   space 51200K, 0% used [0x00000000de300000,0x00000000de300000,0x00000000e1500000)
 ParOldGen       total 104960K, used 45438K [0x0000000085800000, 0x000000008be80000, 0x00000000d7300000)
  object space 104960K, 43% used [0x0000000085800000,0x000000008845f968,0x000000008be80000)
 Metaspace       used 27320K, capacity 28134K, committed 28288K, reserved 1073152K
  class space    used 3446K, capacity 3648K, committed 3712K, reserved 1048576K
}

Deoptimization events (10 events):
Event: 11.183 Thread 0x000000001be4a800 Uncommon trap: reason=bimorphic action=maybe_recompile pc=0x00000000039e17bc method=javax.swing.UIDefaults.getFromHashtable(Ljava/lang/Object;)Ljava/lang/Object; @ 231
Event: 11.185 Thread 0x000000001be4a800 Uncommon trap: reason=bimorphic action=maybe_recompile pc=0x00000000039e17bc method=javax.swing.UIDefaults.getFromHashtable(Ljava/lang/Object;)Ljava/lang/Object; @ 231
Event: 11.206 Thread 0x000000001be4a800 Uncommon trap: reason=bimorphic action=maybe_recompile pc=0x00000000039e17bc method=javax.swing.UIDefaults.getFromHashtable(Ljava/lang/Object;)Ljava/lang/Object; @ 231
Event: 11.315 Thread 0x000000001be4a800 Uncommon trap: reason=class_check action=maybe_recompile pc=0x00000000038fb530 method=java.util.regex.Pattern$Curly.match(Ljava/util/regex/Matcher;ILjava/lang/CharSequence;)Z @ 19
Event: 11.645 Thread 0x000000001be4a800 Uncommon trap: reason=unstable_if action=reinterpret pc=0x000000000352e998 method=java.util.Calendar.getSetStateFields()I @ 19
Event: 12.068 Thread 0x000000001be4a800 Uncommon trap: reason=unstable_if action=reinterpret pc=0x00000000039a756c method=sun.util.calendar.BaseCalendar.getFixedDate(IIILsun/util/calendar/BaseCalendar$Date;)J @ 90
Event: 13.446 Thread 0x000000001be4a800 Uncommon trap: reason=unstable_if action=reinterpret pc=0x0000000003b6e0a4 method=java.awt.Container.findComponentAtImpl(IIZ)Ljava/awt/Component; @ 103
Event: 13.453 Thread 0x000000001be4a800 Uncommon trap: reason=null_check action=make_not_entrant pc=0x0000000003d108dc method=com.formdev.flatlaf.ui.FlatUIUtils.isCellEditor(Ljava/awt/Component;)Z @ 48
Event: 13.759 Thread 0x000000001be4a800 Uncommon trap: reason=null_check action=make_not_entrant pc=0x0000000003d1eaac method=com.formdev.flatlaf.ui.FlatUIUtils.isCellEditor(Ljava/awt/Component;)Z @ 57
Event: 15.608 Thread 0x000000001be4a800 Uncommon trap: reason=class_check action=maybe_recompile pc=0x00000000038fb530 method=java.util.regex.Pattern$Curly.match(Ljava/util/regex/Matcher;ILjava/lang/CharSequence;)Z @ 19

Classes redefined (0 events):
No events

Internal exceptions (10 events):
Event: 2.982 Thread 0x000000001be4a800 Exception <a 'java/lang/NoSuchMethodError': java.awt.geom.Path2D.trimToSize()V> (0x00000000d742d930) thrown at [C:\re\workspace\8-2-build-windows-amd64-cygwin\jdk8u202\12323\hotspot\src\share\vm\interpreter\linkResolver.cpp, line 620]
Event: 7.760 Thread 0x000000001be4a800 Exception <a 'java/lang/ClassNotFoundException': java/lang/ObjectCustomizer> (0x00000000d76f11a8) thrown at [C:\re\workspace\8-2-build-windows-amd64-cygwin\jdk8u202\12323\hotspot\src\share\vm\classfile\systemDictionary.cpp, line 210]
Event: 7.762 Thread 0x000000001be4a800 Exception <a 'java/lang/ArrayIndexOutOfBoundsException': 18> (0x00000000d76f2d10) thrown at [C:\re\workspace\8-2-build-windows-amd64-cygwin\jdk8u202\12323\hotspot\src\share\vm\interpreter\interpreterRuntime.cpp, line 368]
Event: 7.763 Thread 0x000000001be4a800 Exception <a 'java/lang/ArrayIndexOutOfBoundsException': 22> (0x00000000d76f6610) thrown at [C:\re\workspace\8-2-build-windows-amd64-cygwin\jdk8u202\12323\hotspot\src\share\vm\interpreter\interpreterRuntime.cpp, line 368]
Event: 7.766 Thread 0x000000001be4a800 Exception <a 'java/lang/ClassNotFoundException': net/miginfocom/layout/UnitValueCustomizer> (0x00000000d7702e50) thrown at [C:\re\workspace\8-2-build-windows-amd64-cygwin\jdk8u202\12323\hotspot\src\share\vm\classfile\systemDictionary.cpp, line 210]
Event: 7.768 Thread 0x000000001be4a800 Exception <a 'java/lang/ClassNotFoundException': java/lang/ObjectCustomizer> (0x00000000d7723d48) thrown at [C:\re\workspace\8-2-build-windows-amd64-cygwin\jdk8u202\12323\hotspot\src\share\vm\classfile\systemDictionary.cpp, line 210]
Event: 7.768 Thread 0x000000001be4a800 Exception <a 'java/lang/ClassNotFoundException': net/miginfocom/layout/BoundSizeCustomizer> (0x00000000d77303d0) thrown at [C:\re\workspace\8-2-build-windows-amd64-cygwin\jdk8u202\12323\hotspot\src\share\vm\classfile\systemDictionary.cpp, line 210]
Event: 13.446 Thread 0x000000001be4a800 Implicit null exception at 0x0000000003b6dd9f to 0x0000000003b6e07c
Event: 13.453 Thread 0x000000001be4a800 Implicit null exception at 0x0000000003d0fcff to 0x0000000003d108d1
Event: 13.759 Thread 0x000000001be4a800 Implicit null exception at 0x0000000003d1dfbd to 0x0000000003d1eaa1

Events (10 events):
Event: 17.672 Executing VM operation: RevokeBias
Event: 17.672 Executing VM operation: RevokeBias done
Event: 17.672 Thread 0x000000001822e000 flushing nmethod 0x0000000003311450
Event: 17.672 Thread 0x000000001822e000 flushing nmethod 0x000000000331bd10
Event: 17.672 Executing VM operation: RevokeBias
Event: 17.672 Executing VM operation: RevokeBias done
Event: 17.700 loading class com/digitalpersona/uareu/Engine$Candidate
Event: 17.700 loading class com/digitalpersona/uareu/Engine$Candidate done
Event: 17.700 loading class com/digitalpersona/uareu/jni/Dpfj$IntReference
Event: 17.700 loading class com/digitalpersona/uareu/jni/Dpfj$IntReference done


Dynamic libraries:
0x00007ff64eb80000 - 0x00007ff64ebb7000 	C:\Program Files\Java\jdk1.8.0_202\bin\java.exe
0x00007ffc04e60000 - 0x00007ffc050c8000 	C:\Windows\SYSTEM32\ntdll.dll
0x00007ffc03480000 - 0x00007ffc03549000 	C:\Windows\System32\KERNEL32.DLL
0x00007ffc026a0000 - 0x00007ffc02a8d000 	C:\Windows\System32\KERNELBASE.dll
0x00007ffc032d0000 - 0x00007ffc03384000 	C:\Windows\System32\ADVAPI32.dll
0x00007ffc02c60000 - 0x00007ffc02d09000 	C:\Windows\System32\msvcrt.dll
0x00007ffc03390000 - 0x00007ffc03436000 	C:\Windows\System32\sechost.dll
0x00007ffc02fe0000 - 0x00007ffc030f8000 	C:\Windows\System32\RPCRT4.dll
0x00007ffc02d90000 - 0x00007ffc02f5c000 	C:\Windows\System32\USER32.dll
0x00007ffc02bd0000 - 0x00007ffc02bf7000 	C:\Windows\System32\win32u.dll
0x00007ffc03450000 - 0x00007ffc0347b000 	C:\Windows\System32\GDI32.dll
0x00007ffc02a90000 - 0x00007ffc02bc7000 	C:\Windows\System32\gdi32full.dll
0x00007ffc023d0000 - 0x00007ffc02473000 	C:\Windows\System32\msvcp_win.dll
0x00007ffc02280000 - 0x00007ffc023cb000 	C:\Windows\System32\ucrtbase.dll
0x00007ffbe1b50000 - 0x00007ffbe1dea000 	C:\Windows\WinSxS\amd64_microsoft.windows.common-controls_6595b64144ccf1df_6.0.26100.4484_none_3e0e6d4ce32ef3b3\COMCTL32.dll
0x00007ffc02c00000 - 0x00007ffc02c2f000 	C:\Windows\System32\IMM32.DLL
0x0000000071f10000 - 0x0000000071fe2000 	C:\Program Files\Java\jdk1.8.0_202\jre\bin\msvcr100.dll
0x0000000071660000 - 0x0000000071f05000 	C:\Program Files\Java\jdk1.8.0_202\jre\bin\server\jvm.dll
0x00007ffc03440000 - 0x00007ffc03448000 	C:\Windows\System32\PSAPI.DLL
0x00007ffbfc930000 - 0x00007ffbfc93a000 	C:\Windows\SYSTEM32\WSOCK32.dll
0x00007ffbf88a0000 - 0x00007ffbf88d5000 	C:\Windows\SYSTEM32\WINMM.dll
0x00007ffc02d10000 - 0x00007ffc02d84000 	C:\Windows\System32\WS2_32.dll
0x00007ffbee6f0000 - 0x00007ffbee6fb000 	C:\Windows\SYSTEM32\VERSION.dll
0x00007ffbedc50000 - 0x00007ffbedc5f000 	C:\Program Files\Java\jdk1.8.0_202\jre\bin\verify.dll
0x00007ffbec400000 - 0x00007ffbec429000 	C:\Program Files\Java\jdk1.8.0_202\jre\bin\java.dll
0x00007ffbedc30000 - 0x00007ffbedc46000 	C:\Program Files\Java\jdk1.8.0_202\jre\bin\zip.dll
0x00007ffc03f00000 - 0x00007ffc0464a000 	C:\Windows\System32\SHELL32.dll
0x00007ffc02520000 - 0x00007ffc02694000 	C:\Windows\System32\wintypes.dll
0x00007ffc049a0000 - 0x00007ffc04d26000 	C:\Windows\System32\combase.dll
0x00007ffbffbc0000 - 0x00007ffc0041b000 	C:\Windows\SYSTEM32\windows.storage.dll
0x00007ffc03bb0000 - 0x00007ffc03ca5000 	C:\Windows\System32\SHCORE.dll
0x00007ffc04650000 - 0x00007ffc046ba000 	C:\Windows\System32\shlwapi.dll
0x00007ffc01ec0000 - 0x00007ffc01eef000 	C:\Windows\SYSTEM32\profapi.dll
0x00007ffb32180000 - 0x00007ffb32319000 	C:\Program Files\Java\jdk1.8.0_202\jre\bin\awt.dll
0x00007ffc04d30000 - 0x00007ffc04e10000 	C:\Windows\System32\OLEAUT32.dll
0x00007ffbfea80000 - 0x00007ffbfeb1e000 	C:\Windows\SYSTEM32\apphelp.dll
0x00007ffbed960000 - 0x00007ffbed97a000 	C:\Program Files\Java\jdk1.8.0_202\jre\bin\net.dll
0x00007ffbeba50000 - 0x00007ffbebc34000 	C:\Windows\SYSTEM32\urlmon.dll
0x00007ffbeb780000 - 0x00007ffbeba4b000 	C:\Windows\SYSTEM32\iertutil.dll
0x00007ffbed230000 - 0x00007ffbed259000 	C:\Windows\SYSTEM32\srvcli.dll
0x00007ffc00a40000 - 0x00007ffc00a4d000 	C:\Windows\SYSTEM32\netutils.dll
0x00007ffc012e0000 - 0x00007ffc0134a000 	C:\Windows\system32\mswsock.dll
0x00007ffbec3e0000 - 0x00007ffbec3f2000 	C:\Program Files\Java\jdk1.8.0_202\jre\bin\nio.dll
0x00007ffbec3d0000 - 0x00007ffbec3d6000 	C:\Users\rndpo\AppData\Local\Temp\flatlaf.temp\flatlaf-windows-x86_64-10559381233920000.dll
0x00007ffbfefa0000 - 0x00007ffbfefd6000 	C:\Windows\SYSTEM32\dwmapi.dll
0x00007ffbfec80000 - 0x00007ffbfed2f000 	C:\Windows\system32\uxtheme.dll
0x00007ffc03d40000 - 0x00007ffc03ea0000 	C:\Windows\System32\MSCTF.dll
0x00007ffc03120000 - 0x00007ffc032be000 	C:\Windows\System32\ole32.dll
0x00007ffc00c90000 - 0x00007ffc00cab000 	C:\Windows\SYSTEM32\kernel.appcore.dll
0x00007ffc02480000 - 0x00007ffc02519000 	C:\Windows\System32\bcryptPrimitives.dll
0x00007ffbec380000 - 0x00007ffbec3c7000 	C:\Program Files\Java\jdk1.8.0_202\jre\bin\fontmanager.dll
0x00007ffbb46b0000 - 0x00007ffbb47c8000 	C:\Windows\system32\opengl32.dll
0x00007ffbe1ff0000 - 0x00007ffbe201d000 	C:\Windows\SYSTEM32\GLU32.dll
0x00007ffbfefe0000 - 0x00007ffbff02d000 	C:\Windows\SYSTEM32\dxcore.dll
0x00007ffbec370000 - 0x00007ffbec377000 	C:\Program Files\Java\jdk1.8.0_202\jre\bin\jawt.dll
0x00007ffbebd80000 - 0x00007ffbebdc2000 	C:\Program Files\Java\jdk1.8.0_202\jre\bin\t2k.dll
0x00007ffc015a0000 - 0x00007ffc015bb000 	C:\Windows\SYSTEM32\CRYPTSP.dll
0x00007ffc00cb0000 - 0x00007ffc00ceb000 	C:\Windows\system32\rsaenh.dll
0x00007ffc01380000 - 0x00007ffc013ab000 	C:\Windows\SYSTEM32\USERENV.dll
0x00007ffc01e90000 - 0x00007ffc01eb6000 	C:\Windows\SYSTEM32\bcrypt.dll
0x00007ffc01590000 - 0x00007ffc0159c000 	C:\Windows\SYSTEM32\CRYPTBASE.dll
0x00007ffc00720000 - 0x00007ffc00753000 	C:\Windows\SYSTEM32\IPHLPAPI.DLL
0x00007ffc02c50000 - 0x00007ffc02c5a000 	C:\Windows\System32\NSI.dll
0x00007ffbfa820000 - 0x00007ffbfa83f000 	C:\Windows\SYSTEM32\dhcpcsvc6.DLL
0x00007ffbfa7a0000 - 0x00007ffbfa7c5000 	C:\Windows\SYSTEM32\dhcpcsvc.DLL
0x00007ffc007b0000 - 0x00007ffc008d6000 	C:\Windows\SYSTEM32\DNSAPI.dll
0x00007ffbe58c0000 - 0x00007ffbe5a10000 	C:\Windows\SYSTEM32\textinputframework.dll
0x00007ffbec1c0000 - 0x00007ffbec1ea000 	C:\Program Files\Java\jdk1.8.0_202\jre\bin\dcpr.dll
0x00007ffbfe6a0000 - 0x00007ffbfe7c5000 	C:\Windows\SYSTEM32\CoreMessaging.dll
0x00007ffbfa960000 - 0x00007ffbfac43000 	C:\Windows\SYSTEM32\CoreUIComponents.dll
0x00007ffc039e0000 - 0x00007ffc03a88000 	C:\Windows\System32\clbcatq.dll
0x00007ffbfd2a0000 - 0x00007ffbfd4db000 	C:\Windows\SYSTEM32\WindowsCodecs.dll
0x00007ffbe4ee0000 - 0x00007ffbe4f3a000 	C:\Windows\system32\dataexchange.dll
0x00007ffbef960000 - 0x00007ffbefb98000 	C:\Windows\system32\twinapi.appcore.dll
0x00007ffbf0360000 - 0x00007ffbf036b000 	C:\Windows\System32\rasadhlp.dll
0x00007ffbfb0c0000 - 0x00007ffbfb146000 	C:\Windows\System32\fwpuclnt.dll
0x00007ffbeaaa0000 - 0x00007ffbeaac4000 	C:\Program Files\Java\jdk1.8.0_202\jre\bin\sunec.dll
0x00007ffbded60000 - 0x00007ffbded91000 	C:\Windows\System32\dpuareu_jni.dll
0x00007ffbd4eb0000 - 0x00007ffbd4f16000 	C:\Windows\SYSTEM32\dpfj.dll
0x00007ffbd4e60000 - 0x00007ffbd4ea2000 	C:\Windows\SYSTEM32\dpfr6.dll
0x00007ffbd4e20000 - 0x00007ffbd4e5d000 	C:\Windows\SYSTEM32\dpfpdd.dll
0x00007ffbb90f0000 - 0x00007ffbb9163000 	C:\Windows\SYSTEM32\nex_sdk.dll
0x00007ffbee470000 - 0x00007ffbee51f000 	C:\Windows\SYSTEM32\DPFPApi.DLL
0x00007ffc01fb0000 - 0x00007ffc02127000 	C:\Windows\System32\CRYPT32.dll
0x00007ffbedcd0000 - 0x00007ffbedd28000 	C:\Windows\system32\DPCLBACK.dll
0x00007ffbee700000 - 0x00007ffbee71a000 	C:\Windows\SYSTEM32\NETAPI32.dll
0x00007ffc00e80000 - 0x00007ffc00eb6000 	C:\Windows\SYSTEM32\ntmarta.dll
0x00007ffbed150000 - 0x00007ffbed194000 	C:\Windows\SYSTEM32\dpDevDatx64.dll
0x00007ffbae1f0000 - 0x00007ffbae257000 	C:\Windows\SYSTEM32\dpfpdd5000.dll
0x00007ffc03550000 - 0x00007ffc039d6000 	C:\Windows\System32\SETUPAPI.dll
0x00007ffc01b20000 - 0x00007ffc01b77000 	C:\Windows\SYSTEM32\cfgmgr32.DLL
0x00007ffbe19b0000 - 0x00007ffbe19df000 	C:\Windows\SYSTEM32\dpfpdd_ptapi.dll
0x0000000047000000 - 0x000000004710b000 	C:\Windows\SYSTEM32\tfm.dll
0x00007ffc02130000 - 0x00007ffc021b4000 	C:\Windows\System32\WINTRUST.dll
0x00007ffc00420000 - 0x00007ffc0042f000 	C:\Windows\SYSTEM32\HID.DLL
0x00007ffc016c0000 - 0x00007ffc016d3000 	C:\Windows\SYSTEM32\MSASN1.dll
0x00007ffbae1a0000 - 0x00007ffbae1eb000 	C:\Windows\SYSTEM32\dpfpdd7k.dll
0x00007ffc01af0000 - 0x00007ffc01b1d000 	C:\Windows\SYSTEM32\DEVOBJ.dll
0x00007ffbff5f0000 - 0x00007ffbff831000 	C:\Windows\SYSTEM32\dbghelp.dll

VM Arguments:
java_command: com.trialapp.trialams1.TrialAMS1
java_class_path (initial): C:\Users\rndpo\OneDrive\Desktop\NetBeansProjects\MockICTAcess\target\classes;C:\Users\rndpo\.m2\repository\com\formdev\flatlaf\3.5.4\flatlaf-3.5.4.jar;C:\Users\rndpo\.m2\repository\org\netbeans\external\AbsoluteLayout\RELEASE220\AbsoluteLayout-RELEASE220.jar;C:\Users\rndpo\.m2\repository\net\java\dev\timingframework\timingframework\1.0\timingframework-1.0.jar;C:\Users\rndpo\.m2\repository\com\miglayout\miglayout-swing\5.2\miglayout-swing-5.2.jar;C:\Users\rndpo\.m2\repository\coom\raven\swing-glasspane-pop-up\1.3.0\swing-glasspane-pop-up-1.3.0.jar;C:\Users\rndpo\.m2\repository\com\formdev\flatlaf-extras\3.2.5\flatlaf-extras-3.2.5.jar;C:\Users\rndpo\.m2\repository\com\github\weisj\jsvg\1.2.0\jsvg-1.2.0.jar;C:\Users\rndpo\.m2\repository\com\miglayout\miglayout-core\5.2\miglayout-core-5.2.jar;C:\Users\rndpo\.m2\repository\com\mysql\mysql-connector-j\8.3.0\mysql-connector-j-8.3.0.jar;C:\Users\rndpo\.m2\repository\com\google\protobuf\protobuf-java\3.25.1\protobuf-java-3.25.1.jar;C:\Users\rndpo\.m2\repository\org\mindrot\jbcrypt\0.4\jbcrypt-0.4.jar;C:\Users\rndpo\.m2\repository\net\proteanit\rs2xml\1.0\rs2xml-1.0.jar;C:\Users\rndpo\.m2\repository\com\toedter\jcalendar\1.4\jcalendar-1.4.jar;C:\Users\rndpo\.m2\repository\com\github\lgooddatepicker\LGoodDatePicker\11.2.1\LGoodDatePicker-11.2.1.jar;C:\Users\rndpo\.m2\repository\com\digitalpersona\dpuareu\1.0.0\dpuareu-1.0.0.jar;C:\Users\rndpo\.m2\repository\com\digitalpersona\onetouch\xmlParserAPIs\1.0.0\xmlParserAPIs-1.0.0.jar;C:\Users\rndpo\.m2\repository\com\digitalpersona\onetouch\xercesImpl\2.6.2\xercesImpl-2.6.2.jar;C:\Users\rndpo\.m2\repository\com\digitalpersona\onetouch\jpos113\1.0.0\jpos113-1.0.0.jar;C:\Users\rndpo\.m2\repository\com\digitalpersona\onetouch\dpjavapos\1.0.0\dpjavapos-1.0.0.jar
Launcher Type: SUN_STANDARD

Environment Variables:
JAVA_HOME=C:\Program Files\Java\jdk1.8.0_202
PATH=C:\Program Files\Java\jdk1.8.0_202\bin;C:\Program Files (x86)\Common Files\Oracle\Java\javapath;C:\Program Files\Common Files\Oracle\Java\javapath;C:\Windows\system32;C:\Windows;C:\Windows\System32\Wbem;C:\Windows\System32\WindowsPowerShell\v1.0\;C:\Windows\System32\OpenSSH\;C:\Program Files\apache-maven-3.9.10\bin;C:\cygwin64\bin;C:\Users\rndpo\AppData\Local\Microsoft\WindowsApps;
USERNAME=rndpo
OS=Windows_NT
PROCESSOR_IDENTIFIER=Intel64 Family 6 Model 170 Stepping 4, GenuineIntel



---------------  S Y S T E M  ---------------

OS: Windows 10.0 , 64 bit Build 26100 (10.0.26100.4484)

CPU:total 14 (initial active 14) (7 cores per cpu, 2 threads per core) family 6 model 170 stepping 4, cmov, cx8, fxsr, mmx, sse, sse2, sse3, ssse3, sse4.1, sse4.2, popcnt, avx, avx2, aes, clmul, erms, 3dnowpref, lzcnt, ht, tsc, tscinvbit, bmi1, bmi2, adx

Memory: 4k page, physical 8020176k(724988k free), swap 16526884k(858576k free)

vm_info: Java HotSpot(TM) 64-Bit Server VM (25.202-b08) for windows-amd64 JRE (1.8.0_202-b08), built on Dec 15 2018 19:54:30 by "java_re" with MS VC++ 10.0 (VS2010)

time: Mon Jul 28 15:13:05 2025
timezone: Malay Peninsula Standard Time
elapsed time: 17 seconds (0d 0h 0m 17s)

